2026-04-03 07:01:37 INFO  [main] c.e.EMILoan.EmiLoanApplicationTests - Starting EmiLoanApplicationTests using Java 21.0.10 with PID 15228 (started by Om.Kariya in C:\Users\om.kariya\Documents\EMILoan\EMILoan)
2026-04-03 07:01:37 INFO  [main] c.e.EMILoan.EmiLoanApplicationTests - No active profile set, falling back to 1 default profile: "default"
2026-04-03 07:01:39 INFO  [main] o.s.d.r.c.RepositoryConfigurationDelegate - Bootstrapping Spring Data JPA repositories in DEFAULT mode.
2026-04-03 07:01:40 INFO  [main] o.s.d.r.c.RepositoryConfigurationDelegate - Finished Spring Data repository scanning in 226 ms. Found 12 JPA repository interfaces.
2026-04-03 07:01:41 INFO  [main] com.zaxxer.hikari.HikariDataSource - HikariPool-1 - Starting...
2026-04-03 07:01:42 INFO  [main] com.zaxxer.hikari.pool.HikariPool - HikariPool-1 - Added connection org.postgresql.jdbc.PgConnection@2fea9a7b
2026-04-03 07:01:42 INFO  [main] com.zaxxer.hikari.HikariDataSource - HikariPool-1 - Start completed.
2026-04-03 07:01:42 INFO  [main] org.flywaydb.core.FlywayExecutor - Database: jdbc:postgresql://localhost:5432/emi_scheduler (PostgreSQL 18.3)
2026-04-03 07:01:42 INFO  [main] o.f.core.internal.command.DbValidate - Successfully validated 3 migrations (execution time 00:00.051s)
2026-04-03 07:01:43 INFO  [main] o.f.core.internal.command.DbMigrate - Current version of schema "public": 3
2026-04-03 07:01:43 INFO  [main] o.f.core.internal.command.DbMigrate - Schema "public" is up to date. No migration necessary.
2026-04-03 07:01:45 INFO  [main] o.s.o.j.p.SpringPersistenceUnitInfo - No LoadTimeWeaver setup: ignoring JPA class transformer
2026-04-03 07:01:47 INFO  [main] o.s.o.j.LocalContainerEntityManagerFactoryBean - Initialized JPA EntityManagerFactory for persistence unit 'default'
2026-04-03 07:01:47 INFO  [main] o.s.d.j.r.q.QueryEnhancerFactories - Hibernate is in classpath; If applicable, HQL parser will be used.
2026-04-03 07:01:49 INFO  [main] o.s.s.c.a.a.c.InitializeAuthenticationProviderBeanManagerConfigurer$InitializeAuthenticationProviderManagerConfigurer - Global AuthenticationManager configured with AuthenticationProvider bean with name authenticationProvider
2026-04-03 07:01:53 INFO  [main] c.e.EMILoan.EmiLoanApplicationTests - Started EmiLoanApplicationTests in 17.284 seconds (process running for 19.875)
2026-04-03 07:01:55 INFO  [SpringApplicationShutdownHook] o.s.o.j.LocalContainerEntityManagerFactoryBean - Closing JPA EntityManagerFactory for persistence unit 'default'
2026-04-03 07:01:55 INFO  [SpringApplicationShutdownHook] com.zaxxer.hikari.HikariDataSource - HikariPool-1 - Shutdown initiated...
2026-04-03 07:01:55 INFO  [SpringApplicationShutdownHook] com.zaxxer.hikari.HikariDataSource - HikariPool-1 - Shutdown completed.
2026-04-03 07:54:39 INFO  [main] c.e.EMILoan.EmiLoanApplicationTests - Starting EmiLoanApplicationTests using Java 21.0.10 with PID 10588 (started by Om.Kariya in C:\Users\om.kariya\Documents\EMILoan\EMILoan)
2026-04-03 07:54:39 INFO  [main] c.e.EMILoan.EmiLoanApplicationTests - No active profile set, falling back to 1 default profile: "default"
2026-04-03 07:54:52 INFO  [main] o.s.d.r.c.RepositoryConfigurationDelegate - Bootstrapping Spring Data JPA repositories in DEFAULT mode.
2026-04-03 07:54:52 INFO  [main] o.s.d.r.c.RepositoryConfigurationDelegate - Finished Spring Data repository scanning in 531 ms. Found 12 JPA repository interfaces.
2026-04-03 07:54:56 INFO  [main] com.zaxxer.hikari.HikariDataSource - HikariPool-1 - Starting...
2026-04-03 07:54:57 INFO  [main] com.zaxxer.hikari.pool.HikariPool - HikariPool-1 - Added connection org.postgresql.jdbc.PgConnection@3dfc59c5
2026-04-03 07:54:57 INFO  [main] com.zaxxer.hikari.HikariDataSource - HikariPool-1 - Start completed.
2026-04-03 07:54:57 INFO  [main] org.flywaydb.core.FlywayExecutor - Database: jdbc:postgresql://localhost:5432/emi_scheduler (PostgreSQL 18.3)
2026-04-03 07:54:58 INFO  [main] o.f.core.internal.command.DbValidate - Successfully validated 3 migrations (execution time 00:00.099s)
2026-04-03 07:54:58 INFO  [main] o.f.core.internal.command.DbMigrate - Current version of schema "public": 3
2026-04-03 07:54:58 INFO  [main] o.f.core.internal.command.DbMigrate - Schema "public" is up to date. No migration necessary.
2026-04-03 07:55:06 INFO  [main] o.s.o.j.p.SpringPersistenceUnitInfo - No LoadTimeWeaver setup: ignoring JPA class transformer
2026-04-03 07:55:13 INFO  [main] o.s.o.j.LocalContainerEntityManagerFactoryBean - Initialized JPA EntityManagerFactory for persistence unit 'default'
2026-04-03 07:55:14 INFO  [main] o.s.d.j.r.q.QueryEnhancerFactories - Hibernate is in classpath; If applicable, HQL parser will be used.
2026-04-03 07:55:19 INFO  [main] o.s.s.c.a.a.c.InitializeAuthenticationProviderBeanManagerConfigurer$InitializeAuthenticationProviderManagerConfigurer - Global AuthenticationManager configured with AuthenticationProvider bean with name authenticationProvider
2026-04-03 07:55:27 INFO  [main] c.e.EMILoan.EmiLoanApplicationTests - Started EmiLoanApplicationTests in 56.64 seconds (process running for 72.286)
2026-04-03 07:55:41 INFO  [SpringApplicationShutdownHook] o.s.o.j.LocalContainerEntityManagerFactoryBean - Closing JPA EntityManagerFactory for persistence unit 'default'
2026-04-03 07:55:41 INFO  [SpringApplicationShutdownHook] com.zaxxer.hikari.HikariDataSource - HikariPool-1 - Shutdown initiated...
2026-04-03 07:55:41 INFO  [SpringApplicationShutdownHook] com.zaxxer.hikari.HikariDataSource - HikariPool-1 - Shutdown completed.
