2026-03-31 14:33:29 INFO  org.hibernate.validator.internal.util.Version - HV000001: Hibernate Validator 9.0.1.Final
2026-03-31 14:33:29 INFO  com.emiLoan.EMILoan.EmiLoanApplication - Starting EmiLoanApplication using Java 21.0.10 with PID 14596 (C:\DIvyarajsinh\LoanEMIScheduler\EMILoan\target\classes started by Divyarajsinh.Sindhav in C:\DIvyarajsinh\LoanEMIScheduler)
2026-03-31 14:33:29 INFO  com.emiLoan.EMILoan.EmiLoanApplication - No active profile set, falling back to 1 default profile: "default"
2026-03-31 14:33:31 INFO  org.springframework.data.repository.config.RepositoryConfigurationDelegate - Bootstrapping Spring Data JPA repositories in DEFAULT mode.
2026-03-31 14:33:31 INFO  org.springframework.data.repository.config.RepositoryConfigurationDelegate - Finished Spring Data repository scanning in 196 ms. Found 12 JPA repository interfaces.
2026-03-31 14:33:33 INFO  org.springframework.boot.tomcat.TomcatWebServer - Tomcat initialized with port 8080 (http)
2026-03-31 14:33:33 INFO  org.apache.coyote.http11.Http11NioProtocol - Initializing ProtocolHandler ["http-nio-8080"]
2026-03-31 14:33:33 INFO  org.apache.catalina.core.StandardService - Starting service [Tomcat]
2026-03-31 14:33:33 INFO  org.apache.catalina.core.StandardEngine - Starting Servlet engine: [Apache Tomcat/11.0.18]
2026-03-31 14:33:33 INFO  org.springframework.boot.web.context.servlet.WebApplicationContextInitializer - Root WebApplicationContext: initialization completed in 3454 ms
2026-03-31 14:33:33 INFO  com.zaxxer.hikari.HikariDataSource - HikariPool-1 - Starting...
2026-03-31 14:33:34 INFO  com.zaxxer.hikari.pool.HikariPool - HikariPool-1 - Added connection org.postgresql.jdbc.PgConnection@49c83262
2026-03-31 14:33:34 INFO  com.zaxxer.hikari.HikariDataSource - HikariPool-1 - Start completed.
2026-03-31 14:33:34 INFO  org.flywaydb.core.FlywayExecutor - Database: jdbc:postgresql://localhost:5432/emi_scheduler (PostgreSQL 18.3)
2026-03-31 14:33:35 INFO  org.flywaydb.core.internal.command.DbValidate - Successfully validated 1 migration (execution time 00:00.099s)
2026-03-31 14:33:35 INFO  org.flywaydb.core.internal.command.DbMigrate - Current version of schema "public": 1
2026-03-31 14:33:35 INFO  org.flywaydb.core.internal.command.DbMigrate - Schema "public" is up to date. No migration necessary.
2026-03-31 14:33:35 INFO  org.hibernate.orm.jpa - HHH008540: Processing PersistenceUnitInfo [name: default]
2026-03-31 14:33:36 INFO  org.hibernate.orm.core - HHH000001: Hibernate ORM core version 7.2.7.Final
2026-03-31 14:33:37 INFO  org.springframework.orm.jpa.persistenceunit.SpringPersistenceUnitInfo - No LoadTimeWeaver setup: ignoring JPA class transformer
2026-03-31 14:33:37 WARN  org.hibernate.orm.deprecation - HHH90000021: Encountered deprecated setting [hibernate.temp.use_jdbc_metadata_defaults], use [hibernate.boot.allow_jdbc_metadata_access] instead
2026-03-31 14:33:37 WARN  org.hibernate.orm.deprecation - HHH90000025: PostgreSQLDialect does not need to be specified explicitly using 'hibernate.dialect' (remove the property setting and it will be selected by default)
2026-03-31 14:33:37 INFO  org.hibernate.orm.connections.pooling - HHH10001005: Database info:
	Database JDBC URL [undefined/unknown]
	Database driver: undefined/unknown
	Database dialect: PostgreSQLDialect
	Database version: 13.0
	Default catalog/schema: unknown/unknown
	Autocommit mode: undefined/unknown
	Isolation level: <unknown>
	JDBC fetch size: undefined/unknown
	Pool: undefined/unknown
	Minimum pool size: undefined/unknown
	Maximum pool size: undefined/unknown
2026-03-31 14:33:40 INFO  org.hibernate.orm.core - HHH000489: No JTA platform available (set 'hibernate.transaction.jta.platform' to enable JTA platform integration)
2026-03-31 14:33:40 INFO  org.springframework.orm.jpa.LocalContainerEntityManagerFactoryBean - Initialized JPA EntityManagerFactory for persistence unit 'default'
2026-03-31 14:33:41 INFO  org.springframework.data.jpa.repository.query.QueryEnhancerFactories - Hibernate is in classpath; If applicable, HQL parser will be used.
2026-03-31 14:33:42 INFO  org.springframework.security.config.annotation.authentication.configuration.InitializeAuthenticationProviderBeanManagerConfigurer$InitializeAuthenticationProviderManagerConfigurer - Global AuthenticationManager configured with AuthenticationProvider bean with name authenticationProvider
2026-03-31 14:33:42 WARN  org.springframework.security.config.annotation.authentication.configuration.InitializeUserDetailsBeanManagerConfigurer$InitializeUserDetailsManagerConfigurer - Global AuthenticationManager configured with an AuthenticationProvider bean. UserDetailsService beans will not be used by Spring Security for automatically configuring username/password login. Consider removing the AuthenticationProvider bean. Alternatively, consider using the UserDetailsService in a manually instantiated DaoAuthenticationProvider. If the current configuration is intentional, to turn off this warning, increase the logging level of 'org.springframework.security.config.annotation.authentication.configuration.InitializeUserDetailsBeanManagerConfigurer' to ERROR
2026-03-31 14:33:43 WARN  org.springframework.boot.jpa.autoconfigure.JpaBaseConfiguration$JpaWebConfiguration - spring.jpa.open-in-view is enabled by default. Therefore, database queries may be performed during view rendering. Explicitly configure spring.jpa.open-in-view to disable this warning
2026-03-31 14:33:44 INFO  org.apache.coyote.http11.Http11NioProtocol - Starting ProtocolHandler ["http-nio-8080"]
2026-03-31 14:33:44 INFO  org.springframework.boot.tomcat.TomcatWebServer - Tomcat started on port 8080 (http) with context path '/'
2026-03-31 14:33:44 INFO  com.emiLoan.EMILoan.EmiLoanApplication - Started EmiLoanApplication in 15.954 seconds (process running for 16.936)
2026-03-31 14:33:45 DEBUG org.hibernate.SQL - 
    select
        r1_0.role_id,
        r1_0.created_at,
        r1_0.description,
        r1_0.role_name 
    from
        roles r1_0 
    where
        r1_0.role_name=?
2026-03-31 14:33:45 DEBUG org.hibernate.SQL - 
    select
        r1_0.role_id,
        r1_0.created_at,
        r1_0.description,
        r1_0.role_name 
    from
        roles r1_0 
    where
        r1_0.role_name=?
2026-03-31 14:33:45 DEBUG org.hibernate.SQL - 
    select
        r1_0.role_id,
        r1_0.created_at,
        r1_0.description,
        r1_0.role_name 
    from
        roles r1_0 
    where
        r1_0.role_name=?
2026-03-31 14:33:45 DEBUG org.hibernate.SQL - 
    select
        u1_0.user_id,
        u1_0.created_at,
        u1_0.deleted_at,
        u1_0.deleted_by,
        u1_0.email,
        u1_0.first_name,
        u1_0.is_active,
        u1_0.is_deleted,
        u1_0.last_name,
        u1_0.password,
        u1_0.person_id,
        u1_0.phone,
        u1_0.role_id,
        u1_0.updated_at,
        u1_0.user_code 
    from
        users u1_0 
    where
        (
            u1_0.is_deleted = false
        ) 
        and u1_0.email=?
2026-03-31 14:33:45 WARN  org.springdoc.core.events.SpringDocAppInitializer - SpringDoc /v3/api-docs endpoint is enabled by default. To disable it in production, set the property 'springdoc.api-docs.enabled=false'
2026-03-31 14:33:45 WARN  org.springdoc.core.events.SpringDocAppInitializer - SpringDoc /swagger-ui.html endpoint is enabled by default. To disable it in production, set the property 'springdoc.swagger-ui.enabled=false'
2026-03-31 15:27:54 INFO  org.hibernate.validator.internal.util.Version - HV000001: Hibernate Validator 9.0.1.Final
2026-03-31 15:27:54 INFO  com.emiLoan.EMILoan.EmiLoanApplication - Starting EmiLoanApplication using Java 21.0.10 with PID 3888 (C:\Users\om.kariya\Documents\EMILoan\EMILoan\target\classes started by Om.Kariya in C:\Users\om.kariya\Documents\EMILoan)
2026-03-31 15:27:54 INFO  com.emiLoan.EMILoan.EmiLoanApplication - No active profile set, falling back to 1 default profile: "default"
2026-03-31 15:27:56 INFO  org.springframework.data.repository.config.RepositoryConfigurationDelegate - Bootstrapping Spring Data JPA repositories in DEFAULT mode.
2026-03-31 15:27:56 INFO  org.springframework.data.repository.config.RepositoryConfigurationDelegate - Finished Spring Data repository scanning in 170 ms. Found 12 JPA repository interfaces.
2026-03-31 15:27:57 INFO  org.springframework.boot.tomcat.TomcatWebServer - Tomcat initialized with port 8080 (http)
2026-03-31 15:27:57 INFO  org.apache.coyote.http11.Http11NioProtocol - Initializing ProtocolHandler ["http-nio-8080"]
2026-03-31 15:27:57 INFO  org.apache.catalina.core.StandardService - Starting service [Tomcat]
2026-03-31 15:27:57 INFO  org.apache.catalina.core.StandardEngine - Starting Servlet engine: [Apache Tomcat/11.0.18]
2026-03-31 15:27:57 INFO  org.springframework.boot.web.context.servlet.WebApplicationContextInitializer - Root WebApplicationContext: initialization completed in 3415 ms
2026-03-31 15:27:58 INFO  com.zaxxer.hikari.HikariDataSource - HikariPool-1 - Starting...
2026-03-31 15:27:58 INFO  com.zaxxer.hikari.pool.HikariPool - HikariPool-1 - Added connection org.postgresql.jdbc.PgConnection@a2df0d5
2026-03-31 15:27:58 INFO  com.zaxxer.hikari.HikariDataSource - HikariPool-1 - Start completed.
2026-03-31 15:27:58 INFO  org.flywaydb.core.FlywayExecutor - Database: jdbc:postgresql://localhost:5432/emi_scheduler (PostgreSQL 18.3)
2026-03-31 15:27:58 INFO  org.flywaydb.core.internal.command.DbValidate - Successfully validated 2 migrations (execution time 00:00.055s)
2026-03-31 15:27:58 INFO  org.flywaydb.core.internal.command.DbMigrate - Current version of schema "public": 2
2026-03-31 15:27:58 INFO  org.flywaydb.core.internal.command.DbMigrate - Schema "public" is up to date. No migration necessary.
2026-03-31 15:27:59 INFO  org.hibernate.orm.jpa - HHH008540: Processing PersistenceUnitInfo [name: default]
2026-03-31 15:27:59 INFO  org.hibernate.orm.core - HHH000001: Hibernate ORM core version 7.2.7.Final
2026-03-31 15:28:00 INFO  org.springframework.orm.jpa.persistenceunit.SpringPersistenceUnitInfo - No LoadTimeWeaver setup: ignoring JPA class transformer
2026-03-31 15:28:00 WARN  org.hibernate.orm.deprecation - HHH90000021: Encountered deprecated setting [hibernate.temp.use_jdbc_metadata_defaults], use [hibernate.boot.allow_jdbc_metadata_access] instead
2026-03-31 15:28:00 WARN  org.hibernate.orm.deprecation - HHH90000025: PostgreSQLDialect does not need to be specified explicitly using 'hibernate.dialect' (remove the property setting and it will be selected by default)
2026-03-31 15:28:00 INFO  org.hibernate.orm.connections.pooling - HHH10001005: Database info:
	Database JDBC URL [undefined/unknown]
	Database driver: undefined/unknown
	Database dialect: PostgreSQLDialect
	Database version: 13.0
	Default catalog/schema: unknown/unknown
	Autocommit mode: undefined/unknown
	Isolation level: <unknown>
	JDBC fetch size: undefined/unknown
	Pool: undefined/unknown
	Minimum pool size: undefined/unknown
	Maximum pool size: undefined/unknown
2026-03-31 15:28:02 INFO  org.hibernate.orm.core - HHH000489: No JTA platform available (set 'hibernate.transaction.jta.platform' to enable JTA platform integration)
2026-03-31 15:28:02 INFO  org.springframework.orm.jpa.LocalContainerEntityManagerFactoryBean - Initialized JPA EntityManagerFactory for persistence unit 'default'
2026-03-31 15:28:02 INFO  org.springframework.data.jpa.repository.query.QueryEnhancerFactories - Hibernate is in classpath; If applicable, HQL parser will be used.
2026-03-31 15:28:03 INFO  org.springframework.security.config.annotation.authentication.configuration.InitializeAuthenticationProviderBeanManagerConfigurer$InitializeAuthenticationProviderManagerConfigurer - Global AuthenticationManager configured with AuthenticationProvider bean with name authenticationProvider
2026-03-31 15:28:03 WARN  org.springframework.security.config.annotation.authentication.configuration.InitializeUserDetailsBeanManagerConfigurer$InitializeUserDetailsManagerConfigurer - Global AuthenticationManager configured with an AuthenticationProvider bean. UserDetailsService beans will not be used by Spring Security for automatically configuring username/password login. Consider removing the AuthenticationProvider bean. Alternatively, consider using the UserDetailsService in a manually instantiated DaoAuthenticationProvider. If the current configuration is intentional, to turn off this warning, increase the logging level of 'org.springframework.security.config.annotation.authentication.configuration.InitializeUserDetailsBeanManagerConfigurer' to ERROR
2026-03-31 15:28:04 WARN  org.springframework.boot.jpa.autoconfigure.JpaBaseConfiguration$JpaWebConfiguration - spring.jpa.open-in-view is enabled by default. Therefore, database queries may be performed during view rendering. Explicitly configure spring.jpa.open-in-view to disable this warning
2026-03-31 15:28:05 INFO  org.apache.coyote.http11.Http11NioProtocol - Starting ProtocolHandler ["http-nio-8080"]
2026-03-31 15:28:05 INFO  org.springframework.boot.tomcat.TomcatWebServer - Tomcat started on port 8080 (http) with context path '/'
2026-03-31 15:28:05 INFO  com.emiLoan.EMILoan.EmiLoanApplication - Started EmiLoanApplication in 12.287 seconds (process running for 13.631)
2026-03-31 15:28:05 DEBUG org.hibernate.SQL - 
    select
        r1_0.role_id,
        r1_0.created_at,
        r1_0.description,
        r1_0.role_name 
    from
        roles r1_0 
    where
        r1_0.role_name=?
2026-03-31 15:28:05 DEBUG org.hibernate.SQL - 
    select
        r1_0.role_id,
        r1_0.created_at,
        r1_0.description,
        r1_0.role_name 
    from
        roles r1_0 
    where
        r1_0.role_name=?
2026-03-31 15:28:05 DEBUG org.hibernate.SQL - 
    select
        r1_0.role_id,
        r1_0.created_at,
        r1_0.description,
        r1_0.role_name 
    from
        roles r1_0 
    where
        r1_0.role_name=?
2026-03-31 15:28:05 DEBUG org.hibernate.SQL - 
    select
        u1_0.user_id,
        u1_0.created_at,
        u1_0.deleted_at,
        u1_0.deleted_by,
        u1_0.email,
        u1_0.first_name,
        u1_0.is_active,
        u1_0.is_deleted,
        u1_0.last_name,
        u1_0.password,
        u1_0.person_id,
        u1_0.phone,
        u1_0.role_id,
        u1_0.updated_at,
        u1_0.user_code 
    from
        users u1_0 
    where
        (
            u1_0.is_deleted = false
        ) 
        and u1_0.email=?
2026-03-31 15:28:05 WARN  org.springdoc.core.events.SpringDocAppInitializer - SpringDoc /v3/api-docs endpoint is enabled by default. To disable it in production, set the property 'springdoc.api-docs.enabled=false'
2026-03-31 15:28:05 WARN  org.springdoc.core.events.SpringDocAppInitializer - SpringDoc /swagger-ui.html endpoint is enabled by default. To disable it in production, set the property 'springdoc.swagger-ui.enabled=false'
2026-03-31 15:28:53 INFO  org.apache.catalina.core.ContainerBase.[Tomcat].[localhost].[/] - Initializing Spring DispatcherServlet 'dispatcherServlet'
2026-03-31 15:28:53 INFO  org.springframework.web.servlet.DispatcherServlet - Initializing Servlet 'dispatcherServlet'
2026-03-31 15:28:53 INFO  org.springframework.web.servlet.DispatcherServlet - Completed initialization in 2 ms
2026-03-31 15:28:53 INFO  com.emiLoan.EMILoan.controller.auth.AuthController - Login request: om.kariya@tssconsultancy.com
2026-03-31 15:28:53 DEBUG org.hibernate.SQL - 
    select
        u1_0.user_id,
        u1_0.created_at,
        u1_0.deleted_at,
        u1_0.deleted_by,
        u1_0.email,
        u1_0.first_name,
        u1_0.is_active,
        u1_0.is_deleted,
        u1_0.last_name,
        u1_0.password,
        u1_0.person_id,
        u1_0.phone,
        u1_0.role_id,
        u1_0.updated_at,
        u1_0.user_code 
    from
        users u1_0 
    where
        (
            u1_0.is_deleted = false
        ) 
        and u1_0.email=?
2026-03-31 15:28:53 DEBUG org.hibernate.SQL - 
    select
        r1_0.role_id,
        r1_0.created_at,
        r1_0.description,
        r1_0.role_name 
    from
        roles r1_0 
    where
        r1_0.role_id=?
2026-03-31 15:28:53 DEBUG org.hibernate.SQL - 
    select
        u1_0.user_id,
        u1_0.created_at,
        u1_0.deleted_at,
        u1_0.deleted_by,
        u1_0.email,
        u1_0.first_name,
        u1_0.is_active,
        u1_0.is_deleted,
        u1_0.last_name,
        u1_0.password,
        u1_0.person_id,
        u1_0.phone,
        u1_0.role_id,
        u1_0.updated_at,
        u1_0.user_code 
    from
        users u1_0 
    where
        (
            u1_0.is_deleted = false
        ) 
        and u1_0.email=?
2026-03-31 15:28:53 DEBUG org.hibernate.SQL - 
    select
        pi1_0.person_id,
        pi1_0.created_at,
        pi1_0.pan_first3,
        pi1_0.pan_hash,
        pi1_0.pan_last2,
        pi1_0.person_code,
        pi1_0.updated_at 
    from
        person_identity pi1_0 
    where
        pi1_0.person_id=?
2026-03-31 15:28:59 INFO  com.emiLoan.EMILoan.service.impl.NotificationServiceImpl - Email successfully sent to om.kariya@tssconsultancy.com
2026-03-31 15:29:00 DEBUG org.hibernate.SQL - 
    insert 
    into
        notifications
        (deleted_at, deleted_by, email, emi_id, is_deleted, loan_id, message, sent_at, status, subject, user_id, notification_id) 
    values
        (?, ?, ?, ?, ?, ?, ?, ?, ?, ?, ?, ?)
2026-03-31 15:30:19 INFO  org.springframework.boot.tomcat.GracefulShutdown - Commencing graceful shutdown. Waiting for active requests to complete
2026-03-31 15:30:19 INFO  org.springframework.boot.tomcat.GracefulShutdown - Graceful shutdown complete
2026-03-31 15:30:20 INFO  org.springframework.orm.jpa.LocalContainerEntityManagerFactoryBean - Closing JPA EntityManagerFactory for persistence unit 'default'
2026-03-31 15:30:20 INFO  com.zaxxer.hikari.HikariDataSource - HikariPool-1 - Shutdown initiated...
2026-03-31 15:30:20 INFO  com.zaxxer.hikari.HikariDataSource - HikariPool-1 - Shutdown completed.
2026-03-31 15:30:24 INFO  org.hibernate.validator.internal.util.Version - HV000001: Hibernate Validator 9.0.1.Final
2026-03-31 15:30:24 INFO  com.emiLoan.EMILoan.EmiLoanApplication - Starting EmiLoanApplication using Java 21.0.10 with PID 732 (C:\Users\om.kariya\Documents\EMILoan\EMILoan\target\classes started by Om.Kariya in C:\Users\om.kariya\Documents\EMILoan)
2026-03-31 15:30:24 INFO  com.emiLoan.EMILoan.EmiLoanApplication - No active profile set, falling back to 1 default profile: "default"
2026-03-31 15:30:26 INFO  org.springframework.data.repository.config.RepositoryConfigurationDelegate - Bootstrapping Spring Data JPA repositories in DEFAULT mode.
2026-03-31 15:30:26 INFO  org.springframework.data.repository.config.RepositoryConfigurationDelegate - Finished Spring Data repository scanning in 150 ms. Found 12 JPA repository interfaces.
2026-03-31 15:30:27 INFO  org.springframework.boot.tomcat.TomcatWebServer - Tomcat initialized with port 8080 (http)
2026-03-31 15:30:27 INFO  org.apache.coyote.http11.Http11NioProtocol - Initializing ProtocolHandler ["http-nio-8080"]
2026-03-31 15:30:27 INFO  org.apache.catalina.core.StandardService - Starting service [Tomcat]
2026-03-31 15:30:27 INFO  org.apache.catalina.core.StandardEngine - Starting Servlet engine: [Apache Tomcat/11.0.18]
2026-03-31 15:30:27 INFO  org.springframework.boot.web.context.servlet.WebApplicationContextInitializer - Root WebApplicationContext: initialization completed in 2856 ms
2026-03-31 15:30:28 INFO  com.zaxxer.hikari.HikariDataSource - HikariPool-1 - Starting...
2026-03-31 15:30:28 INFO  com.zaxxer.hikari.pool.HikariPool - HikariPool-1 - Added connection org.postgresql.jdbc.PgConnection@247bbfba
2026-03-31 15:30:28 INFO  com.zaxxer.hikari.HikariDataSource - HikariPool-1 - Start completed.
2026-03-31 15:30:28 INFO  org.flywaydb.core.FlywayExecutor - Database: jdbc:postgresql://localhost:5432/emi_scheduler (PostgreSQL 18.3)
2026-03-31 15:30:28 INFO  org.flywaydb.core.internal.command.DbValidate - Successfully validated 2 migrations (execution time 00:00.033s)
2026-03-31 15:30:28 INFO  org.flywaydb.core.internal.command.DbMigrate - Current version of schema "public": 2
2026-03-31 15:30:28 INFO  org.flywaydb.core.internal.command.DbMigrate - Schema "public" is up to date. No migration necessary.
2026-03-31 15:30:28 INFO  org.hibernate.orm.jpa - HHH008540: Processing PersistenceUnitInfo [name: default]
2026-03-31 15:30:29 INFO  org.hibernate.orm.core - HHH000001: Hibernate ORM core version 7.2.7.Final
2026-03-31 15:30:30 INFO  org.springframework.orm.jpa.persistenceunit.SpringPersistenceUnitInfo - No LoadTimeWeaver setup: ignoring JPA class transformer
2026-03-31 15:30:30 WARN  org.hibernate.orm.deprecation - HHH90000021: Encountered deprecated setting [hibernate.temp.use_jdbc_metadata_defaults], use [hibernate.boot.allow_jdbc_metadata_access] instead
2026-03-31 15:30:30 WARN  org.hibernate.orm.deprecation - HHH90000025: PostgreSQLDialect does not need to be specified explicitly using 'hibernate.dialect' (remove the property setting and it will be selected by default)
2026-03-31 15:30:30 INFO  org.hibernate.orm.connections.pooling - HHH10001005: Database info:
	Database JDBC URL [undefined/unknown]
	Database driver: undefined/unknown
	Database dialect: PostgreSQLDialect
	Database version: 13.0
	Default catalog/schema: unknown/unknown
	Autocommit mode: undefined/unknown
	Isolation level: <unknown>
	JDBC fetch size: undefined/unknown
	Pool: undefined/unknown
	Minimum pool size: undefined/unknown
	Maximum pool size: undefined/unknown
2026-03-31 15:30:31 INFO  org.hibernate.orm.core - HHH000489: No JTA platform available (set 'hibernate.transaction.jta.platform' to enable JTA platform integration)
2026-03-31 15:30:32 INFO  org.springframework.orm.jpa.LocalContainerEntityManagerFactoryBean - Initialized JPA EntityManagerFactory for persistence unit 'default'
2026-03-31 15:30:32 INFO  org.springframework.data.jpa.repository.query.QueryEnhancerFactories - Hibernate is in classpath; If applicable, HQL parser will be used.
2026-03-31 15:30:33 INFO  org.springframework.security.config.annotation.authentication.configuration.InitializeAuthenticationProviderBeanManagerConfigurer$InitializeAuthenticationProviderManagerConfigurer - Global AuthenticationManager configured with AuthenticationProvider bean with name authenticationProvider
2026-03-31 15:30:33 WARN  org.springframework.security.config.annotation.authentication.configuration.InitializeUserDetailsBeanManagerConfigurer$InitializeUserDetailsManagerConfigurer - Global AuthenticationManager configured with an AuthenticationProvider bean. UserDetailsService beans will not be used by Spring Security for automatically configuring username/password login. Consider removing the AuthenticationProvider bean. Alternatively, consider using the UserDetailsService in a manually instantiated DaoAuthenticationProvider. If the current configuration is intentional, to turn off this warning, increase the logging level of 'org.springframework.security.config.annotation.authentication.configuration.InitializeUserDetailsBeanManagerConfigurer' to ERROR
2026-03-31 15:30:34 WARN  org.springframework.boot.jpa.autoconfigure.JpaBaseConfiguration$JpaWebConfiguration - spring.jpa.open-in-view is enabled by default. Therefore, database queries may be performed during view rendering. Explicitly configure spring.jpa.open-in-view to disable this warning
2026-03-31 15:30:35 INFO  org.apache.coyote.http11.Http11NioProtocol - Starting ProtocolHandler ["http-nio-8080"]
2026-03-31 15:30:35 INFO  org.springframework.boot.tomcat.TomcatWebServer - Tomcat started on port 8080 (http) with context path '/'
2026-03-31 15:30:35 INFO  com.emiLoan.EMILoan.EmiLoanApplication - Started EmiLoanApplication in 11.367 seconds (process running for 12.698)
2026-03-31 15:30:35 DEBUG org.hibernate.SQL - 
    select
        r1_0.role_id,
        r1_0.created_at,
        r1_0.description,
        r1_0.role_name 
    from
        roles r1_0 
    where
        r1_0.role_name=?
2026-03-31 15:30:35 DEBUG org.hibernate.SQL - 
    select
        r1_0.role_id,
        r1_0.created_at,
        r1_0.description,
        r1_0.role_name 
    from
        roles r1_0 
    where
        r1_0.role_name=?
2026-03-31 15:30:35 DEBUG org.hibernate.SQL - 
    select
        r1_0.role_id,
        r1_0.created_at,
        r1_0.description,
        r1_0.role_name 
    from
        roles r1_0 
    where
        r1_0.role_name=?
2026-03-31 15:30:35 DEBUG org.hibernate.SQL - 
    select
        u1_0.user_id,
        u1_0.created_at,
        u1_0.deleted_at,
        u1_0.deleted_by,
        u1_0.email,
        u1_0.first_name,
        u1_0.is_active,
        u1_0.is_deleted,
        u1_0.last_name,
        u1_0.password,
        u1_0.person_id,
        u1_0.phone,
        u1_0.role_id,
        u1_0.updated_at,
        u1_0.user_code 
    from
        users u1_0 
    where
        (
            u1_0.is_deleted = false
        ) 
        and u1_0.email=?
2026-03-31 15:30:35 WARN  org.springdoc.core.events.SpringDocAppInitializer - SpringDoc /v3/api-docs endpoint is enabled by default. To disable it in production, set the property 'springdoc.api-docs.enabled=false'
2026-03-31 15:30:35 WARN  org.springdoc.core.events.SpringDocAppInitializer - SpringDoc /swagger-ui.html endpoint is enabled by default. To disable it in production, set the property 'springdoc.swagger-ui.enabled=false'
2026-03-31 15:30:47 INFO  org.apache.catalina.core.ContainerBase.[Tomcat].[localhost].[/] - Initializing Spring DispatcherServlet 'dispatcherServlet'
2026-03-31 15:30:47 INFO  org.springframework.web.servlet.DispatcherServlet - Initializing Servlet 'dispatcherServlet'
2026-03-31 15:30:47 INFO  org.springframework.web.servlet.DispatcherServlet - Completed initialization in 2 ms
2026-03-31 15:30:47 INFO  com.emiLoan.EMILoan.controller.auth.AuthController - Login request: om.kariya@tssconsultancy.com
2026-03-31 15:30:47 DEBUG org.hibernate.SQL - 
    select
        u1_0.user_id,
        u1_0.created_at,
        u1_0.deleted_at,
        u1_0.deleted_by,
        u1_0.email,
        u1_0.first_name,
        u1_0.is_active,
        u1_0.is_deleted,
        u1_0.last_name,
        u1_0.password,
        u1_0.person_id,
        u1_0.phone,
        u1_0.role_id,
        u1_0.updated_at,
        u1_0.user_code 
    from
        users u1_0 
    where
        (
            u1_0.is_deleted = false
        ) 
        and u1_0.email=?
2026-03-31 15:30:47 DEBUG org.hibernate.SQL - 
    select
        r1_0.role_id,
        r1_0.created_at,
        r1_0.description,
        r1_0.role_name 
    from
        roles r1_0 
    where
        r1_0.role_id=?
2026-03-31 15:30:47 DEBUG org.hibernate.SQL - 
    select
        u1_0.user_id,
        u1_0.created_at,
        u1_0.deleted_at,
        u1_0.deleted_by,
        u1_0.email,
        u1_0.first_name,
        u1_0.is_active,
        u1_0.is_deleted,
        u1_0.last_name,
        u1_0.password,
        u1_0.person_id,
        u1_0.phone,
        u1_0.role_id,
        u1_0.updated_at,
        u1_0.user_code 
    from
        users u1_0 
    where
        (
            u1_0.is_deleted = false
        ) 
        and u1_0.email=?
2026-03-31 15:30:47 DEBUG org.hibernate.SQL - 
    select
        pi1_0.person_id,
        pi1_0.created_at,
        pi1_0.pan_first3,
        pi1_0.pan_hash,
        pi1_0.pan_last2,
        pi1_0.person_code,
        pi1_0.updated_at 
    from
        person_identity pi1_0 
    where
        pi1_0.person_id=?
2026-03-31 15:30:53 INFO  com.emiLoan.EMILoan.service.impl.NotificationServiceImpl - Email successfully sent to om.kariya@tssconsultancy.com
2026-03-31 15:30:53 DEBUG org.hibernate.SQL - 
    insert 
    into
        notifications
        (deleted_at, deleted_by, email, emi_id, is_deleted, loan_id, message, sent_at, status, subject, user_id, notification_id) 
    values
        (?, ?, ?, ?, ?, ?, ?, ?, ?, ?, ?, ?)
2026-03-31 15:55:49 INFO  org.springframework.boot.tomcat.GracefulShutdown - Commencing graceful shutdown. Waiting for active requests to complete
2026-03-31 15:55:49 INFO  org.springframework.boot.tomcat.GracefulShutdown - Graceful shutdown complete
2026-03-31 15:55:49 INFO  org.springframework.orm.jpa.LocalContainerEntityManagerFactoryBean - Closing JPA EntityManagerFactory for persistence unit 'default'
2026-03-31 15:55:49 INFO  com.zaxxer.hikari.HikariDataSource - HikariPool-1 - Shutdown initiated...
2026-03-31 15:55:49 INFO  com.zaxxer.hikari.HikariDataSource - HikariPool-1 - Shutdown completed.
2026-03-31 15:56:01 INFO  org.hibernate.validator.internal.util.Version - HV000001: Hibernate Validator 9.0.1.Final
2026-03-31 15:56:02 INFO  com.emiLoan.EMILoan.EmiLoanApplication - Starting EmiLoanApplication using Java 21.0.10 with PID 9740 (C:\Users\om.kariya\Documents\EMILoan\EMILoan\target\classes started by Om.Kariya in C:\Users\om.kariya\Documents\EMILoan)
2026-03-31 15:56:02 INFO  com.emiLoan.EMILoan.EmiLoanApplication - No active profile set, falling back to 1 default profile: "default"
2026-03-31 15:56:04 INFO  org.springframework.data.repository.config.RepositoryConfigurationDelegate - Bootstrapping Spring Data JPA repositories in DEFAULT mode.
2026-03-31 15:56:04 INFO  org.springframework.data.repository.config.RepositoryConfigurationDelegate - Finished Spring Data repository scanning in 176 ms. Found 12 JPA repository interfaces.
2026-03-31 15:56:05 INFO  org.springframework.boot.tomcat.TomcatWebServer - Tomcat initialized with port 8080 (http)
2026-03-31 15:56:05 INFO  org.apache.coyote.http11.Http11NioProtocol - Initializing ProtocolHandler ["http-nio-8080"]
2026-03-31 15:56:05 INFO  org.apache.catalina.core.StandardService - Starting service [Tomcat]
2026-03-31 15:56:05 INFO  org.apache.catalina.core.StandardEngine - Starting Servlet engine: [Apache Tomcat/11.0.18]
2026-03-31 15:56:05 INFO  org.springframework.boot.web.context.servlet.WebApplicationContextInitializer - Root WebApplicationContext: initialization completed in 3108 ms
2026-03-31 15:56:05 INFO  com.zaxxer.hikari.HikariDataSource - HikariPool-1 - Starting...
2026-03-31 15:56:06 INFO  com.zaxxer.hikari.pool.HikariPool - HikariPool-1 - Added connection org.postgresql.jdbc.PgConnection@6dcf7b6a
2026-03-31 15:56:06 INFO  com.zaxxer.hikari.HikariDataSource - HikariPool-1 - Start completed.
2026-03-31 15:56:06 INFO  org.flywaydb.core.FlywayExecutor - Database: jdbc:postgresql://localhost:5432/emi_scheduler (PostgreSQL 18.3)
2026-03-31 15:56:06 INFO  org.flywaydb.core.internal.command.DbValidate - Successfully validated 2 migrations (execution time 00:00.035s)
2026-03-31 15:56:06 INFO  org.flywaydb.core.internal.command.DbMigrate - Current version of schema "public": 2
2026-03-31 15:56:06 INFO  org.flywaydb.core.internal.command.DbMigrate - Schema "public" is up to date. No migration necessary.
2026-03-31 15:56:06 INFO  org.hibernate.orm.jpa - HHH008540: Processing PersistenceUnitInfo [name: default]
2026-03-31 15:56:06 INFO  org.hibernate.orm.core - HHH000001: Hibernate ORM core version 7.2.7.Final
2026-03-31 15:56:07 INFO  org.springframework.orm.jpa.persistenceunit.SpringPersistenceUnitInfo - No LoadTimeWeaver setup: ignoring JPA class transformer
2026-03-31 15:56:07 WARN  org.hibernate.orm.deprecation - HHH90000021: Encountered deprecated setting [hibernate.temp.use_jdbc_metadata_defaults], use [hibernate.boot.allow_jdbc_metadata_access] instead
2026-03-31 15:56:07 WARN  org.hibernate.orm.deprecation - HHH90000025: PostgreSQLDialect does not need to be specified explicitly using 'hibernate.dialect' (remove the property setting and it will be selected by default)
2026-03-31 15:56:07 INFO  org.hibernate.orm.connections.pooling - HHH10001005: Database info:
	Database JDBC URL [undefined/unknown]
	Database driver: undefined/unknown
	Database dialect: PostgreSQLDialect
	Database version: 13.0
	Default catalog/schema: unknown/unknown
	Autocommit mode: undefined/unknown
	Isolation level: <unknown>
	JDBC fetch size: undefined/unknown
	Pool: undefined/unknown
	Minimum pool size: undefined/unknown
	Maximum pool size: undefined/unknown
2026-03-31 15:56:09 INFO  org.hibernate.orm.core - HHH000489: No JTA platform available (set 'hibernate.transaction.jta.platform' to enable JTA platform integration)
2026-03-31 15:56:09 INFO  org.springframework.orm.jpa.LocalContainerEntityManagerFactoryBean - Initialized JPA EntityManagerFactory for persistence unit 'default'
2026-03-31 15:56:09 INFO  org.springframework.data.jpa.repository.query.QueryEnhancerFactories - Hibernate is in classpath; If applicable, HQL parser will be used.
2026-03-31 15:56:10 INFO  org.springframework.security.config.annotation.authentication.configuration.InitializeAuthenticationProviderBeanManagerConfigurer$InitializeAuthenticationProviderManagerConfigurer - Global AuthenticationManager configured with AuthenticationProvider bean with name authenticationProvider
2026-03-31 15:56:10 WARN  org.springframework.security.config.annotation.authentication.configuration.InitializeUserDetailsBeanManagerConfigurer$InitializeUserDetailsManagerConfigurer - Global AuthenticationManager configured with an AuthenticationProvider bean. UserDetailsService beans will not be used by Spring Security for automatically configuring username/password login. Consider removing the AuthenticationProvider bean. Alternatively, consider using the UserDetailsService in a manually instantiated DaoAuthenticationProvider. If the current configuration is intentional, to turn off this warning, increase the logging level of 'org.springframework.security.config.annotation.authentication.configuration.InitializeUserDetailsBeanManagerConfigurer' to ERROR
2026-03-31 15:56:11 WARN  org.springframework.boot.jpa.autoconfigure.JpaBaseConfiguration$JpaWebConfiguration - spring.jpa.open-in-view is enabled by default. Therefore, database queries may be performed during view rendering. Explicitly configure spring.jpa.open-in-view to disable this warning
2026-03-31 15:56:12 INFO  org.apache.coyote.http11.Http11NioProtocol - Starting ProtocolHandler ["http-nio-8080"]
2026-03-31 15:56:12 INFO  org.springframework.boot.tomcat.TomcatWebServer - Tomcat started on port 8080 (http) with context path '/'
2026-03-31 15:56:12 INFO  com.emiLoan.EMILoan.EmiLoanApplication - Started EmiLoanApplication in 11.395 seconds (process running for 12.628)
2026-03-31 15:56:12 DEBUG org.hibernate.SQL - 
    select
        r1_0.role_id,
        r1_0.created_at,
        r1_0.description,
        r1_0.role_name 
    from
        roles r1_0 
    where
        r1_0.role_name=?
2026-03-31 15:56:12 DEBUG org.hibernate.SQL - 
    select
        r1_0.role_id,
        r1_0.created_at,
        r1_0.description,
        r1_0.role_name 
    from
        roles r1_0 
    where
        r1_0.role_name=?
2026-03-31 15:56:12 DEBUG org.hibernate.SQL - 
    select
        r1_0.role_id,
        r1_0.created_at,
        r1_0.description,
        r1_0.role_name 
    from
        roles r1_0 
    where
        r1_0.role_name=?
2026-03-31 15:56:12 DEBUG org.hibernate.SQL - 
    select
        u1_0.user_id,
        u1_0.created_at,
        u1_0.deleted_at,
        u1_0.deleted_by,
        u1_0.email,
        u1_0.first_name,
        u1_0.is_active,
        u1_0.is_deleted,
        u1_0.last_name,
        u1_0.password,
        u1_0.person_id,
        u1_0.phone,
        u1_0.role_id,
        u1_0.updated_at,
        u1_0.user_code 
    from
        users u1_0 
    where
        (
            u1_0.is_deleted = false
        ) 
        and u1_0.email=?
2026-03-31 15:56:12 WARN  org.springdoc.core.events.SpringDocAppInitializer - SpringDoc /v3/api-docs endpoint is enabled by default. To disable it in production, set the property 'springdoc.api-docs.enabled=false'
2026-03-31 15:56:12 WARN  org.springdoc.core.events.SpringDocAppInitializer - SpringDoc /swagger-ui.html endpoint is enabled by default. To disable it in production, set the property 'springdoc.swagger-ui.enabled=false'
2026-03-31 15:58:29 INFO  org.springframework.boot.tomcat.GracefulShutdown - Commencing graceful shutdown. Waiting for active requests to complete
2026-03-31 15:58:29 INFO  org.springframework.boot.tomcat.GracefulShutdown - Graceful shutdown complete
2026-03-31 15:58:29 INFO  org.springframework.orm.jpa.LocalContainerEntityManagerFactoryBean - Closing JPA EntityManagerFactory for persistence unit 'default'
2026-03-31 15:58:29 INFO  com.zaxxer.hikari.HikariDataSource - HikariPool-1 - Shutdown initiated...
2026-03-31 15:58:29 INFO  com.zaxxer.hikari.HikariDataSource - HikariPool-1 - Shutdown completed.
