2026-04-04 09:30:40 DEBUG [scheduling-1] org.hibernate.SQL - 
    select
        es1_0.emi_id,
        es1_0.amount_paid,
        es1_0.due_date,
        es1_0.installment_no,
        es1_0.interest_component,
        es1_0.loan_id,
        es1_0.paid_date,
        es1_0.principal_component,
        es1_0.remaining_balance,
        es1_0.status,
        es1_0.total_emi 
    from
        emi_schedule es1_0 
    where
        es1_0.due_date<? 
        and es1_0.status=?
2026-04-04 09:31:00 INFO  [background-preinit] o.h.validator.internal.util.Version - HV000001: Hibernate Validator 9.0.1.Final
2026-04-04 09:31:05 INFO  [main] org.hibernate.orm.jpa - HHH008540: Processing PersistenceUnitInfo [name: default]
2026-04-04 09:31:05 INFO  [main] org.hibernate.orm.core - HHH000001: Hibernate ORM core version 7.2.7.Final
2026-04-04 09:31:07 WARN  [main] org.hibernate.orm.deprecation - HHH90000021: Encountered deprecated setting [hibernate.temp.use_jdbc_metadata_defaults], use [hibernate.boot.allow_jdbc_metadata_access] instead
2026-04-04 09:31:07 WARN  [main] org.hibernate.orm.deprecation - HHH90000025: PostgreSQLDialect does not need to be specified explicitly using 'hibernate.dialect' (remove the property setting and it will be selected by default)
2026-04-04 09:31:07 INFO  [main] o.hibernate.orm.connections.pooling - HHH10001005: Database info:
	Database JDBC URL [undefined/unknown]
	Database driver: undefined/unknown
	Database dialect: PostgreSQLDialect
	Database version: 13.0
	Default catalog/schema: unknown/unknown
	Autocommit mode: undefined/unknown
	Isolation level: <unknown>
	JDBC fetch size: undefined/unknown
	Pool: undefined/unknown
	Minimum pool size: undefined/unknown
	Maximum pool size: undefined/unknown
2026-04-04 09:31:09 INFO  [main] org.hibernate.orm.core - HHH000489: No JTA platform available (set 'hibernate.transaction.jta.platform' to enable JTA platform integration)
2026-04-04 09:31:13 DEBUG [main] org.hibernate.SQL - 
    select
        r1_0.role_id,
        r1_0.created_at,
        r1_0.description,
        r1_0.role_name 
    from
        roles r1_0 
    where
        r1_0.role_name=?
2026-04-04 09:31:13 DEBUG [main] org.hibernate.SQL - 
    select
        r1_0.role_id,
        r1_0.created_at,
        r1_0.description,
        r1_0.role_name 
    from
        roles r1_0 
    where
        r1_0.role_name=?
2026-04-04 09:31:13 DEBUG [main] org.hibernate.SQL - 
    select
        r1_0.role_id,
        r1_0.created_at,
        r1_0.description,
        r1_0.role_name 
    from
        roles r1_0 
    where
        r1_0.role_name=?
2026-04-04 09:31:13 DEBUG [main] org.hibernate.SQL - 
    select
        u1_0.user_id,
        u1_0.created_at,
        u1_0.deleted_at,
        u1_0.deleted_by,
        u1_0.email,
        u1_0.first_name,
        u1_0.is_active,
        u1_0.is_deleted,
        u1_0.last_name,
        u1_0.password,
        u1_0.person_id,
        u1_0.phone,
        u1_0.role_id,
        u1_0.updated_at,
        u1_0.user_code 
    from
        users u1_0 
    where
        (
            u1_0.is_deleted = false
        ) 
        and u1_0.email=?
2026-04-04 09:31:38 DEBUG [http-nio-8080-exec-2] org.hibernate.SQL - 
    select
        u1_0.user_id,
        u1_0.created_at,
        u1_0.deleted_at,
        u1_0.deleted_by,
        u1_0.email,
        u1_0.first_name,
        u1_0.is_active,
        u1_0.is_deleted,
        u1_0.last_name,
        u1_0.password,
        u1_0.person_id,
        u1_0.phone,
        u1_0.role_id,
        u1_0.updated_at,
        u1_0.user_code 
    from
        users u1_0 
    where
        (
            u1_0.is_deleted = false
        ) 
        and u1_0.email=?
2026-04-04 09:31:38 DEBUG [http-nio-8080-exec-2] org.hibernate.SQL - 
    select
        r1_0.role_id,
        r1_0.created_at,
        r1_0.description,
        r1_0.role_name 
    from
        roles r1_0 
    where
        r1_0.role_id=?
2026-04-04 09:31:38 DEBUG [http-nio-8080-exec-2] org.hibernate.SQL - 
    select
        u1_0.user_id,
        u1_0.created_at,
        u1_0.deleted_at,
        u1_0.deleted_by,
        u1_0.email,
        u1_0.first_name,
        u1_0.is_active,
        u1_0.is_deleted,
        u1_0.last_name,
        u1_0.password,
        u1_0.person_id,
        u1_0.phone,
        u1_0.role_id,
        u1_0.updated_at,
        u1_0.user_code 
    from
        users u1_0 
    where
        (
            u1_0.is_deleted = false
        ) 
        and u1_0.email=?
2026-04-04 09:31:46 DEBUG [task-1] org.hibernate.SQL - 
    insert 
    into
        notifications
        (deleted_at, deleted_by, email, emi_id, is_deleted, loan_id, message, sent_at, status, subject, user_id, notification_id) 
    values
        (?, ?, ?, ?, ?, ?, ?, ?, ?, ?, ?, ?)
2026-04-04 09:33:00 INFO  [background-preinit] o.h.validator.internal.util.Version - HV000001: Hibernate Validator 9.0.1.Final
2026-04-04 09:33:16 INFO  [main] org.hibernate.orm.jpa - HHH008540: Processing PersistenceUnitInfo [name: default]
2026-04-04 09:33:17 INFO  [main] org.hibernate.orm.core - HHH000001: Hibernate ORM core version 7.2.7.Final
2026-04-04 09:33:20 WARN  [main] org.hibernate.orm.deprecation - HHH90000021: Encountered deprecated setting [hibernate.temp.use_jdbc_metadata_defaults], use [hibernate.boot.allow_jdbc_metadata_access] instead
2026-04-04 09:33:20 WARN  [main] org.hibernate.orm.deprecation - HHH90000025: PostgreSQLDialect does not need to be specified explicitly using 'hibernate.dialect' (remove the property setting and it will be selected by default)
2026-04-04 09:33:20 INFO  [main] o.hibernate.orm.connections.pooling - HHH10001005: Database info:
	Database JDBC URL [undefined/unknown]
	Database driver: undefined/unknown
	Database dialect: PostgreSQLDialect
	Database version: 13.0
	Default catalog/schema: unknown/unknown
	Autocommit mode: undefined/unknown
	Isolation level: <unknown>
	JDBC fetch size: undefined/unknown
	Pool: undefined/unknown
	Minimum pool size: undefined/unknown
	Maximum pool size: undefined/unknown
2026-04-04 09:33:26 INFO  [main] org.hibernate.orm.core - HHH000489: No JTA platform available (set 'hibernate.transaction.jta.platform' to enable JTA platform integration)
2026-04-04 09:33:32 DEBUG [main] org.hibernate.SQL - 
    select
        r1_0.role_id,
        r1_0.created_at,
        r1_0.description,
        r1_0.role_name 
    from
        roles r1_0 
    where
        r1_0.role_name=?
2026-04-04 09:33:32 DEBUG [main] org.hibernate.SQL - 
    select
        r1_0.role_id,
        r1_0.created_at,
        r1_0.description,
        r1_0.role_name 
    from
        roles r1_0 
    where
        r1_0.role_name=?
2026-04-04 09:33:32 DEBUG [main] org.hibernate.SQL - 
    select
        r1_0.role_id,
        r1_0.created_at,
        r1_0.description,
        r1_0.role_name 
    from
        roles r1_0 
    where
        r1_0.role_name=?
2026-04-04 09:33:32 DEBUG [main] org.hibernate.SQL - 
    select
        u1_0.user_id,
        u1_0.created_at,
        u1_0.deleted_at,
        u1_0.deleted_by,
        u1_0.email,
        u1_0.first_name,
        u1_0.is_active,
        u1_0.is_deleted,
        u1_0.last_name,
        u1_0.password,
        u1_0.person_id,
        u1_0.phone,
        u1_0.role_id,
        u1_0.updated_at,
        u1_0.user_code 
    from
        users u1_0 
    where
        (
            u1_0.is_deleted = false
        ) 
        and u1_0.email=?
2026-04-04 09:33:39 DEBUG [http-nio-8080-exec-1] org.hibernate.SQL - 
    select
        u1_0.user_id,
        u1_0.created_at,
        u1_0.deleted_at,
        u1_0.deleted_by,
        u1_0.email,
        u1_0.first_name,
        u1_0.is_active,
        u1_0.is_deleted,
        u1_0.last_name,
        u1_0.password,
        u1_0.person_id,
        u1_0.phone,
        u1_0.role_id,
        u1_0.updated_at,
        u1_0.user_code 
    from
        users u1_0 
    where
        (
            u1_0.is_deleted = false
        ) 
        and u1_0.email=?
2026-04-04 09:33:39 DEBUG [http-nio-8080-exec-1] org.hibernate.SQL - 
    select
        r1_0.role_id,
        r1_0.created_at,
        r1_0.description,
        r1_0.role_name 
    from
        roles r1_0 
    where
        r1_0.role_id=?
2026-04-04 09:33:39 DEBUG [http-nio-8080-exec-1] org.hibernate.SQL - 
    select
        u1_0.user_id,
        u1_0.created_at,
        u1_0.deleted_at,
        u1_0.deleted_by,
        u1_0.email,
        u1_0.first_name,
        u1_0.is_active,
        u1_0.is_deleted,
        u1_0.last_name,
        u1_0.password,
        u1_0.person_id,
        u1_0.phone,
        u1_0.role_id,
        u1_0.updated_at,
        u1_0.user_code 
    from
        users u1_0 
    where
        (
            u1_0.is_deleted = false
        ) 
        and u1_0.email=?
2026-04-04 09:33:48 DEBUG [task-1] org.hibernate.SQL - 
    insert 
    into
        notifications
        (deleted_at, deleted_by, email, emi_id, is_deleted, loan_id, message, sent_at, status, subject, user_id, notification_id) 
    values
        (?, ?, ?, ?, ?, ?, ?, ?, ?, ?, ?, ?)
