2026-04-02 07:11:30 INFO  [SpringApplicationShutdownHook] o.s.boot.tomcat.GracefulShutdown - Commencing graceful shutdown. Waiting for active requests to complete
2026-04-02 07:11:30 INFO  [scheduling-1] c.e.E.scheduler.OverdueEmiScheduler - >>>> Starting Daily Overdue Detection Job for: 2026-04-02
2026-04-02 07:11:30 INFO  [tomcat-shutdown] o.s.boot.tomcat.GracefulShutdown - Graceful shutdown complete
2026-04-02 07:11:30 INFO  [scheduling-1] c.e.E.scheduler.OverdueEmiScheduler - No new overdue EMIs detected today.
2026-04-02 07:11:31 INFO  [SpringApplicationShutdownHook] o.s.o.j.LocalContainerEntityManagerFactoryBean - Closing JPA EntityManagerFactory for persistence unit 'default'
2026-04-02 07:11:31 INFO  [SpringApplicationShutdownHook] com.zaxxer.hikari.HikariDataSource - HikariPool-1 - Shutdown initiated...
2026-04-02 07:11:31 INFO  [SpringApplicationShutdownHook] com.zaxxer.hikari.HikariDataSource - HikariPool-1 - Shutdown completed.
2026-04-02 07:12:21 INFO  [main] c.emiLoan.EMILoan.EmiLoanApplication - Starting EmiLoanApplication using Java 21.0.10 with PID 27088 (C:\Users\om.kariya\Documents\EMILoan\EMILoan\target\classes started by Om.Kariya in C:\Users\om.kariya\Documents\EMILoan)
2026-04-02 07:12:21 INFO  [main] c.emiLoan.EMILoan.EmiLoanApplication - No active profile set, falling back to 1 default profile: "default"
2026-04-02 07:12:25 INFO  [main] o.s.d.r.c.RepositoryConfigurationDelegate - Bootstrapping Spring Data JPA repositories in DEFAULT mode.
2026-04-02 07:12:25 INFO  [main] o.s.d.r.c.RepositoryConfigurationDelegate - Finished Spring Data repository scanning in 345 ms. Found 12 JPA repository interfaces.
2026-04-02 07:12:32 INFO  [main] o.s.boot.tomcat.TomcatWebServer - Tomcat initialized with port 8080 (http)
2026-04-02 07:12:32 INFO  [main] o.a.coyote.http11.Http11NioProtocol - Initializing ProtocolHandler ["http-nio-8080"]
2026-04-02 07:12:32 INFO  [main] o.a.catalina.core.StandardService - Starting service [Tomcat]
2026-04-02 07:12:32 INFO  [main] o.a.catalina.core.StandardEngine - Starting Servlet engine: [Apache Tomcat/11.0.18]
2026-04-02 07:12:32 INFO  [main] o.s.b.w.c.s.WebApplicationContextInitializer - Root WebApplicationContext: initialization completed in 11060 ms
2026-04-02 07:12:33 INFO  [main] com.zaxxer.hikari.HikariDataSource - HikariPool-1 - Starting...
2026-04-02 07:12:34 INFO  [main] com.zaxxer.hikari.pool.HikariPool - HikariPool-1 - Added connection org.postgresql.jdbc.PgConnection@4a04ca74
2026-04-02 07:12:34 INFO  [main] com.zaxxer.hikari.HikariDataSource - HikariPool-1 - Start completed.
2026-04-02 07:12:34 INFO  [main] org.flywaydb.core.FlywayExecutor - Database: jdbc:postgresql://localhost:5432/emi_scheduler (PostgreSQL 18.3)
2026-04-02 07:12:34 INFO  [main] o.f.core.internal.command.DbValidate - Successfully validated 3 migrations (execution time 00:00.115s)
2026-04-02 07:12:35 INFO  [main] o.f.core.internal.command.DbMigrate - Current version of schema "public": 3
2026-04-02 07:12:35 INFO  [main] o.f.core.internal.command.DbMigrate - Schema "public" is up to date. No migration necessary.
2026-04-02 07:12:46 INFO  [main] o.s.o.j.p.SpringPersistenceUnitInfo - No LoadTimeWeaver setup: ignoring JPA class transformer
2026-04-02 07:12:53 INFO  [main] o.s.o.j.LocalContainerEntityManagerFactoryBean - Initialized JPA EntityManagerFactory for persistence unit 'default'
2026-04-02 07:12:54 INFO  [main] o.s.d.j.r.q.QueryEnhancerFactories - Hibernate is in classpath; If applicable, HQL parser will be used.
2026-04-02 07:13:00 INFO  [main] o.s.s.c.a.a.c.InitializeAuthenticationProviderBeanManagerConfigurer$InitializeAuthenticationProviderManagerConfigurer - Global AuthenticationManager configured with AuthenticationProvider bean with name authenticationProvider
2026-04-02 07:13:07 INFO  [main] o.a.coyote.http11.Http11NioProtocol - Starting ProtocolHandler ["http-nio-8080"]
2026-04-02 07:13:07 INFO  [main] o.s.boot.tomcat.TomcatWebServer - Tomcat started on port 8080 (http) with context path '/'
2026-04-02 07:13:07 INFO  [main] c.emiLoan.EMILoan.EmiLoanApplication - Started EmiLoanApplication in 48.655 seconds (process running for 51.263)
2026-04-02 07:13:31 INFO  [http-nio-8080-exec-1] o.a.c.c.C.[Tomcat].[localhost].[/] - Initializing Spring DispatcherServlet 'dispatcherServlet'
2026-04-02 07:13:31 INFO  [http-nio-8080-exec-1] o.s.web.servlet.DispatcherServlet - Initializing Servlet 'dispatcherServlet'
2026-04-02 07:13:31 INFO  [http-nio-8080-exec-1] o.s.web.servlet.DispatcherServlet - Completed initialization in 137 ms
2026-04-02 07:13:32 INFO  [http-nio-8080-exec-1] c.e.E.controller.auth.AuthController - Login request: admin@loan.com
2026-04-02 07:13:34 INFO  [http-nio-8080-exec-1] c.e.E.service.impl.AuthServiceImpl - Staff Login detected: admin@loan.com
2026-04-02 07:15:14 INFO  [task-3] c.e.E.service.impl.AuditServiceImpl - System Audit Logged: Automated process performed CREATE on USER ID: 8526a14d-1807-455d-8f81-7b54dd0f40c5
2026-04-02 07:17:41 INFO  [http-nio-8080-exec-7] c.e.E.controller.auth.AuthController - Login request: 22ce259.om.kariya@vvpedulink.ac.in
2026-04-02 07:17:42 INFO  [http-nio-8080-exec-7] c.e.E.service.impl.AuthServiceImpl - Staff Login detected: 22ce259.om.kariya@vvpedulink.ac.in
2026-04-02 07:18:43 INFO  [SpringApplicationShutdownHook] o.s.boot.tomcat.GracefulShutdown - Commencing graceful shutdown. Waiting for active requests to complete
2026-04-02 07:18:43 INFO  [tomcat-shutdown] o.s.boot.tomcat.GracefulShutdown - Graceful shutdown complete
2026-04-02 07:18:43 INFO  [SpringApplicationShutdownHook] o.s.o.j.LocalContainerEntityManagerFactoryBean - Closing JPA EntityManagerFactory for persistence unit 'default'
2026-04-02 07:18:43 INFO  [SpringApplicationShutdownHook] com.zaxxer.hikari.HikariDataSource - HikariPool-1 - Shutdown initiated...
2026-04-02 07:18:43 INFO  [SpringApplicationShutdownHook] com.zaxxer.hikari.HikariDataSource - HikariPool-1 - Shutdown completed.
2026-04-02 07:18:54 INFO  [main] c.emiLoan.EMILoan.EmiLoanApplication - Starting EmiLoanApplication using Java 21.0.10 with PID 18832 (C:\Users\om.kariya\Documents\EMILoan\EMILoan\target\classes started by Om.Kariya in C:\Users\om.kariya\Documents\EMILoan)
2026-04-02 07:18:54 INFO  [main] c.emiLoan.EMILoan.EmiLoanApplication - No active profile set, falling back to 1 default profile: "default"
2026-04-02 07:18:57 INFO  [main] o.s.d.r.c.RepositoryConfigurationDelegate - Bootstrapping Spring Data JPA repositories in DEFAULT mode.
2026-04-02 07:18:58 INFO  [main] o.s.d.r.c.RepositoryConfigurationDelegate - Finished Spring Data repository scanning in 475 ms. Found 12 JPA repository interfaces.
2026-04-02 07:19:00 INFO  [main] o.s.boot.tomcat.TomcatWebServer - Tomcat initialized with port 8080 (http)
2026-04-02 07:19:00 INFO  [main] o.a.coyote.http11.Http11NioProtocol - Initializing ProtocolHandler ["http-nio-8080"]
2026-04-02 07:19:00 INFO  [main] o.a.catalina.core.StandardService - Starting service [Tomcat]
2026-04-02 07:19:00 INFO  [main] o.a.catalina.core.StandardEngine - Starting Servlet engine: [Apache Tomcat/11.0.18]
2026-04-02 07:19:00 INFO  [main] o.s.b.w.c.s.WebApplicationContextInitializer - Root WebApplicationContext: initialization completed in 6507 ms
2026-04-02 07:19:01 INFO  [main] com.zaxxer.hikari.HikariDataSource - HikariPool-1 - Starting...
2026-04-02 07:19:02 INFO  [main] com.zaxxer.hikari.pool.HikariPool - HikariPool-1 - Added connection org.postgresql.jdbc.PgConnection@734f8317
2026-04-02 07:19:02 INFO  [main] com.zaxxer.hikari.HikariDataSource - HikariPool-1 - Start completed.
2026-04-02 07:19:02 INFO  [main] org.flywaydb.core.FlywayExecutor - Database: jdbc:postgresql://localhost:5432/emi_scheduler (PostgreSQL 18.3)
2026-04-02 07:19:02 INFO  [main] o.f.core.internal.command.DbValidate - Successfully validated 3 migrations (execution time 00:00.151s)
2026-04-02 07:19:02 INFO  [main] o.f.core.internal.command.DbMigrate - Current version of schema "public": 3
2026-04-02 07:19:03 INFO  [main] o.f.core.internal.command.DbMigrate - Schema "public" is up to date. No migration necessary.
2026-04-02 07:19:05 INFO  [main] o.s.o.j.p.SpringPersistenceUnitInfo - No LoadTimeWeaver setup: ignoring JPA class transformer
2026-04-02 07:19:09 INFO  [main] o.s.o.j.LocalContainerEntityManagerFactoryBean - Initialized JPA EntityManagerFactory for persistence unit 'default'
2026-04-02 07:19:09 INFO  [main] o.s.d.j.r.q.QueryEnhancerFactories - Hibernate is in classpath; If applicable, HQL parser will be used.
2026-04-02 07:19:14 INFO  [main] o.s.s.c.a.a.c.InitializeAuthenticationProviderBeanManagerConfigurer$InitializeAuthenticationProviderManagerConfigurer - Global AuthenticationManager configured with AuthenticationProvider bean with name authenticationProvider
2026-04-02 07:19:18 INFO  [main] o.a.coyote.http11.Http11NioProtocol - Starting ProtocolHandler ["http-nio-8080"]
2026-04-02 07:19:18 INFO  [main] o.s.boot.tomcat.TomcatWebServer - Tomcat started on port 8080 (http) with context path '/'
2026-04-02 07:19:18 INFO  [main] c.emiLoan.EMILoan.EmiLoanApplication - Started EmiLoanApplication in 27.094 seconds (process running for 29.608)
2026-04-02 07:19:19 INFO  [http-nio-8080-exec-2] o.a.c.c.C.[Tomcat].[localhost].[/] - Initializing Spring DispatcherServlet 'dispatcherServlet'
2026-04-02 07:19:19 INFO  [http-nio-8080-exec-2] o.s.web.servlet.DispatcherServlet - Initializing Servlet 'dispatcherServlet'
2026-04-02 07:19:19 INFO  [http-nio-8080-exec-2] o.s.web.servlet.DispatcherServlet - Completed initialization in 3 ms
2026-04-02 07:19:20 INFO  [http-nio-8080-exec-2] c.e.E.controller.auth.AuthController - Login request: 22ce259.om.kariya@vvpedulink.ac.in
2026-04-02 07:19:20 INFO  [http-nio-8080-exec-2] c.e.E.service.impl.AuthServiceImpl - Staff Login detected: 22ce259.om.kariya@vvpedulink.ac.in
2026-04-02 07:20:11 INFO  [http-nio-8080-exec-3] c.e.E.controller.auth.AuthController - Register request: odk1572@gmail.com
2026-04-02 07:20:11 INFO  [http-nio-8080-exec-3] c.e.E.service.impl.AuthServiceImpl - User USR000010 has been created
2026-04-02 07:20:11 INFO  [task-3] c.e.E.service.impl.AuditServiceImpl - System Audit Logged: Automated process performed CREATE on USER ID: 7273e5d6-d88a-4fc0-b7dc-89a79345a616
2026-04-02 07:23:11 INFO  [SpringApplicationShutdownHook] o.s.boot.tomcat.GracefulShutdown - Commencing graceful shutdown. Waiting for active requests to complete
2026-04-02 07:23:11 INFO  [tomcat-shutdown] o.s.boot.tomcat.GracefulShutdown - Graceful shutdown complete
2026-04-02 07:23:11 INFO  [SpringApplicationShutdownHook] o.s.o.j.LocalContainerEntityManagerFactoryBean - Closing JPA EntityManagerFactory for persistence unit 'default'
2026-04-02 07:23:12 INFO  [SpringApplicationShutdownHook] com.zaxxer.hikari.HikariDataSource - HikariPool-1 - Shutdown initiated...
2026-04-02 07:23:12 INFO  [SpringApplicationShutdownHook] com.zaxxer.hikari.HikariDataSource - HikariPool-1 - Shutdown completed.
2026-04-02 07:23:22 INFO  [main] c.emiLoan.EMILoan.EmiLoanApplication - Starting EmiLoanApplication using Java 21.0.10 with PID 24292 (C:\Users\om.kariya\Documents\EMILoan\EMILoan\target\classes started by Om.Kariya in C:\Users\om.kariya\Documents\EMILoan)
2026-04-02 07:23:22 INFO  [main] c.emiLoan.EMILoan.EmiLoanApplication - No active profile set, falling back to 1 default profile: "default"
2026-04-02 07:23:26 INFO  [main] o.s.d.r.c.RepositoryConfigurationDelegate - Bootstrapping Spring Data JPA repositories in DEFAULT mode.
2026-04-02 07:23:27 INFO  [main] o.s.d.r.c.RepositoryConfigurationDelegate - Finished Spring Data repository scanning in 1054 ms. Found 12 JPA repository interfaces.
2026-04-02 07:23:33 INFO  [main] o.s.boot.tomcat.TomcatWebServer - Tomcat initialized with port 8080 (http)
2026-04-02 07:23:33 INFO  [main] o.a.coyote.http11.Http11NioProtocol - Initializing ProtocolHandler ["http-nio-8080"]
2026-04-02 07:23:33 INFO  [main] o.a.catalina.core.StandardService - Starting service [Tomcat]
2026-04-02 07:23:33 INFO  [main] o.a.catalina.core.StandardEngine - Starting Servlet engine: [Apache Tomcat/11.0.18]
2026-04-02 07:23:34 INFO  [main] o.s.b.w.c.s.WebApplicationContextInitializer - Root WebApplicationContext: initialization completed in 11657 ms
2026-04-02 07:23:35 INFO  [main] com.zaxxer.hikari.HikariDataSource - HikariPool-1 - Starting...
2026-04-02 07:23:37 INFO  [main] com.zaxxer.hikari.pool.HikariPool - HikariPool-1 - Added connection org.postgresql.jdbc.PgConnection@7198ab9a
2026-04-02 07:23:37 INFO  [main] com.zaxxer.hikari.HikariDataSource - HikariPool-1 - Start completed.
2026-04-02 07:23:37 INFO  [main] org.flywaydb.core.FlywayExecutor - Database: jdbc:postgresql://localhost:5432/emi_scheduler (PostgreSQL 18.3)
2026-04-02 07:23:37 INFO  [main] o.f.core.internal.command.DbValidate - Successfully validated 3 migrations (execution time 00:00.208s)
2026-04-02 07:23:37 INFO  [main] o.f.core.internal.command.DbMigrate - Current version of schema "public": 3
2026-04-02 07:23:37 INFO  [main] o.f.core.internal.command.DbMigrate - Schema "public" is up to date. No migration necessary.
2026-04-02 07:23:43 INFO  [main] o.s.o.j.p.SpringPersistenceUnitInfo - No LoadTimeWeaver setup: ignoring JPA class transformer
2026-04-02 07:23:47 INFO  [main] o.s.o.j.LocalContainerEntityManagerFactoryBean - Initialized JPA EntityManagerFactory for persistence unit 'default'
2026-04-02 07:23:48 INFO  [main] o.s.d.j.r.q.QueryEnhancerFactories - Hibernate is in classpath; If applicable, HQL parser will be used.
2026-04-02 07:23:51 INFO  [main] o.s.s.c.a.a.c.InitializeAuthenticationProviderBeanManagerConfigurer$InitializeAuthenticationProviderManagerConfigurer - Global AuthenticationManager configured with AuthenticationProvider bean with name authenticationProvider
2026-04-02 07:23:55 INFO  [main] o.a.coyote.http11.Http11NioProtocol - Starting ProtocolHandler ["http-nio-8080"]
2026-04-02 07:23:56 INFO  [main] o.s.boot.tomcat.TomcatWebServer - Tomcat started on port 8080 (http) with context path '/'
2026-04-02 07:23:56 INFO  [main] c.emiLoan.EMILoan.EmiLoanApplication - Started EmiLoanApplication in 35.989 seconds (process running for 38.11)
2026-04-02 07:23:58 INFO  [http-nio-8080-exec-1] o.a.c.c.C.[Tomcat].[localhost].[/] - Initializing Spring DispatcherServlet 'dispatcherServlet'
2026-04-02 07:23:58 INFO  [http-nio-8080-exec-1] o.s.web.servlet.DispatcherServlet - Initializing Servlet 'dispatcherServlet'
2026-04-02 07:23:58 INFO  [http-nio-8080-exec-1] o.s.web.servlet.DispatcherServlet - Completed initialization in 3 ms
2026-04-02 07:23:59 INFO  [http-nio-8080-exec-1] c.e.E.controller.auth.AuthController - Login request: 22ce259.om.kariya@vvpedulink.ac.in
2026-04-02 07:23:59 INFO  [http-nio-8080-exec-1] c.e.E.service.impl.AuthServiceImpl - Staff Login detected: 22ce259.om.kariya@vvpedulink.ac.in
2026-04-02 07:24:39 INFO  [SpringApplicationShutdownHook] o.s.boot.tomcat.GracefulShutdown - Commencing graceful shutdown. Waiting for active requests to complete
2026-04-02 07:24:39 INFO  [tomcat-shutdown] o.s.boot.tomcat.GracefulShutdown - Graceful shutdown complete
2026-04-02 07:24:39 INFO  [SpringApplicationShutdownHook] o.s.o.j.LocalContainerEntityManagerFactoryBean - Closing JPA EntityManagerFactory for persistence unit 'default'
2026-04-02 07:24:39 INFO  [SpringApplicationShutdownHook] com.zaxxer.hikari.HikariDataSource - HikariPool-1 - Shutdown initiated...
2026-04-02 07:24:39 INFO  [SpringApplicationShutdownHook] com.zaxxer.hikari.HikariDataSource - HikariPool-1 - Shutdown completed.
2026-04-02 07:24:48 INFO  [main] c.emiLoan.EMILoan.EmiLoanApplication - Starting EmiLoanApplication using Java 21.0.10 with PID 19136 (C:\Users\om.kariya\Documents\EMILoan\EMILoan\target\classes started by Om.Kariya in C:\Users\om.kariya\Documents\EMILoan)
2026-04-02 07:24:48 INFO  [main] c.emiLoan.EMILoan.EmiLoanApplication - No active profile set, falling back to 1 default profile: "default"
2026-04-02 07:24:51 INFO  [main] o.s.d.r.c.RepositoryConfigurationDelegate - Bootstrapping Spring Data JPA repositories in DEFAULT mode.
2026-04-02 07:24:51 INFO  [main] o.s.d.r.c.RepositoryConfigurationDelegate - Finished Spring Data repository scanning in 349 ms. Found 12 JPA repository interfaces.
2026-04-02 07:24:52 INFO  [main] o.s.boot.tomcat.TomcatWebServer - Tomcat initialized with port 8080 (http)
2026-04-02 07:24:52 INFO  [main] o.a.coyote.http11.Http11NioProtocol - Initializing ProtocolHandler ["http-nio-8080"]
2026-04-02 07:24:52 INFO  [main] o.a.catalina.core.StandardService - Starting service [Tomcat]
2026-04-02 07:24:52 INFO  [main] o.a.catalina.core.StandardEngine - Starting Servlet engine: [Apache Tomcat/11.0.18]
2026-04-02 07:24:52 INFO  [main] o.s.b.w.c.s.WebApplicationContextInitializer - Root WebApplicationContext: initialization completed in 4548 ms
2026-04-02 07:24:53 INFO  [main] com.zaxxer.hikari.HikariDataSource - HikariPool-1 - Starting...
2026-04-02 07:24:54 INFO  [main] com.zaxxer.hikari.pool.HikariPool - HikariPool-1 - Added connection org.postgresql.jdbc.PgConnection@7198ab9a
2026-04-02 07:24:54 INFO  [main] com.zaxxer.hikari.HikariDataSource - HikariPool-1 - Start completed.
2026-04-02 07:24:54 INFO  [main] org.flywaydb.core.FlywayExecutor - Database: jdbc:postgresql://localhost:5432/emi_scheduler (PostgreSQL 18.3)
2026-04-02 07:24:54 INFO  [main] o.f.core.internal.command.DbValidate - Successfully validated 3 migrations (execution time 00:00.103s)
2026-04-02 07:24:54 INFO  [main] o.f.core.internal.command.DbMigrate - Current version of schema "public": 3
2026-04-02 07:24:54 INFO  [main] o.f.core.internal.command.DbMigrate - Schema "public" is up to date. No migration necessary.
2026-04-02 07:24:57 INFO  [main] o.s.o.j.p.SpringPersistenceUnitInfo - No LoadTimeWeaver setup: ignoring JPA class transformer
2026-04-02 07:25:01 INFO  [main] o.s.o.j.LocalContainerEntityManagerFactoryBean - Initialized JPA EntityManagerFactory for persistence unit 'default'
2026-04-02 07:25:01 INFO  [main] o.s.d.j.r.q.QueryEnhancerFactories - Hibernate is in classpath; If applicable, HQL parser will be used.
2026-04-02 07:25:03 INFO  [main] o.s.s.c.a.a.c.InitializeAuthenticationProviderBeanManagerConfigurer$InitializeAuthenticationProviderManagerConfigurer - Global AuthenticationManager configured with AuthenticationProvider bean with name authenticationProvider
2026-04-02 07:25:08 INFO  [main] o.a.coyote.http11.Http11NioProtocol - Starting ProtocolHandler ["http-nio-8080"]
2026-04-02 07:25:08 INFO  [main] o.s.boot.tomcat.TomcatWebServer - Tomcat started on port 8080 (http) with context path '/'
2026-04-02 07:25:08 INFO  [main] c.emiLoan.EMILoan.EmiLoanApplication - Started EmiLoanApplication in 21.922 seconds (process running for 25.366)
2026-04-02 07:25:34 INFO  [http-nio-8080-exec-1] o.a.c.c.C.[Tomcat].[localhost].[/] - Initializing Spring DispatcherServlet 'dispatcherServlet'
2026-04-02 07:25:34 INFO  [http-nio-8080-exec-1] o.s.web.servlet.DispatcherServlet - Initializing Servlet 'dispatcherServlet'
2026-04-02 07:25:34 INFO  [http-nio-8080-exec-1] o.s.web.servlet.DispatcherServlet - Completed initialization in 16 ms
2026-04-02 07:25:36 INFO  [http-nio-8080-exec-1] c.e.E.controller.auth.AuthController - Login request: 22ce259.om.kariya@vvpedulink.ac.in
2026-04-02 07:25:36 INFO  [http-nio-8080-exec-1] c.e.E.service.impl.AuthServiceImpl - Staff Login detected: 22ce259.om.kariya@vvpedulink.ac.in
2026-04-02 07:25:44 INFO  [task-1] c.e.E.s.impl.NotificationServiceImpl - Email successfully sent to 22ce259.om.kariya@vvpedulink.ac.in
2026-04-02 07:25:52 INFO  [SpringApplicationShutdownHook] o.s.boot.tomcat.GracefulShutdown - Commencing graceful shutdown. Waiting for active requests to complete
2026-04-02 07:25:52 INFO  [tomcat-shutdown] o.s.boot.tomcat.GracefulShutdown - Graceful shutdown complete
2026-04-02 07:25:52 INFO  [SpringApplicationShutdownHook] o.s.o.j.LocalContainerEntityManagerFactoryBean - Closing JPA EntityManagerFactory for persistence unit 'default'
2026-04-02 07:25:52 INFO  [SpringApplicationShutdownHook] com.zaxxer.hikari.HikariDataSource - HikariPool-1 - Shutdown initiated...
2026-04-02 07:25:52 INFO  [SpringApplicationShutdownHook] com.zaxxer.hikari.HikariDataSource - HikariPool-1 - Shutdown completed.
2026-04-02 07:26:06 INFO  [main] c.emiLoan.EMILoan.EmiLoanApplication - Starting EmiLoanApplication using Java 21.0.10 with PID 14216 (C:\Users\om.kariya\Documents\EMILoan\EMILoan\target\classes started by Om.Kariya in C:\Users\om.kariya\Documents\EMILoan)
2026-04-02 07:26:06 INFO  [main] c.emiLoan.EMILoan.EmiLoanApplication - No active profile set, falling back to 1 default profile: "default"
2026-04-02 07:26:08 INFO  [main] o.s.d.r.c.RepositoryConfigurationDelegate - Bootstrapping Spring Data JPA repositories in DEFAULT mode.
2026-04-02 07:26:08 INFO  [main] o.s.d.r.c.RepositoryConfigurationDelegate - Finished Spring Data repository scanning in 230 ms. Found 12 JPA repository interfaces.
2026-04-02 07:26:10 INFO  [main] o.s.boot.tomcat.TomcatWebServer - Tomcat initialized with port 8080 (http)
2026-04-02 07:26:10 INFO  [main] o.a.coyote.http11.Http11NioProtocol - Initializing ProtocolHandler ["http-nio-8080"]
2026-04-02 07:26:10 INFO  [main] o.a.catalina.core.StandardService - Starting service [Tomcat]
2026-04-02 07:26:10 INFO  [main] o.a.catalina.core.StandardEngine - Starting Servlet engine: [Apache Tomcat/11.0.18]
2026-04-02 07:26:10 INFO  [main] o.s.b.w.c.s.WebApplicationContextInitializer - Root WebApplicationContext: initialization completed in 4144 ms
2026-04-02 07:26:11 INFO  [main] com.zaxxer.hikari.HikariDataSource - HikariPool-1 - Starting...
2026-04-02 07:26:12 INFO  [main] com.zaxxer.hikari.pool.HikariPool - HikariPool-1 - Added connection org.postgresql.jdbc.PgConnection@734f8317
2026-04-02 07:26:12 INFO  [main] com.zaxxer.hikari.HikariDataSource - HikariPool-1 - Start completed.
2026-04-02 07:26:12 INFO  [main] org.flywaydb.core.FlywayExecutor - Database: jdbc:postgresql://localhost:5432/emi_scheduler (PostgreSQL 18.3)
2026-04-02 07:26:12 INFO  [main] o.f.core.internal.command.DbValidate - Successfully validated 3 migrations (execution time 00:00.083s)
2026-04-02 07:26:12 INFO  [main] o.f.core.internal.command.DbMigrate - Current version of schema "public": 3
2026-04-02 07:26:12 INFO  [main] o.f.core.internal.command.DbMigrate - Schema "public" is up to date. No migration necessary.
2026-04-02 07:26:15 INFO  [main] o.s.o.j.p.SpringPersistenceUnitInfo - No LoadTimeWeaver setup: ignoring JPA class transformer
2026-04-02 07:26:24 INFO  [main] o.s.o.j.LocalContainerEntityManagerFactoryBean - Initialized JPA EntityManagerFactory for persistence unit 'default'
2026-04-02 07:26:25 INFO  [main] o.s.d.j.r.q.QueryEnhancerFactories - Hibernate is in classpath; If applicable, HQL parser will be used.
2026-04-02 07:26:29 INFO  [main] o.s.s.c.a.a.c.InitializeAuthenticationProviderBeanManagerConfigurer$InitializeAuthenticationProviderManagerConfigurer - Global AuthenticationManager configured with AuthenticationProvider bean with name authenticationProvider
2026-04-02 07:26:35 INFO  [main] o.a.coyote.http11.Http11NioProtocol - Starting ProtocolHandler ["http-nio-8080"]
2026-04-02 07:26:35 INFO  [main] o.s.boot.tomcat.TomcatWebServer - Tomcat started on port 8080 (http) with context path '/'
2026-04-02 07:26:35 INFO  [main] c.emiLoan.EMILoan.EmiLoanApplication - Started EmiLoanApplication in 32.443 seconds (process running for 34.92)
2026-04-02 07:27:02 INFO  [http-nio-8080-exec-2] o.a.c.c.C.[Tomcat].[localhost].[/] - Initializing Spring DispatcherServlet 'dispatcherServlet'
2026-04-02 07:27:02 INFO  [http-nio-8080-exec-2] o.s.web.servlet.DispatcherServlet - Initializing Servlet 'dispatcherServlet'
2026-04-02 07:27:02 INFO  [http-nio-8080-exec-2] o.s.web.servlet.DispatcherServlet - Completed initialization in 6 ms
2026-04-02 07:27:03 INFO  [http-nio-8080-exec-2] c.e.E.controller.auth.AuthController - Register request: odk1572@gmail.com
2026-04-02 07:27:21 INFO  [http-nio-8080-exec-3] c.e.E.controller.auth.AuthController - Login request: 22ce259.om.kariya@vvpedulink.ac.in
2026-04-02 07:27:22 INFO  [http-nio-8080-exec-3] c.e.E.service.impl.AuthServiceImpl - Staff Login detected: 22ce259.om.kariya@vvpedulink.ac.in
2026-04-02 07:27:28 INFO  [task-1] c.e.E.s.impl.NotificationServiceImpl - Email successfully sent to 22ce259.om.kariya@vvpedulink.ac.in
2026-04-02 07:30:25 INFO  [SpringApplicationShutdownHook] o.s.boot.tomcat.GracefulShutdown - Commencing graceful shutdown. Waiting for active requests to complete
2026-04-02 07:30:25 INFO  [tomcat-shutdown] o.s.boot.tomcat.GracefulShutdown - Graceful shutdown complete
2026-04-02 07:30:25 INFO  [SpringApplicationShutdownHook] o.s.o.j.LocalContainerEntityManagerFactoryBean - Closing JPA EntityManagerFactory for persistence unit 'default'
2026-04-02 07:30:25 INFO  [SpringApplicationShutdownHook] com.zaxxer.hikari.HikariDataSource - HikariPool-1 - Shutdown initiated...
2026-04-02 07:30:25 INFO  [SpringApplicationShutdownHook] com.zaxxer.hikari.HikariDataSource - HikariPool-1 - Shutdown completed.
2026-04-02 07:30:38 INFO  [main] c.emiLoan.EMILoan.EmiLoanApplication - Starting EmiLoanApplication using Java 21.0.10 with PID 22496 (C:\Users\om.kariya\Documents\EMILoan\EMILoan\target\classes started by Om.Kariya in C:\Users\om.kariya\Documents\EMILoan)
2026-04-02 07:30:38 INFO  [main] c.emiLoan.EMILoan.EmiLoanApplication - No active profile set, falling back to 1 default profile: "default"
2026-04-02 07:30:41 INFO  [main] o.s.d.r.c.RepositoryConfigurationDelegate - Bootstrapping Spring Data JPA repositories in DEFAULT mode.
2026-04-02 07:30:42 INFO  [main] o.s.d.r.c.RepositoryConfigurationDelegate - Finished Spring Data repository scanning in 230 ms. Found 12 JPA repository interfaces.
2026-04-02 07:30:43 INFO  [main] o.s.boot.tomcat.TomcatWebServer - Tomcat initialized with port 8080 (http)
2026-04-02 07:30:43 INFO  [main] o.a.coyote.http11.Http11NioProtocol - Initializing ProtocolHandler ["http-nio-8080"]
2026-04-02 07:30:43 INFO  [main] o.a.catalina.core.StandardService - Starting service [Tomcat]
2026-04-02 07:30:43 INFO  [main] o.a.catalina.core.StandardEngine - Starting Servlet engine: [Apache Tomcat/11.0.18]
2026-04-02 07:30:43 INFO  [main] o.s.b.w.c.s.WebApplicationContextInitializer - Root WebApplicationContext: initialization completed in 4704 ms
2026-04-02 07:30:44 INFO  [main] com.zaxxer.hikari.HikariDataSource - HikariPool-1 - Starting...
2026-04-02 07:30:44 INFO  [main] com.zaxxer.hikari.pool.HikariPool - HikariPool-1 - Added connection org.postgresql.jdbc.PgConnection@1d7c9811
2026-04-02 07:30:44 INFO  [main] com.zaxxer.hikari.HikariDataSource - HikariPool-1 - Start completed.
2026-04-02 07:30:44 INFO  [main] org.flywaydb.core.FlywayExecutor - Database: jdbc:postgresql://localhost:5432/emi_scheduler (PostgreSQL 18.3)
2026-04-02 07:30:44 INFO  [main] o.f.core.internal.command.DbValidate - Successfully validated 3 migrations (execution time 00:00.046s)
2026-04-02 07:30:45 INFO  [main] o.f.core.internal.command.DbMigrate - Current version of schema "public": 3
2026-04-02 07:30:45 INFO  [main] o.f.core.internal.command.DbMigrate - Schema "public" is up to date. No migration necessary.
2026-04-02 07:30:47 INFO  [main] o.s.o.j.p.SpringPersistenceUnitInfo - No LoadTimeWeaver setup: ignoring JPA class transformer
2026-04-02 07:30:50 INFO  [main] o.s.o.j.LocalContainerEntityManagerFactoryBean - Initialized JPA EntityManagerFactory for persistence unit 'default'
2026-04-02 07:30:50 INFO  [main] o.s.d.j.r.q.QueryEnhancerFactories - Hibernate is in classpath; If applicable, HQL parser will be used.
2026-04-02 07:30:55 INFO  [main] o.s.s.c.a.a.c.InitializeAuthenticationProviderBeanManagerConfigurer$InitializeAuthenticationProviderManagerConfigurer - Global AuthenticationManager configured with AuthenticationProvider bean with name authenticationProvider
2026-04-02 07:31:00 INFO  [main] o.a.coyote.http11.Http11NioProtocol - Starting ProtocolHandler ["http-nio-8080"]
2026-04-02 07:31:00 INFO  [main] o.s.boot.tomcat.TomcatWebServer - Tomcat started on port 8080 (http) with context path '/'
2026-04-02 07:31:00 INFO  [main] c.emiLoan.EMILoan.EmiLoanApplication - Started EmiLoanApplication in 22.703 seconds (process running for 24.08)
2026-04-02 07:31:36 INFO  [http-nio-8080-exec-2] o.a.c.c.C.[Tomcat].[localhost].[/] - Initializing Spring DispatcherServlet 'dispatcherServlet'
2026-04-02 07:31:36 INFO  [http-nio-8080-exec-2] o.s.web.servlet.DispatcherServlet - Initializing Servlet 'dispatcherServlet'
2026-04-02 07:31:36 INFO  [http-nio-8080-exec-2] o.s.web.servlet.DispatcherServlet - Completed initialization in 18 ms
2026-04-02 07:31:37 INFO  [http-nio-8080-exec-2] c.e.E.controller.auth.AuthController - Login request: 22ce259.om.kariya@vvpedulink.ac.in
2026-04-02 07:31:37 INFO  [http-nio-8080-exec-2] c.e.E.service.impl.AuthServiceImpl - Staff Login detected: 22ce259.om.kariya@vvpedulink.ac.in
2026-04-02 07:31:43 INFO  [task-1] c.e.E.s.impl.NotificationServiceImpl - Email successfully sent to 22ce259.om.kariya@vvpedulink.ac.in
2026-04-02 07:32:23 INFO  [http-nio-8080-exec-5] c.e.E.controller.auth.AuthController - Login request: 22ce259.om.kariya@vvpedulink.ac.in
2026-04-02 07:32:23 INFO  [http-nio-8080-exec-5] c.e.E.service.impl.AuthServiceImpl - Staff Login detected: 22ce259.om.kariya@vvpedulink.ac.in
2026-04-02 07:32:28 INFO  [task-2] c.e.E.s.impl.NotificationServiceImpl - Email successfully sent to 22ce259.om.kariya@vvpedulink.ac.in
2026-04-02 07:33:35 INFO  [http-nio-8080-exec-7] c.e.E.controller.auth.AuthController - Login request: 22ce259.om.kariya@vvpedulink.ac.in
2026-04-02 07:33:36 INFO  [http-nio-8080-exec-7] c.e.E.service.impl.AuthServiceImpl - Staff Login detected: 22ce259.om.kariya@vvpedulink.ac.in
2026-04-02 07:33:40 INFO  [task-3] c.e.E.s.impl.NotificationServiceImpl - Email successfully sent to 22ce259.om.kariya@vvpedulink.ac.in
2026-04-02 07:38:19 INFO  [http-nio-8080-exec-10] c.e.E.controller.auth.AuthController - Login request: odk1572@gmail.com
2026-04-02 07:38:23 INFO  [task-4] c.e.E.s.impl.NotificationServiceImpl - Email successfully sent to odk1572@gmail.com
2026-04-02 07:38:42 INFO  [http-nio-8080-exec-1] c.e.E.s.i.LoanApplicationServiceImpl - New Loan Application 880523b2-2948-45bf-af8f-61bf8ba2a43b created for borrower odk1572@gmail.com
2026-04-02 07:38:42 INFO  [task-6] c.e.E.service.impl.AuditServiceImpl - System Audit Logged: Automated process performed REJECTED on APPLICATION ID: 880523b2-2948-45bf-af8f-61bf8ba2a43b
2026-04-02 07:38:46 INFO  [task-5] c.e.E.s.impl.NotificationServiceImpl - Email successfully sent to odk1572@gmail.com
2026-04-02 07:39:59 INFO  [http-nio-8080-exec-5] c.e.E.s.i.LoanApplicationServiceImpl - New Loan Application 72596acf-1955-4487-bbed-8848f25d8038 created for borrower odk1572@gmail.com
2026-04-02 07:39:59 INFO  [task-8] c.e.E.service.impl.AuditServiceImpl - System Audit Logged: Automated process performed CREATE on APPLICATION ID: 72596acf-1955-4487-bbed-8848f25d8038
2026-04-02 07:40:03 INFO  [task-7] c.e.E.s.impl.NotificationServiceImpl - Email successfully sent to odk1572@gmail.com
2026-04-02 07:40:30 INFO  [http-nio-8080-exec-6] c.e.E.controller.auth.AuthController - Login request: 22ce259.om.kariya@vvpedulink.ac.in
2026-04-02 07:40:30 INFO  [http-nio-8080-exec-6] c.e.E.service.impl.AuthServiceImpl - Staff Login detected: 22ce259.om.kariya@vvpedulink.ac.in
2026-04-02 07:40:34 INFO  [task-9] c.e.E.s.impl.NotificationServiceImpl - Email successfully sent to 22ce259.om.kariya@vvpedulink.ac.in
2026-04-02 07:41:08 INFO  [task-10] c.e.E.service.impl.AuditServiceImpl - Audit Logged: 22ce259.om.kariya@vvpedulink.ac.in performed APPROVED on APPLICATION ID: 72596acf-1955-4487-bbed-8848f25d8038
2026-04-02 07:41:08 INFO  [http-nio-8080-exec-4] c.e.E.service.impl.EmiServiceImpl - Financial Event: Generated 5 installments for Loan LAN000003
2026-04-02 07:41:08 INFO  [http-nio-8080-exec-4] c.e.E.service.impl.LoanServiceImpl - Successfully generated Loan d7a186c2-791e-4d1e-a490-f7597407bfb4 (Code: LAN000003) for application 72596acf-1955-4487-bbed-8848f25d8038
2026-04-02 07:41:12 INFO  [task-12] c.e.E.s.impl.NotificationServiceImpl - Email successfully sent to odk1572@gmail.com
2026-04-02 10:30:11 INFO  [SpringApplicationShutdownHook] o.s.boot.tomcat.GracefulShutdown - Commencing graceful shutdown. Waiting for active requests to complete
2026-04-02 10:30:11 INFO  [scheduling-1] c.e.E.s.PaymentReminderScheduler - >>>> Starting Daily Payment Reminder Job for due date: 2026-04-05
2026-04-02 10:30:11 INFO  [tomcat-shutdown] o.s.boot.tomcat.GracefulShutdown - Graceful shutdown complete
2026-04-02 10:30:13 INFO  [scheduling-1] c.e.E.s.PaymentReminderScheduler - No upcoming payments found for reminder today.
2026-04-02 10:30:13 INFO  [SpringApplicationShutdownHook] o.s.o.j.LocalContainerEntityManagerFactoryBean - Closing JPA EntityManagerFactory for persistence unit 'default'
2026-04-02 10:30:13 INFO  [SpringApplicationShutdownHook] com.zaxxer.hikari.HikariDataSource - HikariPool-1 - Shutdown initiated...
2026-04-02 10:30:13 INFO  [SpringApplicationShutdownHook] com.zaxxer.hikari.HikariDataSource - HikariPool-1 - Shutdown completed.
2026-04-02 12:23:52 INFO  [main] c.emiLoan.EMILoan.EmiLoanApplication - Starting EmiLoanApplication using Java 21.0.10 with PID 9452 (C:\Users\om.kariya\Documents\EMILoan\EMILoan\target\classes started by Om.Kariya in C:\Users\om.kariya\Documents\EMILoan)
2026-04-02 12:23:52 INFO  [main] c.emiLoan.EMILoan.EmiLoanApplication - No active profile set, falling back to 1 default profile: "default"
2026-04-02 12:23:58 INFO  [main] o.s.d.r.c.RepositoryConfigurationDelegate - Bootstrapping Spring Data JPA repositories in DEFAULT mode.
2026-04-02 12:23:58 INFO  [main] o.s.d.r.c.RepositoryConfigurationDelegate - Finished Spring Data repository scanning in 493 ms. Found 12 JPA repository interfaces.
2026-04-02 12:24:00 INFO  [main] o.s.boot.tomcat.TomcatWebServer - Tomcat initialized with port 8080 (http)
2026-04-02 12:24:00 INFO  [main] o.a.coyote.http11.Http11NioProtocol - Initializing ProtocolHandler ["http-nio-8080"]
2026-04-02 12:24:00 INFO  [main] o.a.catalina.core.StandardService - Starting service [Tomcat]
2026-04-02 12:24:00 INFO  [main] o.a.catalina.core.StandardEngine - Starting Servlet engine: [Apache Tomcat/11.0.18]
2026-04-02 12:24:01 INFO  [main] o.s.b.w.c.s.WebApplicationContextInitializer - Root WebApplicationContext: initialization completed in 8056 ms
2026-04-02 12:24:03 INFO  [main] com.zaxxer.hikari.HikariDataSource - HikariPool-1 - Starting...
2026-04-02 12:24:04 INFO  [main] com.zaxxer.hikari.pool.HikariPool - HikariPool-1 - Added connection org.postgresql.jdbc.PgConnection@4a04ca74
2026-04-02 12:24:04 INFO  [main] com.zaxxer.hikari.HikariDataSource - HikariPool-1 - Start completed.
2026-04-02 12:24:04 INFO  [main] org.flywaydb.core.FlywayExecutor - Database: jdbc:postgresql://localhost:5432/emi_scheduler (PostgreSQL 18.3)
2026-04-02 12:24:05 INFO  [main] o.f.core.internal.command.DbValidate - Successfully validated 3 migrations (execution time 00:00.178s)
2026-04-02 12:24:05 INFO  [main] o.f.core.internal.command.DbMigrate - Current version of schema "public": 3
2026-04-02 12:24:05 INFO  [main] o.f.core.internal.command.DbMigrate - Schema "public" is up to date. No migration necessary.
2026-04-02 12:24:11 INFO  [main] o.s.o.j.p.SpringPersistenceUnitInfo - No LoadTimeWeaver setup: ignoring JPA class transformer
2026-04-02 12:24:16 INFO  [main] o.s.o.j.LocalContainerEntityManagerFactoryBean - Initialized JPA EntityManagerFactory for persistence unit 'default'
2026-04-02 12:24:16 INFO  [main] o.s.d.j.r.q.QueryEnhancerFactories - Hibernate is in classpath; If applicable, HQL parser will be used.
2026-04-02 12:24:18 INFO  [main] o.s.s.c.a.a.c.InitializeAuthenticationProviderBeanManagerConfigurer$InitializeAuthenticationProviderManagerConfigurer - Global AuthenticationManager configured with AuthenticationProvider bean with name authenticationProvider
2026-04-02 12:24:22 INFO  [main] o.a.coyote.http11.Http11NioProtocol - Starting ProtocolHandler ["http-nio-8080"]
2026-04-02 12:24:22 INFO  [main] o.s.boot.tomcat.TomcatWebServer - Tomcat started on port 8080 (http) with context path '/'
2026-04-02 12:24:22 INFO  [main] c.emiLoan.EMILoan.EmiLoanApplication - Started EmiLoanApplication in 32.355 seconds (process running for 37.333)
2026-04-02 12:35:58 INFO  [SpringApplicationShutdownHook] o.s.boot.tomcat.GracefulShutdown - Commencing graceful shutdown. Waiting for active requests to complete
2026-04-02 12:35:58 INFO  [tomcat-shutdown] o.s.boot.tomcat.GracefulShutdown - Graceful shutdown complete
2026-04-02 12:35:58 INFO  [SpringApplicationShutdownHook] o.s.o.j.LocalContainerEntityManagerFactoryBean - Closing JPA EntityManagerFactory for persistence unit 'default'
2026-04-02 12:35:59 INFO  [SpringApplicationShutdownHook] com.zaxxer.hikari.HikariDataSource - HikariPool-1 - Shutdown initiated...
2026-04-02 12:35:59 INFO  [SpringApplicationShutdownHook] com.zaxxer.hikari.HikariDataSource - HikariPool-1 - Shutdown completed.
2026-04-02 12:36:18 INFO  [main] c.emiLoan.EMILoan.EmiLoanApplication - Starting EmiLoanApplication using Java 21.0.10 with PID 7104 (C:\Users\om.kariya\Documents\EMILoan\EMILoan\target\classes started by Om.Kariya in C:\Users\om.kariya\Documents\EMILoan)
2026-04-02 12:36:18 INFO  [main] c.emiLoan.EMILoan.EmiLoanApplication - No active profile set, falling back to 1 default profile: "default"
2026-04-02 12:36:25 INFO  [main] o.s.d.r.c.RepositoryConfigurationDelegate - Bootstrapping Spring Data JPA repositories in DEFAULT mode.
2026-04-02 12:36:26 INFO  [main] o.s.d.r.c.RepositoryConfigurationDelegate - Finished Spring Data repository scanning in 779 ms. Found 12 JPA repository interfaces.
2026-04-02 12:36:31 INFO  [main] o.s.boot.tomcat.TomcatWebServer - Tomcat initialized with port 8080 (http)
2026-04-02 12:36:31 INFO  [main] o.a.coyote.http11.Http11NioProtocol - Initializing ProtocolHandler ["http-nio-8080"]
2026-04-02 12:36:31 INFO  [main] o.a.catalina.core.StandardService - Starting service [Tomcat]
2026-04-02 12:36:31 INFO  [main] o.a.catalina.core.StandardEngine - Starting Servlet engine: [Apache Tomcat/11.0.18]
2026-04-02 12:36:31 INFO  [main] o.s.b.w.c.s.WebApplicationContextInitializer - Root WebApplicationContext: initialization completed in 13508 ms
2026-04-02 12:36:33 INFO  [main] com.zaxxer.hikari.HikariDataSource - HikariPool-1 - Starting...
2026-04-02 12:36:35 INFO  [main] com.zaxxer.hikari.pool.HikariPool - HikariPool-1 - Added connection org.postgresql.jdbc.PgConnection@636dbfe7
2026-04-02 12:36:35 INFO  [main] com.zaxxer.hikari.HikariDataSource - HikariPool-1 - Start completed.
2026-04-02 12:36:36 INFO  [main] org.flywaydb.core.FlywayExecutor - Database: jdbc:postgresql://localhost:5432/emi_scheduler (PostgreSQL 18.3)
2026-04-02 12:36:36 INFO  [main] o.f.c.i.s.JdbcTableSchemaHistory - Schema history table "public"."flyway_schema_history" does not exist yet
2026-04-02 12:36:36 INFO  [main] o.f.core.internal.command.DbValidate - Successfully validated 3 migrations (execution time 00:00.239s)
2026-04-02 12:36:36 INFO  [main] org.flywaydb.core.Flyway - All configured schemas are empty; baseline operation skipped. A baseline or migration script with a lower version than the baseline version may execute if available. Check the Schemas parameter if this is not intended.
2026-04-02 12:36:36 INFO  [main] o.f.c.i.s.JdbcTableSchemaHistory - Creating Schema History table "public"."flyway_schema_history" ...
2026-04-02 12:36:37 INFO  [main] o.f.core.internal.command.DbMigrate - Current version of schema "public": << Empty Schema >>
2026-04-02 12:36:37 INFO  [main] o.f.core.internal.command.DbMigrate - Migrating schema "public" to version "1 - initial schema"
2026-04-02 12:36:39 INFO  [main] o.f.core.internal.command.DbMigrate - Migrating schema "public" to version "2 - Add Partial Payment Support"
2026-04-02 12:36:39 INFO  [main] o.f.core.internal.command.DbMigrate - Migrating schema "public" to version "3 - Add New LoanApplication Status"
2026-04-02 12:36:39 INFO  [main] o.f.core.internal.command.DbMigrate - Successfully applied 3 migrations to schema "public", now at version v3 (execution time 00:02.372s)
2026-04-02 12:36:45 INFO  [main] o.s.o.j.p.SpringPersistenceUnitInfo - No LoadTimeWeaver setup: ignoring JPA class transformer
2026-04-02 12:36:55 INFO  [main] o.s.o.j.LocalContainerEntityManagerFactoryBean - Initialized JPA EntityManagerFactory for persistence unit 'default'
2026-04-02 12:36:55 INFO  [main] o.s.d.j.r.q.QueryEnhancerFactories - Hibernate is in classpath; If applicable, HQL parser will be used.
2026-04-02 12:37:05 INFO  [main] o.s.s.c.a.a.c.InitializeAuthenticationProviderBeanManagerConfigurer$InitializeAuthenticationProviderManagerConfigurer - Global AuthenticationManager configured with AuthenticationProvider bean with name authenticationProvider
2026-04-02 12:37:14 INFO  [main] o.a.coyote.http11.Http11NioProtocol - Starting ProtocolHandler ["http-nio-8080"]
2026-04-02 12:37:15 INFO  [main] o.s.boot.tomcat.TomcatWebServer - Tomcat started on port 8080 (http) with context path '/'
2026-04-02 12:37:15 INFO  [main] c.emiLoan.EMILoan.EmiLoanApplication - Started EmiLoanApplication in 59.065 seconds (process running for 62.186)
2026-04-02 12:37:15 INFO  [main] c.e.EMILoan.config.DataInitializer - Initialized first admin user: admin@loan.com with code: USR000001
2026-04-02 12:37:29 INFO  [http-nio-8080-exec-1] o.a.c.c.C.[Tomcat].[localhost].[/] - Initializing Spring DispatcherServlet 'dispatcherServlet'
2026-04-02 12:37:29 INFO  [http-nio-8080-exec-1] o.s.web.servlet.DispatcherServlet - Initializing Servlet 'dispatcherServlet'
2026-04-02 12:37:29 INFO  [http-nio-8080-exec-1] o.s.web.servlet.DispatcherServlet - Completed initialization in 2 ms
2026-04-02 12:37:30 INFO  [http-nio-8080-exec-1] c.e.E.controller.auth.AuthController - Register request: odk1572@gmail.com
2026-04-02 12:37:30 INFO  [http-nio-8080-exec-1] c.e.E.service.impl.AuthServiceImpl - User USR000002 has been created
2026-04-02 12:37:30 INFO  [task-2] c.e.E.service.impl.AuditServiceImpl - System Audit Logged: Automated process performed CREATE on USER ID: 79f496a6-f14e-46b9-825e-de72656ac321
2026-04-02 12:37:37 INFO  [task-1] c.e.E.s.impl.NotificationServiceImpl - Email successfully sent to odk1572@gmail.com
2026-04-02 14:47:24 INFO  [main] c.emiLoan.EMILoan.EmiLoanApplication - Starting EmiLoanApplication using Java 21.0.10 with PID 26888 (C:\Users\om.kariya\Documents\EMILoan\EMILoan\target\classes started by Om.Kariya in C:\Users\om.kariya\Documents\EMILoan)
2026-04-02 14:47:24 INFO  [main] c.emiLoan.EMILoan.EmiLoanApplication - No active profile set, falling back to 1 default profile: "default"
2026-04-02 14:47:33 INFO  [main] o.s.d.r.c.RepositoryConfigurationDelegate - Bootstrapping Spring Data JPA repositories in DEFAULT mode.
2026-04-02 14:47:33 INFO  [main] o.s.d.r.c.RepositoryConfigurationDelegate - Finished Spring Data repository scanning in 312 ms. Found 12 JPA repository interfaces.
2026-04-02 14:47:35 INFO  [main] o.s.boot.tomcat.TomcatWebServer - Tomcat initialized with port 8080 (http)
2026-04-02 14:47:35 INFO  [main] o.a.coyote.http11.Http11NioProtocol - Initializing ProtocolHandler ["http-nio-8080"]
2026-04-02 14:47:35 INFO  [main] o.a.catalina.core.StandardService - Starting service [Tomcat]
2026-04-02 14:47:35 INFO  [main] o.a.catalina.core.StandardEngine - Starting Servlet engine: [Apache Tomcat/11.0.18]
2026-04-02 14:47:38 INFO  [main] o.s.b.w.c.s.WebApplicationContextInitializer - Root WebApplicationContext: initialization completed in 12947 ms
2026-04-02 14:47:44 INFO  [main] com.zaxxer.hikari.HikariDataSource - HikariPool-1 - Starting...
2026-04-02 14:47:49 INFO  [main] com.zaxxer.hikari.pool.HikariPool - HikariPool-1 - Added connection org.postgresql.jdbc.PgConnection@18b40fe6
2026-04-02 14:47:49 INFO  [main] com.zaxxer.hikari.HikariDataSource - HikariPool-1 - Start completed.
2026-04-02 14:47:50 INFO  [main] org.flywaydb.core.FlywayExecutor - Database: jdbc:postgresql://localhost:5432/emi_scheduler (PostgreSQL 18.3)
2026-04-02 14:47:50 INFO  [main] o.f.core.internal.command.DbValidate - Successfully validated 3 migrations (execution time 00:00.294s)
2026-04-02 14:47:51 INFO  [main] o.f.core.internal.command.DbMigrate - Current version of schema "public": 3
2026-04-02 14:47:51 INFO  [main] o.f.core.internal.command.DbMigrate - Schema "public" is up to date. No migration necessary.
2026-04-02 14:48:07 INFO  [main] o.s.o.j.p.SpringPersistenceUnitInfo - No LoadTimeWeaver setup: ignoring JPA class transformer
2026-04-02 14:48:18 INFO  [main] o.s.o.j.LocalContainerEntityManagerFactoryBean - Initialized JPA EntityManagerFactory for persistence unit 'default'
2026-04-02 14:48:18 INFO  [main] o.s.d.j.r.q.QueryEnhancerFactories - Hibernate is in classpath; If applicable, HQL parser will be used.
2026-04-02 14:48:29 INFO  [main] o.s.s.c.a.a.c.InitializeAuthenticationProviderBeanManagerConfigurer$InitializeAuthenticationProviderManagerConfigurer - Global AuthenticationManager configured with AuthenticationProvider bean with name authenticationProvider
2026-04-02 14:48:34 INFO  [main] o.a.coyote.http11.Http11NioProtocol - Starting ProtocolHandler ["http-nio-8080"]
2026-04-02 14:48:34 INFO  [main] o.s.boot.tomcat.TomcatWebServer - Tomcat started on port 8080 (http) with context path '/'
2026-04-02 14:48:34 INFO  [main] c.emiLoan.EMILoan.EmiLoanApplication - Started EmiLoanApplication in 75.413 seconds (process running for 80.452)
2026-04-02 14:52:46 INFO  [http-nio-8080-exec-2] o.a.c.c.C.[Tomcat].[localhost].[/] - Initializing Spring DispatcherServlet 'dispatcherServlet'
2026-04-02 14:52:46 INFO  [http-nio-8080-exec-2] o.s.web.servlet.DispatcherServlet - Initializing Servlet 'dispatcherServlet'
2026-04-02 14:52:46 INFO  [http-nio-8080-exec-2] o.s.web.servlet.DispatcherServlet - Completed initialization in 146 ms
2026-04-02 14:52:49 INFO  [http-nio-8080-exec-2] c.e.E.controller.auth.AuthController - Login request: 22ce259.om.kariya@vvpedulink.ac.in
2026-04-02 14:53:24 INFO  [http-nio-8080-exec-3] c.e.E.controller.auth.AuthController - Login request: odk1572@gmail.com
2026-04-02 14:53:31 INFO  [task-1] c.e.E.s.impl.NotificationServiceImpl - Email successfully sent to odk1572@gmail.com
2026-04-02 14:54:03 INFO  [http-nio-8080-exec-5] c.e.E.s.i.LoanApplicationServiceImpl - New Loan Application cb9cd20e-a116-42e7-9a22-2ea2e22fe124 created for borrower odk1572@gmail.com
2026-04-02 14:54:03 INFO  [task-3] c.e.E.service.impl.AuditServiceImpl - System Audit Logged: Automated process performed CREATE on APPLICATION ID: cb9cd20e-a116-42e7-9a22-2ea2e22fe124
2026-04-02 14:54:07 INFO  [task-2] c.e.E.s.impl.NotificationServiceImpl - Email successfully sent to odk1572@gmail.com
2026-04-02 15:21:31 INFO  [SpringApplicationShutdownHook] o.s.boot.tomcat.GracefulShutdown - Commencing graceful shutdown. Waiting for active requests to complete
2026-04-02 15:21:31 INFO  [tomcat-shutdown] o.s.boot.tomcat.GracefulShutdown - Graceful shutdown complete
2026-04-02 15:21:31 INFO  [SpringApplicationShutdownHook] o.s.o.j.LocalContainerEntityManagerFactoryBean - Closing JPA EntityManagerFactory for persistence unit 'default'
2026-04-02 15:21:41 INFO  [main] c.emiLoan.EMILoan.EmiLoanApplication - Starting EmiLoanApplication using Java 21.0.10 with PID 9160 (C:\Users\om.kariya\Documents\EMILoan\EMILoan\target\classes started by Om.Kariya in C:\Users\om.kariya\Documents\EMILoan)
2026-04-02 15:21:41 INFO  [main] c.emiLoan.EMILoan.EmiLoanApplication - No active profile set, falling back to 1 default profile: "default"
2026-04-02 15:21:44 INFO  [main] o.s.d.r.c.RepositoryConfigurationDelegate - Bootstrapping Spring Data JPA repositories in DEFAULT mode.
2026-04-02 15:21:44 INFO  [main] o.s.d.r.c.RepositoryConfigurationDelegate - Finished Spring Data repository scanning in 268 ms. Found 12 JPA repository interfaces.
2026-04-02 15:21:45 INFO  [main] o.s.boot.tomcat.TomcatWebServer - Tomcat initialized with port 8080 (http)
2026-04-02 15:21:45 INFO  [main] o.a.coyote.http11.Http11NioProtocol - Initializing ProtocolHandler ["http-nio-8080"]
2026-04-02 15:21:45 INFO  [main] o.a.catalina.core.StandardService - Starting service [Tomcat]
2026-04-02 15:21:45 INFO  [main] o.a.catalina.core.StandardEngine - Starting Servlet engine: [Apache Tomcat/11.0.18]
2026-04-02 15:21:46 INFO  [main] o.s.b.w.c.s.WebApplicationContextInitializer - Root WebApplicationContext: initialization completed in 4454 ms
2026-04-02 15:21:46 INFO  [main] com.zaxxer.hikari.HikariDataSource - HikariPool-1 - Starting...
2026-04-02 15:21:47 INFO  [main] com.zaxxer.hikari.pool.HikariPool - HikariPool-1 - Added connection org.postgresql.jdbc.PgConnection@734f8317
2026-04-02 15:21:47 INFO  [main] com.zaxxer.hikari.HikariDataSource - HikariPool-1 - Start completed.
2026-04-02 15:21:47 INFO  [main] org.flywaydb.core.FlywayExecutor - Database: jdbc:postgresql://localhost:5432/emi_scheduler (PostgreSQL 18.3)
2026-04-02 15:21:47 INFO  [main] o.f.core.internal.command.DbValidate - Successfully validated 3 migrations (execution time 00:00.086s)
2026-04-02 15:21:47 INFO  [main] o.f.core.internal.command.DbMigrate - Current version of schema "public": 3
2026-04-02 15:21:47 INFO  [main] o.f.core.internal.command.DbMigrate - Schema "public" is up to date. No migration necessary.
2026-04-02 15:21:50 INFO  [main] o.s.o.j.p.SpringPersistenceUnitInfo - No LoadTimeWeaver setup: ignoring JPA class transformer
2026-04-02 15:21:56 INFO  [main] o.s.o.j.LocalContainerEntityManagerFactoryBean - Initialized JPA EntityManagerFactory for persistence unit 'default'
2026-04-02 15:21:57 INFO  [main] o.s.d.j.r.q.QueryEnhancerFactories - Hibernate is in classpath; If applicable, HQL parser will be used.
2026-04-02 15:21:59 INFO  [main] o.s.s.c.a.a.c.InitializeAuthenticationProviderBeanManagerConfigurer$InitializeAuthenticationProviderManagerConfigurer - Global AuthenticationManager configured with AuthenticationProvider bean with name authenticationProvider
2026-04-02 15:22:02 INFO  [main] o.a.coyote.http11.Http11NioProtocol - Starting ProtocolHandler ["http-nio-8080"]
2026-04-02 15:22:03 INFO  [main] o.s.boot.tomcat.TomcatWebServer - Tomcat started on port 8080 (http) with context path '/'
2026-04-02 15:22:03 INFO  [main] c.emiLoan.EMILoan.EmiLoanApplication - Started EmiLoanApplication in 23.368 seconds (process running for 25.756)
2026-04-02 15:25:40 INFO  [http-nio-8080-exec-10] o.a.c.c.C.[Tomcat].[localhost].[/] - Initializing Spring DispatcherServlet 'dispatcherServlet'
2026-04-02 15:25:40 INFO  [http-nio-8080-exec-10] o.s.web.servlet.DispatcherServlet - Initializing Servlet 'dispatcherServlet'
2026-04-02 15:25:40 INFO  [http-nio-8080-exec-10] o.s.web.servlet.DispatcherServlet - Completed initialization in 11 ms
2026-04-02 15:25:41 INFO  [http-nio-8080-exec-10] c.e.E.controller.auth.AuthController - Register request: swap.kul20@gmail.com
2026-04-02 15:25:42 INFO  [http-nio-8080-exec-10] c.e.E.service.impl.AuthServiceImpl - User USR000003 has been created
2026-04-02 15:25:42 INFO  [task-2] c.e.E.service.impl.AuditServiceImpl - System Audit Logged: Automated process performed CREATE on USER ID: c39646c1-d531-4e93-bc9f-4040ff803452
2026-04-02 15:25:56 INFO  [task-1] c.e.E.s.impl.NotificationServiceImpl - Email successfully sent to swap.kul20@gmail.com
2026-04-02 15:28:32 INFO  [http-nio-8080-exec-3] c.e.E.controller.auth.AuthController - Login request: swap.kul20@gmail.com
2026-04-02 15:28:39 INFO  [task-3] c.e.E.s.impl.NotificationServiceImpl - Email successfully sent to swap.kul20@gmail.com
2026-04-02 15:30:27 INFO  [http-nio-8080-exec-7] c.e.E.s.i.LoanApplicationServiceImpl - New Loan Application a62daed5-09cb-469c-86ea-869c74d2248e created for borrower swap.kul20@gmail.com
2026-04-02 15:30:27 INFO  [task-5] c.e.E.service.impl.AuditServiceImpl - System Audit Logged: Automated process performed CREATE on APPLICATION ID: a62daed5-09cb-469c-86ea-869c74d2248e
2026-04-02 15:30:31 INFO  [task-4] c.e.E.s.impl.NotificationServiceImpl - Email successfully sent to swap.kul20@gmail.com
2026-04-02 15:31:46 INFO  [http-nio-8080-exec-1] c.e.E.controller.auth.AuthController - Login request: admin@loan.com
2026-04-02 15:31:46 INFO  [http-nio-8080-exec-1] c.e.E.service.impl.AuthServiceImpl - Staff Login detected: admin@loan.com
2026-04-02 15:31:52 INFO  [task-6] c.e.E.s.impl.NotificationServiceImpl - Email successfully sent to admin@loan.com
2026-04-02 15:32:39 INFO  [task-8] c.e.E.service.impl.AuditServiceImpl - System Audit Logged: Automated process performed CREATE on USER ID: cf6f5032-26c1-4a38-92e2-8e934ee97c04
2026-04-02 15:32:43 INFO  [task-7] c.e.E.s.impl.NotificationServiceImpl - Email successfully sent to 22ce259.om.kariya@vvpedulink.ac.in
2026-04-02 15:33:10 INFO  [http-nio-8080-exec-4] c.e.E.controller.auth.AuthController - Login request: 22ce259.om.kariya@vvpedulink.ac.in
2026-04-02 15:33:10 INFO  [http-nio-8080-exec-4] c.e.E.service.impl.AuthServiceImpl - Staff Login detected: 22ce259.om.kariya@vvpedulink.ac.in
2026-04-02 15:33:14 INFO  [task-9] c.e.E.s.impl.NotificationServiceImpl - Email successfully sent to 22ce259.om.kariya@vvpedulink.ac.in
2026-04-02 15:41:50 INFO  [task-10] c.e.E.service.impl.AuditServiceImpl - Audit Logged: 22ce259.om.kariya@vvpedulink.ac.in performed APPROVED on APPLICATION ID: a62daed5-09cb-469c-86ea-869c74d2248e
2026-04-02 15:41:50 INFO  [http-nio-8080-exec-10] c.e.E.service.impl.EmiServiceImpl - Financial Event: Generated 12 installments for Loan LAN000001
2026-04-02 15:41:50 INFO  [http-nio-8080-exec-10] c.e.E.service.impl.LoanServiceImpl - Successfully generated Loan 82f7e318-8fe0-4e87-bf78-4719a3abe452 (Code: LAN000001) for application a62daed5-09cb-469c-86ea-869c74d2248e
2026-04-02 15:41:55 INFO  [task-12] c.e.E.s.impl.NotificationServiceImpl - Email successfully sent to swap.kul20@gmail.com
2026-04-02 15:48:00 INFO  [http-nio-8080-exec-7] c.e.E.controller.auth.AuthController - Login request: swap.kul20@gmail.com
2026-04-02 15:48:05 INFO  [task-13] c.e.E.s.impl.NotificationServiceImpl - Email successfully sent to swap.kul20@gmail.com
2026-04-02 15:48:17 INFO  [http-nio-8080-exec-9] c.e.E.s.payment.CardPaymentStrategy - Initiating Payment Gateway Tokenization for Card...
2026-04-02 15:48:17 INFO  [http-nio-8080-exec-9] c.e.E.s.payment.CardPaymentStrategy - Amount: ₹10000
2026-04-02 15:48:17 INFO  [http-nio-8080-exec-9] c.e.E.s.payment.CardPaymentStrategy - Cardholder: John Doe
2026-04-02 15:48:17 INFO  [http-nio-8080-exec-9] c.e.E.s.payment.CardPaymentStrategy - Card Number: **** **** **** 3456
2026-04-02 15:48:17 INFO  [http-nio-8080-exec-9] c.e.E.s.payment.CardPaymentStrategy - Simulating Visa/Mastercard Network Response... SUCCESS.
2026-04-02 15:48:17 INFO  [http-nio-8080-exec-9] c.e.E.s.impl.PaymentServiceImpl - EMI #1 for Loan LAN000001 is PARTIALLY PAID. Remaining: ₹4177500.00
2026-04-02 15:48:17 INFO  [task-14] c.e.E.service.impl.AuditServiceImpl - Audit Logged: swap.kul20@gmail.com performed UPDATE on LOAN ID: 82f7e318-8fe0-4e87-bf78-4719a3abe452
2026-04-02 15:48:21 INFO  [task-15] c.e.E.s.impl.NotificationServiceImpl - Email successfully sent to swap.kul20@gmail.com
2026-04-02 15:49:20 INFO  [http-nio-8080-exec-10] c.e.E.s.payment.CardPaymentStrategy - Initiating Payment Gateway Tokenization for Card...
2026-04-02 15:49:20 INFO  [http-nio-8080-exec-10] c.e.E.s.payment.CardPaymentStrategy - Amount: ₹50000
2026-04-02 15:49:20 INFO  [http-nio-8080-exec-10] c.e.E.s.payment.CardPaymentStrategy - Cardholder: John Doe
2026-04-02 15:49:20 INFO  [http-nio-8080-exec-10] c.e.E.s.payment.CardPaymentStrategy - Card Number: **** **** **** 3456
2026-04-02 15:49:20 INFO  [http-nio-8080-exec-10] c.e.E.s.payment.CardPaymentStrategy - Simulating Visa/Mastercard Network Response... SUCCESS.
2026-04-02 15:49:20 INFO  [http-nio-8080-exec-10] c.e.E.s.impl.PaymentServiceImpl - EMI #1 for Loan LAN000001 is PARTIALLY PAID. Remaining: ₹4127500.00
2026-04-02 15:49:20 INFO  [task-16] c.e.E.service.impl.AuditServiceImpl - Audit Logged: swap.kul20@gmail.com performed UPDATE on LOAN ID: 82f7e318-8fe0-4e87-bf78-4719a3abe452
2026-04-02 15:49:24 INFO  [task-17] c.e.E.s.impl.NotificationServiceImpl - Email successfully sent to swap.kul20@gmail.com
2026-04-02 16:12:57 INFO  [http-nio-8080-exec-9] c.e.E.controller.auth.AuthController - Login request: odk1572@gmail.com
2026-04-02 16:13:03 INFO  [task-18] c.e.E.s.impl.NotificationServiceImpl - Email successfully sent to odk1572@gmail.com
2026-04-02 16:13:40 INFO  [http-nio-8080-exec-2] c.e.E.controller.auth.AuthController - Login request: odk1572@gmail.com
2026-04-02 16:13:45 INFO  [task-19] c.e.E.s.impl.NotificationServiceImpl - Email successfully sent to odk1572@gmail.com
2026-04-02 16:14:00 INFO  [http-nio-8080-exec-1] c.e.E.s.i.LoanApplicationServiceImpl - New Loan Application 918b8215-5fb8-40db-bdae-2d33b8887270 created for borrower odk1572@gmail.com
2026-04-02 16:14:00 INFO  [task-21] c.e.E.service.impl.AuditServiceImpl - System Audit Logged: Automated process performed CREATE on APPLICATION ID: 918b8215-5fb8-40db-bdae-2d33b8887270
2026-04-02 16:14:05 INFO  [task-20] c.e.E.s.impl.NotificationServiceImpl - Email successfully sent to odk1572@gmail.com
2026-04-02 16:14:22 INFO  [task-22] c.e.E.service.impl.AuditServiceImpl - Audit Logged: 22ce259.om.kariya@vvpedulink.ac.in performed APPROVED on APPLICATION ID: 918b8215-5fb8-40db-bdae-2d33b8887270
2026-04-02 16:14:23 INFO  [http-nio-8080-exec-10] c.e.E.service.impl.EmiServiceImpl - Financial Event: Generated 5 installments for Loan LAN000002
2026-04-02 16:14:23 INFO  [http-nio-8080-exec-10] c.e.E.service.impl.LoanServiceImpl - Successfully generated Loan 4da5cc69-5072-4cc6-b826-90287f0c6b7a (Code: LAN000002) for application 918b8215-5fb8-40db-bdae-2d33b8887270
2026-04-02 16:14:27 INFO  [task-24] c.e.E.s.impl.NotificationServiceImpl - Email successfully sent to odk1572@gmail.com
2026-04-02 16:30:39 INFO  [http-nio-8080-exec-3] c.e.E.controller.auth.AuthController - Login request: odk1572@gmail.com
2026-04-02 16:30:44 INFO  [task-25] c.e.E.s.impl.NotificationServiceImpl - Email successfully sent to odk1572@gmail.com
2026-04-02 16:31:39 INFO  [http-nio-8080-exec-7] c.e.E.controller.auth.AuthController - Login request: admin@loan.com
2026-04-02 16:31:39 INFO  [http-nio-8080-exec-7] c.e.E.service.impl.AuthServiceImpl - Staff Login detected: admin@loan.com
2026-04-02 16:31:44 INFO  [task-26] c.e.E.s.impl.NotificationServiceImpl - Email successfully sent to admin@loan.com
2026-04-02 16:32:56 INFO  [http-nio-8080-exec-10] c.e.E.controller.auth.AuthController - Login request: officer2@gmail.com
2026-04-02 16:33:05 INFO  [http-nio-8080-exec-4] c.e.E.controller.auth.AuthController - Login request: officer2@loan.com
2026-04-02 16:33:46 INFO  [http-nio-8080-exec-5] c.e.E.controller.auth.AuthController - Login request: 22ce259.om.kariya@vvpedulink.ac.in
2026-04-02 16:33:47 INFO  [http-nio-8080-exec-5] c.e.E.service.impl.AuthServiceImpl - Staff Login detected: 22ce259.om.kariya@vvpedulink.ac.in
2026-04-02 16:33:52 INFO  [task-27] c.e.E.s.impl.NotificationServiceImpl - Email successfully sent to 22ce259.om.kariya@vvpedulink.ac.in
2026-04-02 16:34:58 INFO  [http-nio-8080-exec-3] c.e.E.controller.auth.AuthController - Login request: odk1572@gmail.com
2026-04-02 16:35:12 INFO  [http-nio-8080-exec-7] c.e.E.controller.auth.AuthController - Login request: odk1572@gmail.com
2026-04-02 16:35:17 INFO  [task-28] c.e.E.s.impl.NotificationServiceImpl - Email successfully sent to odk1572@gmail.com
2026-04-02 16:37:03 INFO  [http-nio-8080-exec-4] c.e.E.controller.auth.AuthController - Login request: odk1572@gmail.com
2026-04-02 16:37:08 INFO  [task-29] c.e.E.s.impl.NotificationServiceImpl - Email successfully sent to odk1572@gmail.com
2026-04-02 23:02:47 INFO  [http-nio-8080-exec-4] c.e.E.s.impl.EmployeeServiceImpl - Updated salary for employee USR000004
2026-04-02 23:02:47 INFO  [http-nio-8080-exec-4] c.e.E.s.impl.EmployeeServiceImpl - Updated active status for employee USR000004 to true
2026-04-02 23:08:04 INFO  [http-nio-8080-exec-2] c.e.E.service.impl.AuthServiceImpl - User odk1572@gmail.com successfully soft-deleted (deactivated)
2026-04-02 23:08:04 INFO  [task-30] c.e.E.service.impl.AuditServiceImpl - System Audit Logged: Automated process performed DELETE on USER ID: 79f496a6-f14e-46b9-825e-de72656ac321
2026-04-02 23:30:58 INFO  [http-nio-8080-exec-9] c.e.E.controller.auth.AuthController - Login request: officer2@loan.com
2026-04-02 23:31:05 INFO  [http-nio-8080-exec-3] c.e.E.controller.auth.AuthController - Login request: officer2@loan.com
2026-04-02 23:31:18 INFO  [http-nio-8080-exec-7] c.e.E.controller.auth.AuthController - Login request: officer2@gmail.com
2026-04-02 23:31:22 INFO  [http-nio-8080-exec-2] c.e.E.controller.auth.AuthController - Login request: officer2@gmail.com
2026-04-02 23:31:47 INFO  [http-nio-8080-exec-10] c.e.E.controller.auth.AuthController - Login request: 22ce259.om.kariya@vvpedulink.ac.in
2026-04-02 23:31:52 INFO  [http-nio-8080-exec-4] c.e.E.controller.auth.AuthController - Login request: 22ce259.om.kariya@vvpedulink.ac.in
2026-04-02 23:31:53 INFO  [http-nio-8080-exec-4] c.e.E.service.impl.AuthServiceImpl - Staff Login detected: 22ce259.om.kariya@vvpedulink.ac.in
2026-04-02 23:31:59 INFO  [task-31] c.e.E.s.impl.NotificationServiceImpl - Email successfully sent to 22ce259.om.kariya@vvpedulink.ac.in
2026-04-02 23:32:33 INFO  [http-nio-8080-exec-6] c.e.E.controller.auth.AuthController - Login request: 22ce259.om.kariya@vvpedulink.ac.in
2026-04-02 23:32:33 INFO  [http-nio-8080-exec-6] c.e.E.service.impl.AuthServiceImpl - Staff Login detected: 22ce259.om.kariya@vvpedulink.ac.in
2026-04-02 23:32:39 INFO  [task-32] c.e.E.s.impl.NotificationServiceImpl - Email successfully sent to 22ce259.om.kariya@vvpedulink.ac.in
