2026-04-05 00:00:01 DEBUG [scheduling-1] org.hibernate.SQL - 
    delete 
    from
        otp_tokens ot1_0 
    where
        ot1_0.expiry_time<?
2026-04-05 00:00:02 DEBUG [scheduling-1] org.hibernate.SQL - 
    DELETE 
    FROM
        borrower_profile 
    WHERE
        user_id IN (SELECT
            user_id FROM users 
        WHERE
            is_active = false 
            AND is_deleted = false 
            AND created_at < ?)
2026-04-05 00:00:02 DEBUG [scheduling-1] org.hibernate.SQL - 
    DELETE 
    FROM
        employee_profile 
    WHERE
        user_id IN (SELECT
            user_id FROM users 
        WHERE
            is_active = false 
            AND is_deleted = false 
            AND created_at < ?)
2026-04-05 00:00:02 DEBUG [scheduling-1] org.hibernate.SQL - 
    DELETE 
    FROM
        users 
    WHERE
        is_active = false 
        AND is_deleted = false 
        AND created_at < (
            NOW() - INTERVAL '5 minutes'
        )
2026-04-05 00:02:14 INFO  [background-preinit] o.h.validator.internal.util.Version - HV000001: Hibernate Validator 9.0.1.Final
2026-04-05 00:02:22 INFO  [main] org.hibernate.orm.jpa - HHH008540: Processing PersistenceUnitInfo [name: default]
2026-04-05 00:02:22 INFO  [main] org.hibernate.orm.core - HHH000001: Hibernate ORM core version 7.2.7.Final
2026-04-05 00:02:23 WARN  [main] org.hibernate.orm.deprecation - HHH90000021: Encountered deprecated setting [hibernate.temp.use_jdbc_metadata_defaults], use [hibernate.boot.allow_jdbc_metadata_access] instead
2026-04-05 00:02:23 WARN  [main] org.hibernate.orm.deprecation - HHH90000025: PostgreSQLDialect does not need to be specified explicitly using 'hibernate.dialect' (remove the property setting and it will be selected by default)
2026-04-05 00:02:23 INFO  [main] o.hibernate.orm.connections.pooling - HHH10001005: Database info:
	Database JDBC URL [undefined/unknown]
	Database driver: undefined/unknown
	Database dialect: PostgreSQLDialect
	Database version: 13.0
	Default catalog/schema: unknown/unknown
	Autocommit mode: undefined/unknown
	Isolation level: <unknown>
	JDBC fetch size: undefined/unknown
	Pool: undefined/unknown
	Minimum pool size: undefined/unknown
	Maximum pool size: undefined/unknown
2026-04-05 00:02:26 INFO  [main] org.hibernate.orm.core - HHH000489: No JTA platform available (set 'hibernate.transaction.jta.platform' to enable JTA platform integration)
2026-04-05 00:02:30 DEBUG [main] org.hibernate.SQL - 
    select
        r1_0.role_id,
        r1_0.created_at,
        r1_0.description,
        r1_0.role_name 
    from
        roles r1_0 
    where
        r1_0.role_name=?
2026-04-05 00:02:30 DEBUG [main] org.hibernate.SQL - 
    select
        r1_0.role_id,
        r1_0.created_at,
        r1_0.description,
        r1_0.role_name 
    from
        roles r1_0 
    where
        r1_0.role_name=?
2026-04-05 00:02:30 DEBUG [main] org.hibernate.SQL - 
    select
        r1_0.role_id,
        r1_0.created_at,
        r1_0.description,
        r1_0.role_name 
    from
        roles r1_0 
    where
        r1_0.role_name=?
2026-04-05 00:02:30 DEBUG [main] org.hibernate.SQL - 
    select
        u1_0.user_id,
        u1_0.created_at,
        u1_0.deleted_at,
        u1_0.deleted_by,
        u1_0.email,
        u1_0.first_name,
        u1_0.is_active,
        u1_0.is_deleted,
        u1_0.last_name,
        u1_0.password,
        u1_0.person_id,
        u1_0.phone,
        u1_0.role_id,
        u1_0.updated_at,
        u1_0.user_code 
    from
        users u1_0 
    where
        (
            u1_0.is_deleted = false
        ) 
        and u1_0.email=?
2026-04-05 00:02:30 DEBUG [main] org.hibernate.SQL - 
    select
        r1_0.role_id,
        r1_0.created_at,
        r1_0.description,
        r1_0.role_name 
    from
        roles r1_0 
    where
        r1_0.role_name=?
2026-04-05 00:02:30 DEBUG [main] org.hibernate.SQL - 
    select
        pi1_0.person_id,
        pi1_0.created_at,
        pi1_0.pan_first3,
        pi1_0.pan_hash,
        pi1_0.pan_last2,
        pi1_0.person_code,
        pi1_0.updated_at 
    from
        person_identity pi1_0 
    where
        pi1_0.pan_hash=?
2026-04-05 00:02:31 DEBUG [main] org.hibernate.SQL - 
    insert 
    into
        person_identity
        (created_at, pan_first3, pan_hash, pan_last2, updated_at, person_id) 
    values
        (?, ?, ?, ?, ?, ?)
2026-04-05 00:02:31 DEBUG [main] org.hibernate.SQL - 
    select
        pi1_0.person_id,
        pi1_0.created_at,
        pi1_0.pan_first3,
        pi1_0.pan_hash,
        pi1_0.pan_last2,
        pi1_0.person_code,
        pi1_0.updated_at 
    from
        person_identity pi1_0 
    where
        pi1_0.person_id=?
2026-04-05 00:02:31 DEBUG [main] org.hibernate.SQL - 
    insert 
    into
        users
        (created_at, deleted_at, deleted_by, email, first_name, is_active, is_deleted, last_name, password, person_id, phone, role_id, updated_at, user_id) 
    values
        (?, ?, ?, ?, ?, ?, ?, ?, ?, ?, ?, ?, ?, ?)
2026-04-05 00:02:31 DEBUG [main] org.hibernate.SQL - 
    select
        u1_0.user_id,
        u1_0.created_at,
        u1_0.deleted_at,
        u1_0.deleted_by,
        u1_0.email,
        u1_0.first_name,
        u1_0.is_active,
        u1_0.is_deleted,
        u1_0.last_name,
        u1_0.password,
        u1_0.person_id,
        u1_0.phone,
        u1_0.role_id,
        r1_0.role_id,
        r1_0.created_at,
        r1_0.description,
        r1_0.role_name,
        u1_0.updated_at,
        u1_0.user_code 
    from
        users u1_0 
    join
        roles r1_0 
            on r1_0.role_id=u1_0.role_id 
    where
        u1_0.user_id=? 
        and (
            u1_0.is_deleted = false
        )
2026-04-05 00:02:53 DEBUG [http-nio-8080-exec-2] org.hibernate.SQL - 
    select
        u1_0.user_id 
    from
        users u1_0 
    where
        (
            u1_0.is_deleted = false
        ) 
        and u1_0.email=? 
    fetch
        first ? rows only
2026-04-05 00:02:53 DEBUG [http-nio-8080-exec-2] org.hibernate.SQL - 
    select
        u1_0.user_id 
    from
        users u1_0 
    left join
        person_identity p1_0 
            on p1_0.person_id=u1_0.person_id 
    left join
        roles r1_0 
            on r1_0.role_id=u1_0.role_id 
    where
        (
            u1_0.is_deleted = false
        ) 
        and p1_0.pan_hash=? 
        and r1_0.role_name=? 
    fetch
        first ? rows only
2026-04-05 00:02:53 DEBUG [http-nio-8080-exec-2] org.hibernate.SQL - 
    select
        pi1_0.person_id,
        pi1_0.created_at,
        pi1_0.pan_first3,
        pi1_0.pan_hash,
        pi1_0.pan_last2,
        pi1_0.person_code,
        pi1_0.updated_at 
    from
        person_identity pi1_0 
    where
        pi1_0.pan_hash=?
2026-04-05 00:02:53 DEBUG [http-nio-8080-exec-2] org.hibernate.SQL - 
    insert 
    into
        person_identity
        (created_at, pan_first3, pan_hash, pan_last2, updated_at, person_id) 
    values
        (?, ?, ?, ?, ?, ?)
2026-04-05 00:02:53 DEBUG [http-nio-8080-exec-2] org.hibernate.SQL - 
    select
        pi1_0.person_id,
        pi1_0.created_at,
        pi1_0.pan_first3,
        pi1_0.pan_hash,
        pi1_0.pan_last2,
        pi1_0.person_code,
        pi1_0.updated_at 
    from
        person_identity pi1_0 
    where
        pi1_0.person_id=?
2026-04-05 00:02:53 DEBUG [http-nio-8080-exec-2] org.hibernate.SQL - 
    select
        r1_0.role_id,
        r1_0.created_at,
        r1_0.description,
        r1_0.role_name 
    from
        roles r1_0 
    where
        r1_0.role_name=?
2026-04-05 00:02:53 DEBUG [http-nio-8080-exec-2] org.hibernate.SQL - 
    insert 
    into
        users
        (created_at, deleted_at, deleted_by, email, first_name, is_active, is_deleted, last_name, password, person_id, phone, role_id, updated_at, user_id) 
    values
        (?, ?, ?, ?, ?, ?, ?, ?, ?, ?, ?, ?, ?, ?)
2026-04-05 00:02:53 DEBUG [http-nio-8080-exec-2] org.hibernate.SQL - 
    select
        u1_0.user_id,
        u1_0.created_at,
        u1_0.deleted_at,
        u1_0.deleted_by,
        u1_0.email,
        u1_0.first_name,
        u1_0.is_active,
        u1_0.is_deleted,
        u1_0.last_name,
        u1_0.password,
        u1_0.person_id,
        u1_0.phone,
        u1_0.role_id,
        r1_0.role_id,
        r1_0.created_at,
        r1_0.description,
        r1_0.role_name,
        u1_0.updated_at,
        u1_0.user_code 
    from
        users u1_0 
    join
        roles r1_0 
            on r1_0.role_id=u1_0.role_id 
    where
        u1_0.user_id=? 
        and (
            u1_0.is_deleted = false
        )
2026-04-05 00:02:54 DEBUG [http-nio-8080-exec-2] org.hibernate.SQL - 
    insert 
    into
        borrower_profile
        (created_at, existing_loan_count, monthly_income, updated_at, user_id, borrower_id) 
    values
        (?, ?, ?, ?, ?, ?)
2026-04-05 00:02:54 DEBUG [task-2] org.hibernate.SQL - 
    insert 
    into
        audit_logs
        (action, action_time, actor_id, description, entity_id, entity_type, new_value, old_value, audit_id) 
    values
        (?, ?, ?, ?, ?, ?, ?, ?, ?)
2026-04-05 00:02:54 DEBUG [http-nio-8080-exec-2] org.hibernate.SQL - 
    insert 
    into
        otp_tokens
        (email, expiry_time, otp_code, purpose, id) 
    values
        (?, ?, ?, ?, ?)
2026-04-05 00:03:06 DEBUG [task-1] org.hibernate.SQL - 
    insert 
    into
        notifications
        (deleted_at, deleted_by, email, emi_id, is_deleted, loan_id, message, sent_at, status, subject, user_id, notification_id) 
    values
        (?, ?, ?, ?, ?, ?, ?, ?, ?, ?, ?, ?)
2026-04-05 00:05:07 DEBUG [scheduling-1] org.hibernate.SQL - 
    delete 
    from
        otp_tokens ot1_0 
    where
        ot1_0.expiry_time<?
2026-04-05 00:05:07 DEBUG [scheduling-1] org.hibernate.SQL - 
    DELETE 
    FROM
        users 
    WHERE
        is_active = false 
        AND is_deleted = false 
        AND created_at < ?
2026-04-05 00:08:15 DEBUG [http-nio-8080-exec-4] org.hibernate.SQL - 
    select
        u1_0.user_id 
    from
        users u1_0 
    where
        (
            u1_0.is_deleted = false
        ) 
        and u1_0.email=? 
    fetch
        first ? rows only
2026-04-05 00:08:32 DEBUG [http-nio-8080-exec-6] org.hibernate.SQL - 
    select
        u1_0.user_id 
    from
        users u1_0 
    where
        (
            u1_0.is_deleted = false
        ) 
        and u1_0.email=? 
    fetch
        first ? rows only
2026-04-05 00:10:01 DEBUG [scheduling-1] org.hibernate.SQL - 
    delete 
    from
        otp_tokens ot1_0 
    where
        ot1_0.expiry_time<?
2026-04-05 00:10:01 DEBUG [scheduling-1] org.hibernate.SQL - 
    DELETE 
    FROM
        users 
    WHERE
        is_active = false 
        AND is_deleted = false 
        AND created_at < ?
2026-04-05 00:10:13 DEBUG [http-nio-8080-exec-8] org.hibernate.SQL - 
    select
        u1_0.user_id 
    from
        users u1_0 
    where
        (
            u1_0.is_deleted = false
        ) 
        and u1_0.email=? 
    fetch
        first ? rows only
2026-04-05 00:10:13 DEBUG [http-nio-8080-exec-8] org.hibernate.SQL - 
    select
        u1_0.user_id 
    from
        users u1_0 
    left join
        person_identity p1_0 
            on p1_0.person_id=u1_0.person_id 
    left join
        roles r1_0 
            on r1_0.role_id=u1_0.role_id 
    where
        (
            u1_0.is_deleted = false
        ) 
        and p1_0.pan_hash=? 
        and r1_0.role_name=? 
    fetch
        first ? rows only
2026-04-05 00:10:13 DEBUG [http-nio-8080-exec-8] org.hibernate.SQL - 
    select
        pi1_0.person_id,
        pi1_0.created_at,
        pi1_0.pan_first3,
        pi1_0.pan_hash,
        pi1_0.pan_last2,
        pi1_0.person_code,
        pi1_0.updated_at 
    from
        person_identity pi1_0 
    where
        pi1_0.pan_hash=?
2026-04-05 00:10:13 DEBUG [http-nio-8080-exec-8] org.hibernate.SQL - 
    select
        r1_0.role_id,
        r1_0.created_at,
        r1_0.description,
        r1_0.role_name 
    from
        roles r1_0 
    where
        r1_0.role_name=?
2026-04-05 00:10:14 DEBUG [http-nio-8080-exec-8] org.hibernate.SQL - 
    insert 
    into
        users
        (created_at, deleted_at, deleted_by, email, first_name, is_active, is_deleted, last_name, password, person_id, phone, role_id, updated_at, user_id) 
    values
        (?, ?, ?, ?, ?, ?, ?, ?, ?, ?, ?, ?, ?, ?)
2026-04-05 00:10:14 DEBUG [http-nio-8080-exec-8] org.hibernate.SQL - 
    select
        u1_0.user_id,
        u1_0.created_at,
        u1_0.deleted_at,
        u1_0.deleted_by,
        u1_0.email,
        u1_0.first_name,
        u1_0.is_active,
        u1_0.is_deleted,
        u1_0.last_name,
        u1_0.password,
        u1_0.person_id,
        u1_0.phone,
        u1_0.role_id,
        r1_0.role_id,
        r1_0.created_at,
        r1_0.description,
        r1_0.role_name,
        u1_0.updated_at,
        u1_0.user_code 
    from
        users u1_0 
    join
        roles r1_0 
            on r1_0.role_id=u1_0.role_id 
    where
        u1_0.user_id=? 
        and (
            u1_0.is_deleted = false
        )
2026-04-05 00:10:14 DEBUG [http-nio-8080-exec-8] org.hibernate.SQL - 
    insert 
    into
        borrower_profile
        (created_at, existing_loan_count, monthly_income, updated_at, user_id, borrower_id) 
    values
        (?, ?, ?, ?, ?, ?)
2026-04-05 00:10:14 DEBUG [http-nio-8080-exec-8] org.hibernate.SQL - 
    insert 
    into
        otp_tokens
        (email, expiry_time, otp_code, purpose, id) 
    values
        (?, ?, ?, ?, ?)
2026-04-05 00:10:14 DEBUG [task-4] org.hibernate.SQL - 
    insert 
    into
        audit_logs
        (action, action_time, actor_id, description, entity_id, entity_type, new_value, old_value, audit_id) 
    values
        (?, ?, ?, ?, ?, ?, ?, ?, ?)
2026-04-05 00:10:26 DEBUG [task-3] org.hibernate.SQL - 
    insert 
    into
        notifications
        (deleted_at, deleted_by, email, emi_id, is_deleted, loan_id, message, sent_at, status, subject, user_id, notification_id) 
    values
        (?, ?, ?, ?, ?, ?, ?, ?, ?, ?, ?, ?)
2026-04-05 00:11:15 DEBUG [http-nio-8080-exec-1] org.hibernate.SQL - 
    select
        u1_0.user_id 
    from
        users u1_0 
    where
        (
            u1_0.is_deleted = false
        ) 
        and u1_0.email=? 
    fetch
        first ? rows only
2026-04-05 00:11:29 DEBUG [http-nio-8080-exec-5] org.hibernate.SQL - 
    select
        u1_0.user_id 
    from
        users u1_0 
    where
        (
            u1_0.is_deleted = false
        ) 
        and u1_0.email=? 
    fetch
        first ? rows only
2026-04-05 00:11:31 DEBUG [http-nio-8080-exec-7] org.hibernate.SQL - 
    select
        u1_0.user_id 
    from
        users u1_0 
    where
        (
            u1_0.is_deleted = false
        ) 
        and u1_0.email=? 
    fetch
        first ? rows only
2026-04-05 00:12:08 DEBUG [http-nio-8080-exec-4] org.hibernate.SQL - 
    select
        u1_0.user_id 
    from
        users u1_0 
    where
        (
            u1_0.is_deleted = false
        ) 
        and u1_0.email=? 
    fetch
        first ? rows only
2026-04-05 00:12:13 DEBUG [http-nio-8080-exec-6] org.hibernate.SQL - 
    select
        u1_0.user_id 
    from
        users u1_0 
    where
        (
            u1_0.is_deleted = false
        ) 
        and u1_0.email=? 
    fetch
        first ? rows only
2026-04-05 00:12:22 DEBUG [http-nio-8080-exec-3] org.hibernate.SQL - 
    select
        u1_0.user_id 
    from
        users u1_0 
    where
        (
            u1_0.is_deleted = false
        ) 
        and u1_0.email=? 
    fetch
        first ? rows only
2026-04-05 00:12:30 DEBUG [http-nio-8080-exec-9] org.hibernate.SQL - 
    select
        u1_0.user_id 
    from
        users u1_0 
    where
        (
            u1_0.is_deleted = false
        ) 
        and u1_0.email=? 
    fetch
        first ? rows only
2026-04-05 00:12:35 DEBUG [http-nio-8080-exec-8] org.hibernate.SQL - 
    select
        u1_0.user_id 
    from
        users u1_0 
    where
        (
            u1_0.is_deleted = false
        ) 
        and u1_0.email=? 
    fetch
        first ? rows only
2026-04-05 00:13:38 DEBUG [http-nio-8080-exec-10] org.hibernate.SQL - 
    select
        u1_0.user_id 
    from
        users u1_0 
    where
        (
            u1_0.is_deleted = false
        ) 
        and u1_0.email=? 
    fetch
        first ? rows only
2026-04-05 00:14:09 DEBUG [http-nio-8080-exec-2] org.hibernate.SQL - 
    select
        u1_0.user_id 
    from
        users u1_0 
    where
        (
            u1_0.is_deleted = false
        ) 
        and u1_0.email=? 
    fetch
        first ? rows only
2026-04-05 00:14:48 DEBUG [http-nio-8080-exec-1] org.hibernate.SQL - 
    select
        u1_0.user_id 
    from
        users u1_0 
    where
        (
            u1_0.is_deleted = false
        ) 
        and u1_0.email=? 
    fetch
        first ? rows only
2026-04-05 00:15:00 DEBUG [scheduling-1] org.hibernate.SQL - 
    delete 
    from
        otp_tokens ot1_0 
    where
        ot1_0.expiry_time<?
2026-04-05 00:15:00 DEBUG [scheduling-1] org.hibernate.SQL - 
    DELETE 
    FROM
        users 
    WHERE
        is_active = false 
        AND is_deleted = false 
        AND created_at < ?
2026-04-05 00:15:02 DEBUG [http-nio-8080-exec-5] org.hibernate.SQL - 
    select
        u1_0.user_id 
    from
        users u1_0 
    where
        (
            u1_0.is_deleted = false
        ) 
        and u1_0.email=? 
    fetch
        first ? rows only
2026-04-05 00:15:17 DEBUG [http-nio-8080-exec-7] org.hibernate.SQL - 
    select
        u1_0.user_id 
    from
        users u1_0 
    where
        (
            u1_0.is_deleted = false
        ) 
        and u1_0.email=? 
    fetch
        first ? rows only
2026-04-05 00:15:20 DEBUG [http-nio-8080-exec-4] org.hibernate.SQL - 
    select
        u1_0.user_id 
    from
        users u1_0 
    where
        (
            u1_0.is_deleted = false
        ) 
        and u1_0.email=? 
    fetch
        first ? rows only
2026-04-05 00:15:22 DEBUG [http-nio-8080-exec-6] org.hibernate.SQL - 
    select
        u1_0.user_id 
    from
        users u1_0 
    where
        (
            u1_0.is_deleted = false
        ) 
        and u1_0.email=? 
    fetch
        first ? rows only
2026-04-05 00:15:23 DEBUG [http-nio-8080-exec-3] org.hibernate.SQL - 
    select
        u1_0.user_id 
    from
        users u1_0 
    where
        (
            u1_0.is_deleted = false
        ) 
        and u1_0.email=? 
    fetch
        first ? rows only
2026-04-05 00:15:24 DEBUG [http-nio-8080-exec-9] org.hibernate.SQL - 
    select
        u1_0.user_id 
    from
        users u1_0 
    where
        (
            u1_0.is_deleted = false
        ) 
        and u1_0.email=? 
    fetch
        first ? rows only
2026-04-05 00:15:25 DEBUG [http-nio-8080-exec-8] org.hibernate.SQL - 
    select
        u1_0.user_id 
    from
        users u1_0 
    where
        (
            u1_0.is_deleted = false
        ) 
        and u1_0.email=? 
    fetch
        first ? rows only
2026-04-05 00:15:26 DEBUG [http-nio-8080-exec-10] org.hibernate.SQL - 
    select
        u1_0.user_id 
    from
        users u1_0 
    where
        (
            u1_0.is_deleted = false
        ) 
        and u1_0.email=? 
    fetch
        first ? rows only
2026-04-05 00:15:28 DEBUG [http-nio-8080-exec-2] org.hibernate.SQL - 
    select
        u1_0.user_id 
    from
        users u1_0 
    where
        (
            u1_0.is_deleted = false
        ) 
        and u1_0.email=? 
    fetch
        first ? rows only
2026-04-05 00:15:29 DEBUG [http-nio-8080-exec-1] org.hibernate.SQL - 
    select
        u1_0.user_id 
    from
        users u1_0 
    where
        (
            u1_0.is_deleted = false
        ) 
        and u1_0.email=? 
    fetch
        first ? rows only
2026-04-05 00:15:30 DEBUG [http-nio-8080-exec-5] org.hibernate.SQL - 
    select
        u1_0.user_id 
    from
        users u1_0 
    where
        (
            u1_0.is_deleted = false
        ) 
        and u1_0.email=? 
    fetch
        first ? rows only
2026-04-05 00:15:31 DEBUG [http-nio-8080-exec-7] org.hibernate.SQL - 
    select
        u1_0.user_id 
    from
        users u1_0 
    where
        (
            u1_0.is_deleted = false
        ) 
        and u1_0.email=? 
    fetch
        first ? rows only
2026-04-05 00:15:32 DEBUG [http-nio-8080-exec-4] org.hibernate.SQL - 
    select
        u1_0.user_id 
    from
        users u1_0 
    where
        (
            u1_0.is_deleted = false
        ) 
        and u1_0.email=? 
    fetch
        first ? rows only
2026-04-05 00:15:33 DEBUG [http-nio-8080-exec-6] org.hibernate.SQL - 
    select
        u1_0.user_id 
    from
        users u1_0 
    where
        (
            u1_0.is_deleted = false
        ) 
        and u1_0.email=? 
    fetch
        first ? rows only
2026-04-05 00:15:34 DEBUG [http-nio-8080-exec-3] org.hibernate.SQL - 
    select
        u1_0.user_id 
    from
        users u1_0 
    where
        (
            u1_0.is_deleted = false
        ) 
        and u1_0.email=? 
    fetch
        first ? rows only
2026-04-05 00:15:36 DEBUG [http-nio-8080-exec-9] org.hibernate.SQL - 
    select
        u1_0.user_id 
    from
        users u1_0 
    where
        (
            u1_0.is_deleted = false
        ) 
        and u1_0.email=? 
    fetch
        first ? rows only
2026-04-05 00:15:37 DEBUG [http-nio-8080-exec-8] org.hibernate.SQL - 
    select
        u1_0.user_id 
    from
        users u1_0 
    where
        (
            u1_0.is_deleted = false
        ) 
        and u1_0.email=? 
    fetch
        first ? rows only
2026-04-05 00:15:41 DEBUG [http-nio-8080-exec-10] org.hibernate.SQL - 
    select
        u1_0.user_id 
    from
        users u1_0 
    where
        (
            u1_0.is_deleted = false
        ) 
        and u1_0.email=? 
    fetch
        first ? rows only
2026-04-05 00:15:43 DEBUG [http-nio-8080-exec-2] org.hibernate.SQL - 
    select
        u1_0.user_id 
    from
        users u1_0 
    where
        (
            u1_0.is_deleted = false
        ) 
        and u1_0.email=? 
    fetch
        first ? rows only
2026-04-05 00:15:45 DEBUG [http-nio-8080-exec-1] org.hibernate.SQL - 
    select
        u1_0.user_id 
    from
        users u1_0 
    where
        (
            u1_0.is_deleted = false
        ) 
        and u1_0.email=? 
    fetch
        first ? rows only
2026-04-05 00:15:47 DEBUG [http-nio-8080-exec-5] org.hibernate.SQL - 
    select
        u1_0.user_id 
    from
        users u1_0 
    where
        (
            u1_0.is_deleted = false
        ) 
        and u1_0.email=? 
    fetch
        first ? rows only
2026-04-05 00:15:49 DEBUG [http-nio-8080-exec-7] org.hibernate.SQL - 
    select
        u1_0.user_id 
    from
        users u1_0 
    where
        (
            u1_0.is_deleted = false
        ) 
        and u1_0.email=? 
    fetch
        first ? rows only
2026-04-05 00:15:50 DEBUG [http-nio-8080-exec-4] org.hibernate.SQL - 
    select
        u1_0.user_id 
    from
        users u1_0 
    where
        (
            u1_0.is_deleted = false
        ) 
        and u1_0.email=? 
    fetch
        first ? rows only
2026-04-05 00:15:51 DEBUG [http-nio-8080-exec-6] org.hibernate.SQL - 
    select
        u1_0.user_id 
    from
        users u1_0 
    where
        (
            u1_0.is_deleted = false
        ) 
        and u1_0.email=? 
    fetch
        first ? rows only
2026-04-05 00:15:52 DEBUG [http-nio-8080-exec-3] org.hibernate.SQL - 
    select
        u1_0.user_id 
    from
        users u1_0 
    where
        (
            u1_0.is_deleted = false
        ) 
        and u1_0.email=? 
    fetch
        first ? rows only
2026-04-05 00:15:53 DEBUG [http-nio-8080-exec-9] org.hibernate.SQL - 
    select
        u1_0.user_id 
    from
        users u1_0 
    where
        (
            u1_0.is_deleted = false
        ) 
        and u1_0.email=? 
    fetch
        first ? rows only
2026-04-05 00:15:54 DEBUG [http-nio-8080-exec-8] org.hibernate.SQL - 
    select
        u1_0.user_id 
    from
        users u1_0 
    where
        (
            u1_0.is_deleted = false
        ) 
        and u1_0.email=? 
    fetch
        first ? rows only
2026-04-05 00:15:55 DEBUG [http-nio-8080-exec-10] org.hibernate.SQL - 
    select
        u1_0.user_id 
    from
        users u1_0 
    where
        (
            u1_0.is_deleted = false
        ) 
        and u1_0.email=? 
    fetch
        first ? rows only
2026-04-05 00:15:56 DEBUG [http-nio-8080-exec-2] org.hibernate.SQL - 
    select
        u1_0.user_id 
    from
        users u1_0 
    where
        (
            u1_0.is_deleted = false
        ) 
        and u1_0.email=? 
    fetch
        first ? rows only
2026-04-05 00:15:57 DEBUG [http-nio-8080-exec-1] org.hibernate.SQL - 
    select
        u1_0.user_id 
    from
        users u1_0 
    where
        (
            u1_0.is_deleted = false
        ) 
        and u1_0.email=? 
    fetch
        first ? rows only
2026-04-05 00:15:59 DEBUG [http-nio-8080-exec-5] org.hibernate.SQL - 
    select
        u1_0.user_id 
    from
        users u1_0 
    where
        (
            u1_0.is_deleted = false
        ) 
        and u1_0.email=? 
    fetch
        first ? rows only
2026-04-05 00:16:00 DEBUG [http-nio-8080-exec-7] org.hibernate.SQL - 
    select
        u1_0.user_id 
    from
        users u1_0 
    where
        (
            u1_0.is_deleted = false
        ) 
        and u1_0.email=? 
    fetch
        first ? rows only
2026-04-05 00:16:01 DEBUG [http-nio-8080-exec-4] org.hibernate.SQL - 
    select
        u1_0.user_id 
    from
        users u1_0 
    where
        (
            u1_0.is_deleted = false
        ) 
        and u1_0.email=? 
    fetch
        first ? rows only
2026-04-05 00:16:03 DEBUG [http-nio-8080-exec-6] org.hibernate.SQL - 
    select
        u1_0.user_id 
    from
        users u1_0 
    where
        (
            u1_0.is_deleted = false
        ) 
        and u1_0.email=? 
    fetch
        first ? rows only
2026-04-05 00:16:06 DEBUG [http-nio-8080-exec-3] org.hibernate.SQL - 
    select
        u1_0.user_id 
    from
        users u1_0 
    where
        (
            u1_0.is_deleted = false
        ) 
        and u1_0.email=? 
    fetch
        first ? rows only
2026-04-05 00:16:09 DEBUG [http-nio-8080-exec-9] org.hibernate.SQL - 
    select
        u1_0.user_id 
    from
        users u1_0 
    where
        (
            u1_0.is_deleted = false
        ) 
        and u1_0.email=? 
    fetch
        first ? rows only
2026-04-05 00:16:10 DEBUG [http-nio-8080-exec-8] org.hibernate.SQL - 
    select
        u1_0.user_id 
    from
        users u1_0 
    where
        (
            u1_0.is_deleted = false
        ) 
        and u1_0.email=? 
    fetch
        first ? rows only
2026-04-05 00:16:12 DEBUG [http-nio-8080-exec-10] org.hibernate.SQL - 
    select
        u1_0.user_id 
    from
        users u1_0 
    where
        (
            u1_0.is_deleted = false
        ) 
        and u1_0.email=? 
    fetch
        first ? rows only
2026-04-05 00:16:13 DEBUG [http-nio-8080-exec-2] org.hibernate.SQL - 
    select
        u1_0.user_id 
    from
        users u1_0 
    where
        (
            u1_0.is_deleted = false
        ) 
        and u1_0.email=? 
    fetch
        first ? rows only
2026-04-05 00:16:14 DEBUG [http-nio-8080-exec-1] org.hibernate.SQL - 
    select
        u1_0.user_id 
    from
        users u1_0 
    where
        (
            u1_0.is_deleted = false
        ) 
        and u1_0.email=? 
    fetch
        first ? rows only
2026-04-05 00:16:15 DEBUG [http-nio-8080-exec-5] org.hibernate.SQL - 
    select
        u1_0.user_id 
    from
        users u1_0 
    where
        (
            u1_0.is_deleted = false
        ) 
        and u1_0.email=? 
    fetch
        first ? rows only
2026-04-05 00:16:16 DEBUG [http-nio-8080-exec-7] org.hibernate.SQL - 
    select
        u1_0.user_id 
    from
        users u1_0 
    where
        (
            u1_0.is_deleted = false
        ) 
        and u1_0.email=? 
    fetch
        first ? rows only
2026-04-05 00:16:18 DEBUG [http-nio-8080-exec-4] org.hibernate.SQL - 
    select
        u1_0.user_id 
    from
        users u1_0 
    where
        (
            u1_0.is_deleted = false
        ) 
        and u1_0.email=? 
    fetch
        first ? rows only
2026-04-05 00:16:19 DEBUG [http-nio-8080-exec-6] org.hibernate.SQL - 
    select
        u1_0.user_id 
    from
        users u1_0 
    where
        (
            u1_0.is_deleted = false
        ) 
        and u1_0.email=? 
    fetch
        first ? rows only
2026-04-05 00:16:21 DEBUG [http-nio-8080-exec-3] org.hibernate.SQL - 
    select
        u1_0.user_id 
    from
        users u1_0 
    where
        (
            u1_0.is_deleted = false
        ) 
        and u1_0.email=? 
    fetch
        first ? rows only
2026-04-05 00:16:22 DEBUG [http-nio-8080-exec-9] org.hibernate.SQL - 
    select
        u1_0.user_id 
    from
        users u1_0 
    where
        (
            u1_0.is_deleted = false
        ) 
        and u1_0.email=? 
    fetch
        first ? rows only
2026-04-05 00:16:22 DEBUG [http-nio-8080-exec-8] org.hibernate.SQL - 
    select
        u1_0.user_id 
    from
        users u1_0 
    where
        (
            u1_0.is_deleted = false
        ) 
        and u1_0.email=? 
    fetch
        first ? rows only
2026-04-05 00:16:24 DEBUG [http-nio-8080-exec-10] org.hibernate.SQL - 
    select
        u1_0.user_id 
    from
        users u1_0 
    where
        (
            u1_0.is_deleted = false
        ) 
        and u1_0.email=? 
    fetch
        first ? rows only
2026-04-05 00:16:25 DEBUG [http-nio-8080-exec-2] org.hibernate.SQL - 
    select
        u1_0.user_id 
    from
        users u1_0 
    where
        (
            u1_0.is_deleted = false
        ) 
        and u1_0.email=? 
    fetch
        first ? rows only
2026-04-05 00:17:33 DEBUG [http-nio-8080-exec-7] org.hibernate.SQL - 
    select
        u1_0.user_id 
    from
        users u1_0 
    where
        (
            u1_0.is_deleted = false
        ) 
        and u1_0.email=? 
    fetch
        first ? rows only
2026-04-05 00:19:53 DEBUG [http-nio-8080-exec-3] org.hibernate.SQL - 
    select
        u1_0.user_id 
    from
        users u1_0 
    where
        (
            u1_0.is_deleted = false
        ) 
        and u1_0.email=? 
    fetch
        first ? rows only
2026-04-05 00:20:00 DEBUG [scheduling-1] org.hibernate.SQL - 
    delete 
    from
        otp_tokens ot1_0 
    where
        ot1_0.expiry_time<?
2026-04-05 00:20:01 DEBUG [scheduling-1] org.hibernate.SQL - 
    DELETE 
    FROM
        users 
    WHERE
        is_active = false 
        AND is_deleted = false 
        AND created_at < ?
2026-04-05 00:23:20 INFO  [background-preinit] o.h.validator.internal.util.Version - HV000001: Hibernate Validator 9.0.1.Final
2026-04-05 00:23:31 INFO  [main] org.hibernate.orm.jpa - HHH008540: Processing PersistenceUnitInfo [name: default]
2026-04-05 00:23:32 INFO  [main] org.hibernate.orm.core - HHH000001: Hibernate ORM core version 7.2.7.Final
2026-04-05 00:23:34 WARN  [main] org.hibernate.orm.deprecation - HHH90000021: Encountered deprecated setting [hibernate.temp.use_jdbc_metadata_defaults], use [hibernate.boot.allow_jdbc_metadata_access] instead
2026-04-05 00:23:34 WARN  [main] org.hibernate.orm.deprecation - HHH90000025: PostgreSQLDialect does not need to be specified explicitly using 'hibernate.dialect' (remove the property setting and it will be selected by default)
2026-04-05 00:23:35 INFO  [main] o.hibernate.orm.connections.pooling - HHH10001005: Database info:
	Database JDBC URL [undefined/unknown]
	Database driver: undefined/unknown
	Database dialect: PostgreSQLDialect
	Database version: 13.0
	Default catalog/schema: unknown/unknown
	Autocommit mode: undefined/unknown
	Isolation level: <unknown>
	JDBC fetch size: undefined/unknown
	Pool: undefined/unknown
	Minimum pool size: undefined/unknown
	Maximum pool size: undefined/unknown
2026-04-05 00:23:39 INFO  [main] org.hibernate.orm.core - HHH000489: No JTA platform available (set 'hibernate.transaction.jta.platform' to enable JTA platform integration)
2026-04-05 00:23:47 DEBUG [main] org.hibernate.SQL - 
    select
        r1_0.role_id,
        r1_0.created_at,
        r1_0.description,
        r1_0.role_name 
    from
        roles r1_0 
    where
        r1_0.role_name=?
2026-04-05 00:23:47 DEBUG [main] org.hibernate.SQL - 
    select
        r1_0.role_id,
        r1_0.created_at,
        r1_0.description,
        r1_0.role_name 
    from
        roles r1_0 
    where
        r1_0.role_name=?
2026-04-05 00:23:47 DEBUG [main] org.hibernate.SQL - 
    select
        r1_0.role_id,
        r1_0.created_at,
        r1_0.description,
        r1_0.role_name 
    from
        roles r1_0 
    where
        r1_0.role_name=?
2026-04-05 00:23:47 DEBUG [main] org.hibernate.SQL - 
    select
        u1_0.user_id,
        u1_0.created_at,
        u1_0.deleted_at,
        u1_0.deleted_by,
        u1_0.email,
        u1_0.first_name,
        u1_0.is_active,
        u1_0.is_deleted,
        u1_0.last_name,
        u1_0.password,
        u1_0.person_id,
        u1_0.phone,
        u1_0.role_id,
        u1_0.updated_at,
        u1_0.user_code 
    from
        users u1_0 
    where
        (
            u1_0.is_deleted = false
        ) 
        and u1_0.email=?
2026-04-05 00:23:47 DEBUG [main] org.hibernate.SQL - 
    select
        r1_0.role_id,
        r1_0.created_at,
        r1_0.description,
        r1_0.role_name 
    from
        roles r1_0 
    where
        r1_0.role_name=?
2026-04-05 00:23:47 DEBUG [main] org.hibernate.SQL - 
    select
        pi1_0.person_id,
        pi1_0.created_at,
        pi1_0.pan_first3,
        pi1_0.pan_hash,
        pi1_0.pan_last2,
        pi1_0.person_code,
        pi1_0.updated_at 
    from
        person_identity pi1_0 
    where
        pi1_0.pan_hash=?
2026-04-05 00:23:48 DEBUG [main] org.hibernate.SQL - 
    insert 
    into
        person_identity
        (created_at, pan_first3, pan_hash, pan_last2, updated_at, person_id) 
    values
        (?, ?, ?, ?, ?, ?)
2026-04-05 00:23:48 DEBUG [main] org.hibernate.SQL - 
    select
        pi1_0.person_id,
        pi1_0.created_at,
        pi1_0.pan_first3,
        pi1_0.pan_hash,
        pi1_0.pan_last2,
        pi1_0.person_code,
        pi1_0.updated_at 
    from
        person_identity pi1_0 
    where
        pi1_0.person_id=?
2026-04-05 00:23:48 DEBUG [main] org.hibernate.SQL - 
    insert 
    into
        users
        (created_at, deleted_at, deleted_by, email, first_name, is_active, is_deleted, last_name, password, person_id, phone, role_id, updated_at, user_id) 
    values
        (?, ?, ?, ?, ?, ?, ?, ?, ?, ?, ?, ?, ?, ?)
2026-04-05 00:23:48 DEBUG [main] org.hibernate.SQL - 
    select
        u1_0.user_id,
        u1_0.created_at,
        u1_0.deleted_at,
        u1_0.deleted_by,
        u1_0.email,
        u1_0.first_name,
        u1_0.is_active,
        u1_0.is_deleted,
        u1_0.last_name,
        u1_0.password,
        u1_0.person_id,
        u1_0.phone,
        u1_0.role_id,
        r1_0.role_id,
        r1_0.created_at,
        r1_0.description,
        r1_0.role_name,
        u1_0.updated_at,
        u1_0.user_code 
    from
        users u1_0 
    join
        roles r1_0 
            on r1_0.role_id=u1_0.role_id 
    where
        u1_0.user_id=? 
        and (
            u1_0.is_deleted = false
        )
2026-04-05 00:25:00 DEBUG [scheduling-1] org.hibernate.SQL - 
    delete 
    from
        otp_tokens ot1_0 
    where
        ot1_0.expiry_time<?
2026-04-05 00:25:00 DEBUG [scheduling-1] org.hibernate.SQL - 
    DELETE 
    FROM
        users 
    WHERE
        is_active = false 
        AND is_deleted = false 
        AND created_at < ?
2026-04-05 00:25:21 INFO  [background-preinit] o.h.validator.internal.util.Version - HV000001: Hibernate Validator 9.0.1.Final
2026-04-05 00:25:26 INFO  [main] org.hibernate.orm.jpa - HHH008540: Processing PersistenceUnitInfo [name: default]
2026-04-05 00:25:26 INFO  [main] org.hibernate.orm.core - HHH000001: Hibernate ORM core version 7.2.7.Final
2026-04-05 00:25:27 WARN  [main] org.hibernate.orm.deprecation - HHH90000021: Encountered deprecated setting [hibernate.temp.use_jdbc_metadata_defaults], use [hibernate.boot.allow_jdbc_metadata_access] instead
2026-04-05 00:25:27 WARN  [main] org.hibernate.orm.deprecation - HHH90000025: PostgreSQLDialect does not need to be specified explicitly using 'hibernate.dialect' (remove the property setting and it will be selected by default)
2026-04-05 00:25:27 INFO  [main] o.hibernate.orm.connections.pooling - HHH10001005: Database info:
	Database JDBC URL [undefined/unknown]
	Database driver: undefined/unknown
	Database dialect: PostgreSQLDialect
	Database version: 13.0
	Default catalog/schema: unknown/unknown
	Autocommit mode: undefined/unknown
	Isolation level: <unknown>
	JDBC fetch size: undefined/unknown
	Pool: undefined/unknown
	Minimum pool size: undefined/unknown
	Maximum pool size: undefined/unknown
2026-04-05 00:25:30 INFO  [main] org.hibernate.orm.core - HHH000489: No JTA platform available (set 'hibernate.transaction.jta.platform' to enable JTA platform integration)
2026-04-05 00:25:38 DEBUG [main] org.hibernate.SQL - 
    select
        r1_0.role_id,
        r1_0.created_at,
        r1_0.description,
        r1_0.role_name 
    from
        roles r1_0 
    where
        r1_0.role_name=?
2026-04-05 00:25:38 DEBUG [main] org.hibernate.SQL - 
    select
        r1_0.role_id,
        r1_0.created_at,
        r1_0.description,
        r1_0.role_name 
    from
        roles r1_0 
    where
        r1_0.role_name=?
2026-04-05 00:25:38 DEBUG [main] org.hibernate.SQL - 
    select
        r1_0.role_id,
        r1_0.created_at,
        r1_0.description,
        r1_0.role_name 
    from
        roles r1_0 
    where
        r1_0.role_name=?
2026-04-05 00:25:38 DEBUG [main] org.hibernate.SQL - 
    select
        u1_0.user_id,
        u1_0.created_at,
        u1_0.deleted_at,
        u1_0.deleted_by,
        u1_0.email,
        u1_0.first_name,
        u1_0.is_active,
        u1_0.is_deleted,
        u1_0.last_name,
        u1_0.password,
        u1_0.person_id,
        u1_0.phone,
        u1_0.role_id,
        u1_0.updated_at,
        u1_0.user_code 
    from
        users u1_0 
    where
        (
            u1_0.is_deleted = false
        ) 
        and u1_0.email=?
2026-04-05 00:26:07 DEBUG [http-nio-8080-exec-2] org.hibernate.SQL - 
    select
        u1_0.user_id 
    from
        users u1_0 
    where
        (
            u1_0.is_deleted = false
        ) 
        and u1_0.email=? 
    fetch
        first ? rows only
2026-04-05 00:26:08 DEBUG [http-nio-8080-exec-2] org.hibernate.SQL - 
    select
        u1_0.user_id 
    from
        users u1_0 
    left join
        person_identity p1_0 
            on p1_0.person_id=u1_0.person_id 
    left join
        roles r1_0 
            on r1_0.role_id=u1_0.role_id 
    where
        (
            u1_0.is_deleted = false
        ) 
        and p1_0.pan_hash=? 
        and r1_0.role_name=? 
    fetch
        first ? rows only
2026-04-05 00:26:08 DEBUG [http-nio-8080-exec-2] org.hibernate.SQL - 
    select
        pi1_0.person_id,
        pi1_0.created_at,
        pi1_0.pan_first3,
        pi1_0.pan_hash,
        pi1_0.pan_last2,
        pi1_0.person_code,
        pi1_0.updated_at 
    from
        person_identity pi1_0 
    where
        pi1_0.pan_hash=?
2026-04-05 00:26:08 DEBUG [http-nio-8080-exec-2] org.hibernate.SQL - 
    insert 
    into
        person_identity
        (created_at, pan_first3, pan_hash, pan_last2, updated_at, person_id) 
    values
        (?, ?, ?, ?, ?, ?)
2026-04-05 00:26:09 DEBUG [http-nio-8080-exec-2] org.hibernate.SQL - 
    select
        pi1_0.person_id,
        pi1_0.created_at,
        pi1_0.pan_first3,
        pi1_0.pan_hash,
        pi1_0.pan_last2,
        pi1_0.person_code,
        pi1_0.updated_at 
    from
        person_identity pi1_0 
    where
        pi1_0.person_id=?
2026-04-05 00:26:09 DEBUG [http-nio-8080-exec-2] org.hibernate.SQL - 
    select
        r1_0.role_id,
        r1_0.created_at,
        r1_0.description,
        r1_0.role_name 
    from
        roles r1_0 
    where
        r1_0.role_name=?
2026-04-05 00:26:09 DEBUG [http-nio-8080-exec-2] org.hibernate.SQL - 
    insert 
    into
        users
        (created_at, deleted_at, deleted_by, email, first_name, is_active, is_deleted, last_name, password, person_id, phone, role_id, updated_at, user_id) 
    values
        (?, ?, ?, ?, ?, ?, ?, ?, ?, ?, ?, ?, ?, ?)
2026-04-05 00:26:09 DEBUG [http-nio-8080-exec-2] org.hibernate.SQL - 
    select
        u1_0.user_id,
        u1_0.created_at,
        u1_0.deleted_at,
        u1_0.deleted_by,
        u1_0.email,
        u1_0.first_name,
        u1_0.is_active,
        u1_0.is_deleted,
        u1_0.last_name,
        u1_0.password,
        u1_0.person_id,
        u1_0.phone,
        u1_0.role_id,
        r1_0.role_id,
        r1_0.created_at,
        r1_0.description,
        r1_0.role_name,
        u1_0.updated_at,
        u1_0.user_code 
    from
        users u1_0 
    join
        roles r1_0 
            on r1_0.role_id=u1_0.role_id 
    where
        u1_0.user_id=? 
        and (
            u1_0.is_deleted = false
        )
2026-04-05 00:26:09 DEBUG [http-nio-8080-exec-2] org.hibernate.SQL - 
    insert 
    into
        borrower_profile
        (created_at, existing_loan_count, monthly_income, updated_at, user_id, borrower_id) 
    values
        (?, ?, ?, ?, ?, ?)
2026-04-05 00:26:09 DEBUG [task-2] org.hibernate.SQL - 
    insert 
    into
        audit_logs
        (action, action_time, actor_id, description, entity_id, entity_type, new_value, old_value, audit_id) 
    values
        (?, ?, ?, ?, ?, ?, ?, ?, ?)
2026-04-05 00:26:09 DEBUG [http-nio-8080-exec-2] org.hibernate.SQL - 
    insert 
    into
        otp_tokens
        (email, expiry_time, otp_code, purpose, id) 
    values
        (?, ?, ?, ?, ?)
2026-04-05 00:26:19 DEBUG [task-1] org.hibernate.SQL - 
    insert 
    into
        notifications
        (deleted_at, deleted_by, email, emi_id, is_deleted, loan_id, message, sent_at, status, subject, user_id, notification_id) 
    values
        (?, ?, ?, ?, ?, ?, ?, ?, ?, ?, ?, ?)
2026-04-05 00:27:47 DEBUG [http-nio-8080-exec-6] org.hibernate.SQL - 
    select
        u1_0.user_id 
    from
        users u1_0 
    where
        (
            u1_0.is_deleted = false
        ) 
        and u1_0.email=? 
    fetch
        first ? rows only
2026-04-05 00:28:03 DEBUG [http-nio-8080-exec-7] org.hibernate.SQL - 
    select
        u1_0.user_id 
    from
        users u1_0 
    where
        (
            u1_0.is_deleted = false
        ) 
        and u1_0.email=? 
    fetch
        first ? rows only
2026-04-05 00:28:08 DEBUG [http-nio-8080-exec-3] org.hibernate.SQL - 
    select
        u1_0.user_id 
    from
        users u1_0 
    where
        (
            u1_0.is_deleted = false
        ) 
        and u1_0.email=? 
    fetch
        first ? rows only
2026-04-05 00:28:11 DEBUG [http-nio-8080-exec-8] org.hibernate.SQL - 
    select
        u1_0.user_id 
    from
        users u1_0 
    where
        (
            u1_0.is_deleted = false
        ) 
        and u1_0.email=? 
    fetch
        first ? rows only
2026-04-05 00:30:01 DEBUG [scheduling-1] org.hibernate.SQL - 
    delete 
    from
        otp_tokens ot1_0 
    where
        ot1_0.expiry_time<?
2026-04-05 00:30:01 DEBUG [scheduling-1] org.hibernate.SQL - 
    DELETE 
    FROM
        users 
    WHERE
        is_active = false 
        AND is_deleted = false 
        AND created_at < ?
2026-04-05 00:33:16 INFO  [background-preinit] o.h.validator.internal.util.Version - HV000001: Hibernate Validator 9.0.1.Final
2026-04-05 00:33:25 INFO  [main] org.hibernate.orm.jpa - HHH008540: Processing PersistenceUnitInfo [name: default]
2026-04-05 00:33:26 INFO  [main] org.hibernate.orm.core - HHH000001: Hibernate ORM core version 7.2.7.Final
2026-04-05 00:33:28 WARN  [main] org.hibernate.orm.deprecation - HHH90000021: Encountered deprecated setting [hibernate.temp.use_jdbc_metadata_defaults], use [hibernate.boot.allow_jdbc_metadata_access] instead
2026-04-05 00:33:28 WARN  [main] org.hibernate.orm.deprecation - HHH90000025: PostgreSQLDialect does not need to be specified explicitly using 'hibernate.dialect' (remove the property setting and it will be selected by default)
2026-04-05 00:33:28 INFO  [main] o.hibernate.orm.connections.pooling - HHH10001005: Database info:
	Database JDBC URL [undefined/unknown]
	Database driver: undefined/unknown
	Database dialect: PostgreSQLDialect
	Database version: 13.0
	Default catalog/schema: unknown/unknown
	Autocommit mode: undefined/unknown
	Isolation level: <unknown>
	JDBC fetch size: undefined/unknown
	Pool: undefined/unknown
	Minimum pool size: undefined/unknown
	Maximum pool size: undefined/unknown
2026-04-05 00:33:30 INFO  [main] org.hibernate.orm.core - HHH000489: No JTA platform available (set 'hibernate.transaction.jta.platform' to enable JTA platform integration)
2026-04-05 00:33:34 DEBUG [main] org.hibernate.SQL - 
    select
        r1_0.role_id,
        r1_0.created_at,
        r1_0.description,
        r1_0.role_name 
    from
        roles r1_0 
    where
        r1_0.role_name=?
2026-04-05 00:33:34 DEBUG [main] org.hibernate.SQL - 
    select
        r1_0.role_id,
        r1_0.created_at,
        r1_0.description,
        r1_0.role_name 
    from
        roles r1_0 
    where
        r1_0.role_name=?
2026-04-05 00:33:34 DEBUG [main] org.hibernate.SQL - 
    select
        r1_0.role_id,
        r1_0.created_at,
        r1_0.description,
        r1_0.role_name 
    from
        roles r1_0 
    where
        r1_0.role_name=?
2026-04-05 00:33:34 DEBUG [main] org.hibernate.SQL - 
    select
        u1_0.user_id,
        u1_0.created_at,
        u1_0.deleted_at,
        u1_0.deleted_by,
        u1_0.email,
        u1_0.first_name,
        u1_0.is_active,
        u1_0.is_deleted,
        u1_0.last_name,
        u1_0.password,
        u1_0.person_id,
        u1_0.phone,
        u1_0.role_id,
        u1_0.updated_at,
        u1_0.user_code 
    from
        users u1_0 
    where
        (
            u1_0.is_deleted = false
        ) 
        and u1_0.email=?
2026-04-05 00:33:34 DEBUG [main] org.hibernate.SQL - 
    select
        r1_0.role_id,
        r1_0.created_at,
        r1_0.description,
        r1_0.role_name 
    from
        roles r1_0 
    where
        r1_0.role_name=?
2026-04-05 00:33:34 DEBUG [main] org.hibernate.SQL - 
    select
        pi1_0.person_id,
        pi1_0.created_at,
        pi1_0.pan_first3,
        pi1_0.pan_hash,
        pi1_0.pan_last2,
        pi1_0.person_code,
        pi1_0.updated_at 
    from
        person_identity pi1_0 
    where
        pi1_0.pan_hash=?
2026-04-05 00:33:34 DEBUG [main] org.hibernate.SQL - 
    insert 
    into
        person_identity
        (created_at, pan_first3, pan_hash, pan_last2, updated_at, person_id) 
    values
        (?, ?, ?, ?, ?, ?)
2026-04-05 00:33:34 DEBUG [main] org.hibernate.SQL - 
    select
        pi1_0.person_id,
        pi1_0.created_at,
        pi1_0.pan_first3,
        pi1_0.pan_hash,
        pi1_0.pan_last2,
        pi1_0.person_code,
        pi1_0.updated_at 
    from
        person_identity pi1_0 
    where
        pi1_0.person_id=?
2026-04-05 00:33:34 DEBUG [main] org.hibernate.SQL - 
    insert 
    into
        users
        (created_at, deleted_at, deleted_by, email, first_name, is_active, is_deleted, last_name, password, person_id, phone, role_id, updated_at, user_id) 
    values
        (?, ?, ?, ?, ?, ?, ?, ?, ?, ?, ?, ?, ?, ?)
2026-04-05 00:33:34 DEBUG [main] org.hibernate.SQL - 
    select
        u1_0.user_id,
        u1_0.created_at,
        u1_0.deleted_at,
        u1_0.deleted_by,
        u1_0.email,
        u1_0.first_name,
        u1_0.is_active,
        u1_0.is_deleted,
        u1_0.last_name,
        u1_0.password,
        u1_0.person_id,
        u1_0.phone,
        u1_0.role_id,
        r1_0.role_id,
        r1_0.created_at,
        r1_0.description,
        r1_0.role_name,
        u1_0.updated_at,
        u1_0.user_code 
    from
        users u1_0 
    join
        roles r1_0 
            on r1_0.role_id=u1_0.role_id 
    where
        u1_0.user_id=? 
        and (
            u1_0.is_deleted = false
        )
2026-04-05 00:33:46 DEBUG [http-nio-8080-exec-2] org.hibernate.SQL - 
    select
        u1_0.user_id 
    from
        users u1_0 
    where
        (
            u1_0.is_deleted = false
        ) 
        and u1_0.email=? 
    fetch
        first ? rows only
2026-04-05 00:33:46 DEBUG [http-nio-8080-exec-2] org.hibernate.SQL - 
    select
        u1_0.user_id 
    from
        users u1_0 
    left join
        person_identity p1_0 
            on p1_0.person_id=u1_0.person_id 
    left join
        roles r1_0 
            on r1_0.role_id=u1_0.role_id 
    where
        (
            u1_0.is_deleted = false
        ) 
        and p1_0.pan_hash=? 
        and r1_0.role_name=? 
    fetch
        first ? rows only
2026-04-05 00:33:46 DEBUG [http-nio-8080-exec-2] org.hibernate.SQL - 
    select
        pi1_0.person_id,
        pi1_0.created_at,
        pi1_0.pan_first3,
        pi1_0.pan_hash,
        pi1_0.pan_last2,
        pi1_0.person_code,
        pi1_0.updated_at 
    from
        person_identity pi1_0 
    where
        pi1_0.pan_hash=?
2026-04-05 00:33:46 DEBUG [http-nio-8080-exec-2] org.hibernate.SQL - 
    insert 
    into
        person_identity
        (created_at, pan_first3, pan_hash, pan_last2, updated_at, person_id) 
    values
        (?, ?, ?, ?, ?, ?)
2026-04-05 00:33:46 DEBUG [http-nio-8080-exec-2] org.hibernate.SQL - 
    select
        pi1_0.person_id,
        pi1_0.created_at,
        pi1_0.pan_first3,
        pi1_0.pan_hash,
        pi1_0.pan_last2,
        pi1_0.person_code,
        pi1_0.updated_at 
    from
        person_identity pi1_0 
    where
        pi1_0.person_id=?
2026-04-05 00:33:46 DEBUG [http-nio-8080-exec-2] org.hibernate.SQL - 
    select
        r1_0.role_id,
        r1_0.created_at,
        r1_0.description,
        r1_0.role_name 
    from
        roles r1_0 
    where
        r1_0.role_name=?
2026-04-05 00:33:46 DEBUG [http-nio-8080-exec-2] org.hibernate.SQL - 
    insert 
    into
        users
        (created_at, deleted_at, deleted_by, email, first_name, is_active, is_deleted, last_name, password, person_id, phone, role_id, updated_at, user_id) 
    values
        (?, ?, ?, ?, ?, ?, ?, ?, ?, ?, ?, ?, ?, ?)
2026-04-05 00:33:46 DEBUG [http-nio-8080-exec-2] org.hibernate.SQL - 
    select
        u1_0.user_id,
        u1_0.created_at,
        u1_0.deleted_at,
        u1_0.deleted_by,
        u1_0.email,
        u1_0.first_name,
        u1_0.is_active,
        u1_0.is_deleted,
        u1_0.last_name,
        u1_0.password,
        u1_0.person_id,
        u1_0.phone,
        u1_0.role_id,
        r1_0.role_id,
        r1_0.created_at,
        r1_0.description,
        r1_0.role_name,
        u1_0.updated_at,
        u1_0.user_code 
    from
        users u1_0 
    join
        roles r1_0 
            on r1_0.role_id=u1_0.role_id 
    where
        u1_0.user_id=? 
        and (
            u1_0.is_deleted = false
        )
2026-04-05 00:33:46 DEBUG [http-nio-8080-exec-2] org.hibernate.SQL - 
    insert 
    into
        borrower_profile
        (created_at, existing_loan_count, monthly_income, updated_at, user_id, borrower_id) 
    values
        (?, ?, ?, ?, ?, ?)
2026-04-05 00:33:46 DEBUG [task-2] org.hibernate.SQL - 
    insert 
    into
        audit_logs
        (action, action_time, actor_id, description, entity_id, entity_type, new_value, old_value, audit_id) 
    values
        (?, ?, ?, ?, ?, ?, ?, ?, ?)
2026-04-05 00:33:46 DEBUG [http-nio-8080-exec-2] org.hibernate.SQL - 
    insert 
    into
        otp_tokens
        (email, expiry_time, otp_code, purpose, id) 
    values
        (?, ?, ?, ?, ?)
2026-04-05 00:33:59 DEBUG [task-1] org.hibernate.SQL - 
    insert 
    into
        notifications
        (deleted_at, deleted_by, email, emi_id, is_deleted, loan_id, message, sent_at, status, subject, user_id, notification_id) 
    values
        (?, ?, ?, ?, ?, ?, ?, ?, ?, ?, ?, ?)
2026-04-05 00:34:56 DEBUG [http-nio-8080-exec-5] org.hibernate.SQL - 
    select
        u1_0.user_id 
    from
        users u1_0 
    where
        (
            u1_0.is_deleted = false
        ) 
        and u1_0.email=? 
    fetch
        first ? rows only
2026-04-05 00:35:01 DEBUG [scheduling-1] org.hibernate.SQL - 
    delete 
    from
        otp_tokens ot1_0 
    where
        ot1_0.expiry_time<?
2026-04-05 00:35:02 DEBUG [scheduling-1] org.hibernate.SQL - 
    DELETE 
    FROM
        users 
    WHERE
        is_active = false 
        AND is_deleted = false 
        AND created_at < ?
2026-04-05 00:35:14 DEBUG [http-nio-8080-exec-6] org.hibernate.SQL - 
    select
        u1_0.user_id 
    from
        users u1_0 
    where
        (
            u1_0.is_deleted = false
        ) 
        and u1_0.email=? 
    fetch
        first ? rows only
2026-04-05 00:35:14 DEBUG [http-nio-8080-exec-6] org.hibernate.SQL - 
    select
        u1_0.user_id 
    from
        users u1_0 
    left join
        person_identity p1_0 
            on p1_0.person_id=u1_0.person_id 
    left join
        roles r1_0 
            on r1_0.role_id=u1_0.role_id 
    where
        (
            u1_0.is_deleted = false
        ) 
        and p1_0.pan_hash=? 
        and r1_0.role_name=? 
    fetch
        first ? rows only
2026-04-05 00:35:14 DEBUG [http-nio-8080-exec-6] org.hibernate.SQL - 
    select
        pi1_0.person_id,
        pi1_0.created_at,
        pi1_0.pan_first3,
        pi1_0.pan_hash,
        pi1_0.pan_last2,
        pi1_0.person_code,
        pi1_0.updated_at 
    from
        person_identity pi1_0 
    where
        pi1_0.pan_hash=?
2026-04-05 00:35:14 DEBUG [http-nio-8080-exec-6] org.hibernate.SQL - 
    select
        r1_0.role_id,
        r1_0.created_at,
        r1_0.description,
        r1_0.role_name 
    from
        roles r1_0 
    where
        r1_0.role_name=?
2026-04-05 00:35:14 DEBUG [http-nio-8080-exec-6] org.hibernate.SQL - 
    insert 
    into
        users
        (created_at, deleted_at, deleted_by, email, first_name, is_active, is_deleted, last_name, password, person_id, phone, role_id, updated_at, user_id) 
    values
        (?, ?, ?, ?, ?, ?, ?, ?, ?, ?, ?, ?, ?, ?)
2026-04-05 00:35:14 DEBUG [http-nio-8080-exec-6] org.hibernate.SQL - 
    select
        u1_0.user_id,
        u1_0.created_at,
        u1_0.deleted_at,
        u1_0.deleted_by,
        u1_0.email,
        u1_0.first_name,
        u1_0.is_active,
        u1_0.is_deleted,
        u1_0.last_name,
        u1_0.password,
        u1_0.person_id,
        u1_0.phone,
        u1_0.role_id,
        r1_0.role_id,
        r1_0.created_at,
        r1_0.description,
        r1_0.role_name,
        u1_0.updated_at,
        u1_0.user_code 
    from
        users u1_0 
    join
        roles r1_0 
            on r1_0.role_id=u1_0.role_id 
    where
        u1_0.user_id=? 
        and (
            u1_0.is_deleted = false
        )
2026-04-05 00:35:14 DEBUG [http-nio-8080-exec-6] org.hibernate.SQL - 
    insert 
    into
        borrower_profile
        (created_at, existing_loan_count, monthly_income, updated_at, user_id, borrower_id) 
    values
        (?, ?, ?, ?, ?, ?)
2026-04-05 00:35:14 DEBUG [http-nio-8080-exec-6] org.hibernate.SQL - 
    insert 
    into
        otp_tokens
        (email, expiry_time, otp_code, purpose, id) 
    values
        (?, ?, ?, ?, ?)
2026-04-05 00:35:14 DEBUG [task-4] org.hibernate.SQL - 
    insert 
    into
        audit_logs
        (action, action_time, actor_id, description, entity_id, entity_type, new_value, old_value, audit_id) 
    values
        (?, ?, ?, ?, ?, ?, ?, ?, ?)
2026-04-05 00:35:29 DEBUG [task-3] org.hibernate.SQL - 
    insert 
    into
        notifications
        (deleted_at, deleted_by, email, emi_id, is_deleted, loan_id, message, sent_at, status, subject, user_id, notification_id) 
    values
        (?, ?, ?, ?, ?, ?, ?, ?, ?, ?, ?, ?)
2026-04-05 00:40:00 DEBUG [scheduling-1] org.hibernate.SQL - 
    delete 
    from
        otp_tokens ot1_0 
    where
        ot1_0.expiry_time<?
2026-04-05 00:40:00 DEBUG [scheduling-1] org.hibernate.SQL - 
    DELETE 
    FROM
        users 
    WHERE
        is_active = false 
        AND is_deleted = false 
        AND created_at < ?
2026-04-05 00:45:03 DEBUG [scheduling-1] org.hibernate.SQL - 
    delete 
    from
        otp_tokens ot1_0 
    where
        ot1_0.expiry_time<?
2026-04-05 00:45:03 DEBUG [scheduling-1] org.hibernate.SQL - 
    DELETE 
    FROM
        users 
    WHERE
        is_active = false 
        AND is_deleted = false 
        AND created_at < ?
2026-04-05 00:55:45 INFO  [background-preinit] o.h.validator.internal.util.Version - HV000001: Hibernate Validator 9.0.1.Final
2026-04-05 00:55:52 INFO  [main] org.hibernate.orm.jpa - HHH008540: Processing PersistenceUnitInfo [name: default]
2026-04-05 00:55:52 INFO  [main] org.hibernate.orm.core - HHH000001: Hibernate ORM core version 7.2.7.Final
2026-04-05 00:55:55 WARN  [main] org.hibernate.orm.deprecation - HHH90000021: Encountered deprecated setting [hibernate.temp.use_jdbc_metadata_defaults], use [hibernate.boot.allow_jdbc_metadata_access] instead
2026-04-05 00:55:56 WARN  [main] org.hibernate.orm.deprecation - HHH90000025: PostgreSQLDialect does not need to be specified explicitly using 'hibernate.dialect' (remove the property setting and it will be selected by default)
2026-04-05 00:55:56 INFO  [main] o.hibernate.orm.connections.pooling - HHH10001005: Database info:
	Database JDBC URL [undefined/unknown]
	Database driver: undefined/unknown
	Database dialect: PostgreSQLDialect
	Database version: 13.0
	Default catalog/schema: unknown/unknown
	Autocommit mode: undefined/unknown
	Isolation level: <unknown>
	JDBC fetch size: undefined/unknown
	Pool: undefined/unknown
	Minimum pool size: undefined/unknown
	Maximum pool size: undefined/unknown
2026-04-05 00:56:00 INFO  [main] org.hibernate.orm.core - HHH000489: No JTA platform available (set 'hibernate.transaction.jta.platform' to enable JTA platform integration)
2026-04-05 00:56:10 DEBUG [main] org.hibernate.SQL - 
    select
        r1_0.role_id,
        r1_0.created_at,
        r1_0.description,
        r1_0.role_name 
    from
        roles r1_0 
    where
        r1_0.role_name=?
2026-04-05 00:56:10 DEBUG [main] org.hibernate.SQL - 
    select
        r1_0.role_id,
        r1_0.created_at,
        r1_0.description,
        r1_0.role_name 
    from
        roles r1_0 
    where
        r1_0.role_name=?
2026-04-05 00:56:10 DEBUG [main] org.hibernate.SQL - 
    select
        r1_0.role_id,
        r1_0.created_at,
        r1_0.description,
        r1_0.role_name 
    from
        roles r1_0 
    where
        r1_0.role_name=?
2026-04-05 00:56:10 DEBUG [main] org.hibernate.SQL - 
    select
        u1_0.user_id,
        u1_0.created_at,
        u1_0.deleted_at,
        u1_0.deleted_by,
        u1_0.email,
        u1_0.first_name,
        u1_0.is_active,
        u1_0.is_deleted,
        u1_0.last_name,
        u1_0.password,
        u1_0.person_id,
        u1_0.phone,
        u1_0.role_id,
        u1_0.updated_at,
        u1_0.user_code 
    from
        users u1_0 
    where
        (
            u1_0.is_deleted = false
        ) 
        and u1_0.email=?
2026-04-05 00:56:34 DEBUG [http-nio-8080-exec-3] org.hibernate.SQL - 
    select
        u1_0.user_id 
    from
        users u1_0 
    where
        (
            u1_0.is_deleted = false
        ) 
        and u1_0.email=? 
    fetch
        first ? rows only
2026-04-05 00:57:27 DEBUG [http-nio-8080-exec-2] org.hibernate.SQL - 
    select
        u1_0.user_id 
    from
        users u1_0 
    where
        (
            u1_0.is_deleted = false
        ) 
        and u1_0.email=? 
    fetch
        first ? rows only
2026-04-05 00:57:27 DEBUG [http-nio-8080-exec-2] org.hibernate.SQL - 
    select
        u1_0.user_id 
    from
        users u1_0 
    left join
        person_identity p1_0 
            on p1_0.person_id=u1_0.person_id 
    left join
        roles r1_0 
            on r1_0.role_id=u1_0.role_id 
    where
        (
            u1_0.is_deleted = false
        ) 
        and p1_0.pan_hash=? 
        and r1_0.role_name=? 
    fetch
        first ? rows only
2026-04-05 00:58:25 DEBUG [http-nio-8080-exec-5] org.hibernate.SQL - 
    select
        u1_0.user_id 
    from
        users u1_0 
    where
        (
            u1_0.is_deleted = false
        ) 
        and u1_0.email=? 
    fetch
        first ? rows only
2026-04-05 00:58:25 DEBUG [http-nio-8080-exec-5] org.hibernate.SQL - 
    select
        u1_0.user_id 
    from
        users u1_0 
    left join
        person_identity p1_0 
            on p1_0.person_id=u1_0.person_id 
    left join
        roles r1_0 
            on r1_0.role_id=u1_0.role_id 
    where
        (
            u1_0.is_deleted = false
        ) 
        and p1_0.pan_hash=? 
        and r1_0.role_name=? 
    fetch
        first ? rows only
2026-04-05 00:58:25 DEBUG [http-nio-8080-exec-5] org.hibernate.SQL - 
    select
        pi1_0.person_id,
        pi1_0.created_at,
        pi1_0.pan_first3,
        pi1_0.pan_hash,
        pi1_0.pan_last2,
        pi1_0.person_code,
        pi1_0.updated_at 
    from
        person_identity pi1_0 
    where
        pi1_0.pan_hash=?
2026-04-05 00:58:26 DEBUG [http-nio-8080-exec-5] org.hibernate.SQL - 
    insert 
    into
        person_identity
        (created_at, pan_first3, pan_hash, pan_last2, updated_at, person_id) 
    values
        (?, ?, ?, ?, ?, ?)
2026-04-05 00:58:26 DEBUG [http-nio-8080-exec-5] org.hibernate.SQL - 
    select
        pi1_0.person_id,
        pi1_0.created_at,
        pi1_0.pan_first3,
        pi1_0.pan_hash,
        pi1_0.pan_last2,
        pi1_0.person_code,
        pi1_0.updated_at 
    from
        person_identity pi1_0 
    where
        pi1_0.person_id=?
2026-04-05 00:58:26 DEBUG [http-nio-8080-exec-5] org.hibernate.SQL - 
    select
        r1_0.role_id,
        r1_0.created_at,
        r1_0.description,
        r1_0.role_name 
    from
        roles r1_0 
    where
        r1_0.role_name=?
2026-04-05 00:58:26 DEBUG [http-nio-8080-exec-5] org.hibernate.SQL - 
    insert 
    into
        users
        (created_at, deleted_at, deleted_by, email, first_name, is_active, is_deleted, last_name, password, person_id, phone, role_id, updated_at, user_id) 
    values
        (?, ?, ?, ?, ?, ?, ?, ?, ?, ?, ?, ?, ?, ?)
2026-04-05 00:58:26 DEBUG [http-nio-8080-exec-5] org.hibernate.SQL - 
    select
        u1_0.user_id,
        u1_0.created_at,
        u1_0.deleted_at,
        u1_0.deleted_by,
        u1_0.email,
        u1_0.first_name,
        u1_0.is_active,
        u1_0.is_deleted,
        u1_0.last_name,
        u1_0.password,
        u1_0.person_id,
        u1_0.phone,
        u1_0.role_id,
        r1_0.role_id,
        r1_0.created_at,
        r1_0.description,
        r1_0.role_name,
        u1_0.updated_at,
        u1_0.user_code 
    from
        users u1_0 
    join
        roles r1_0 
            on r1_0.role_id=u1_0.role_id 
    where
        u1_0.user_id=? 
        and (
            u1_0.is_deleted = false
        )
2026-04-05 00:58:26 DEBUG [http-nio-8080-exec-5] org.hibernate.SQL - 
    insert 
    into
        borrower_profile
        (created_at, existing_loan_count, monthly_income, updated_at, user_id, borrower_id) 
    values
        (?, ?, ?, ?, ?, ?)
2026-04-05 00:58:26 DEBUG [EmailSender-2] org.hibernate.SQL - 
    insert 
    into
        audit_logs
        (action, action_time, actor_id, description, entity_id, entity_type, new_value, old_value, audit_id) 
    values
        (?, ?, ?, ?, ?, ?, ?, ?, ?)
2026-04-05 00:58:26 DEBUG [http-nio-8080-exec-5] org.hibernate.SQL - 
    insert 
    into
        otp_tokens
        (email, expiry_time, otp_code, purpose, id) 
    values
        (?, ?, ?, ?, ?)
2026-04-05 00:58:40 DEBUG [EmailSender-1] org.hibernate.SQL - 
    insert 
    into
        notifications
        (deleted_at, deleted_by, email, emi_id, is_deleted, loan_id, message, sent_at, status, subject, user_id, notification_id) 
    values
        (?, ?, ?, ?, ?, ?, ?, ?, ?, ?, ?, ?)
2026-04-05 00:59:26 DEBUG [http-nio-8080-exec-4] org.hibernate.SQL - 
    select
        u1_0.user_id 
    from
        users u1_0 
    where
        (
            u1_0.is_deleted = false
        ) 
        and u1_0.email=? 
    fetch
        first ? rows only
2026-04-05 00:59:27 DEBUG [http-nio-8080-exec-4] org.hibernate.SQL - 
    select
        u1_0.user_id 
    from
        users u1_0 
    left join
        person_identity p1_0 
            on p1_0.person_id=u1_0.person_id 
    left join
        roles r1_0 
            on r1_0.role_id=u1_0.role_id 
    where
        (
            u1_0.is_deleted = false
        ) 
        and p1_0.pan_hash=? 
        and r1_0.role_name=? 
    fetch
        first ? rows only
2026-04-05 01:00:02 DEBUG [scheduling-1] org.hibernate.SQL - 
    delete 
    from
        otp_tokens ot1_0 
    where
        ot1_0.expiry_time<?
2026-04-05 01:00:04 DEBUG [scheduling-1] org.hibernate.SQL - 
    DELETE 
    FROM
        users 
    WHERE
        is_active = false 
        AND is_deleted = false 
        AND created_at < ?
2026-04-05 01:01:13 DEBUG [http-nio-8080-exec-10] org.hibernate.SQL - 
    select
        u1_0.user_id 
    from
        users u1_0 
    where
        (
            u1_0.is_deleted = false
        ) 
        and u1_0.email=? 
    fetch
        first ? rows only
2026-04-05 01:01:13 DEBUG [http-nio-8080-exec-10] org.hibernate.SQL - 
    select
        u1_0.user_id 
    from
        users u1_0 
    left join
        person_identity p1_0 
            on p1_0.person_id=u1_0.person_id 
    left join
        roles r1_0 
            on r1_0.role_id=u1_0.role_id 
    where
        (
            u1_0.is_deleted = false
        ) 
        and p1_0.pan_hash=? 
        and r1_0.role_name=? 
    fetch
        first ? rows only
2026-04-05 01:01:13 DEBUG [http-nio-8080-exec-10] org.hibernate.SQL - 
    select
        pi1_0.person_id,
        pi1_0.created_at,
        pi1_0.pan_first3,
        pi1_0.pan_hash,
        pi1_0.pan_last2,
        pi1_0.person_code,
        pi1_0.updated_at 
    from
        person_identity pi1_0 
    where
        pi1_0.pan_hash=?
2026-04-05 01:01:13 DEBUG [http-nio-8080-exec-10] org.hibernate.SQL - 
    insert 
    into
        person_identity
        (created_at, pan_first3, pan_hash, pan_last2, updated_at, person_id) 
    values
        (?, ?, ?, ?, ?, ?)
2026-04-05 01:01:13 DEBUG [http-nio-8080-exec-10] org.hibernate.SQL - 
    select
        pi1_0.person_id,
        pi1_0.created_at,
        pi1_0.pan_first3,
        pi1_0.pan_hash,
        pi1_0.pan_last2,
        pi1_0.person_code,
        pi1_0.updated_at 
    from
        person_identity pi1_0 
    where
        pi1_0.person_id=?
2026-04-05 01:01:13 DEBUG [http-nio-8080-exec-10] org.hibernate.SQL - 
    select
        r1_0.role_id,
        r1_0.created_at,
        r1_0.description,
        r1_0.role_name 
    from
        roles r1_0 
    where
        r1_0.role_name=?
2026-04-05 01:01:13 DEBUG [http-nio-8080-exec-10] org.hibernate.SQL - 
    insert 
    into
        users
        (created_at, deleted_at, deleted_by, email, first_name, is_active, is_deleted, last_name, password, person_id, phone, role_id, updated_at, user_id) 
    values
        (?, ?, ?, ?, ?, ?, ?, ?, ?, ?, ?, ?, ?, ?)
2026-04-05 01:01:13 DEBUG [http-nio-8080-exec-10] org.hibernate.SQL - 
    select
        u1_0.user_id,
        u1_0.created_at,
        u1_0.deleted_at,
        u1_0.deleted_by,
        u1_0.email,
        u1_0.first_name,
        u1_0.is_active,
        u1_0.is_deleted,
        u1_0.last_name,
        u1_0.password,
        u1_0.person_id,
        u1_0.phone,
        u1_0.role_id,
        r1_0.role_id,
        r1_0.created_at,
        r1_0.description,
        r1_0.role_name,
        u1_0.updated_at,
        u1_0.user_code 
    from
        users u1_0 
    join
        roles r1_0 
            on r1_0.role_id=u1_0.role_id 
    where
        u1_0.user_id=? 
        and (
            u1_0.is_deleted = false
        )
2026-04-05 01:01:14 DEBUG [http-nio-8080-exec-10] org.hibernate.SQL - 
    insert 
    into
        borrower_profile
        (created_at, existing_loan_count, monthly_income, updated_at, user_id, borrower_id) 
    values
        (?, ?, ?, ?, ?, ?)
2026-04-05 01:01:14 DEBUG [http-nio-8080-exec-10] org.hibernate.SQL - 
    insert 
    into
        otp_tokens
        (email, expiry_time, otp_code, purpose, id) 
    values
        (?, ?, ?, ?, ?)
2026-04-05 01:01:14 DEBUG [EmailSender-4] org.hibernate.SQL - 
    insert 
    into
        audit_logs
        (action, action_time, actor_id, description, entity_id, entity_type, new_value, old_value, audit_id) 
    values
        (?, ?, ?, ?, ?, ?, ?, ?, ?)
2026-04-05 01:01:29 DEBUG [EmailSender-3] org.hibernate.SQL - 
    insert 
    into
        notifications
        (deleted_at, deleted_by, email, emi_id, is_deleted, loan_id, message, sent_at, status, subject, user_id, notification_id) 
    values
        (?, ?, ?, ?, ?, ?, ?, ?, ?, ?, ?, ?)
2026-04-05 01:02:37 DEBUG [http-nio-8080-exec-3] org.hibernate.SQL - 
    select
        ot1_0.id,
        ot1_0.email,
        ot1_0.expiry_time,
        ot1_0.otp_code,
        ot1_0.purpose 
    from
        otp_tokens ot1_0 
    where
        ot1_0.email=? 
        and ot1_0.purpose=? 
    order by
        ot1_0.expiry_time desc 
    fetch
        first ? rows only
2026-04-05 01:02:38 DEBUG [http-nio-8080-exec-3] org.hibernate.SQL - 
    select
        u1_0.user_id,
        u1_0.created_at,
        u1_0.deleted_at,
        u1_0.deleted_by,
        u1_0.email,
        u1_0.first_name,
        u1_0.is_active,
        u1_0.is_deleted,
        u1_0.last_name,
        u1_0.password,
        u1_0.person_id,
        u1_0.phone,
        u1_0.role_id,
        u1_0.updated_at,
        u1_0.user_code 
    from
        users u1_0 
    where
        (
            u1_0.is_deleted = false
        ) 
        and u1_0.email=?
2026-04-05 01:02:38 DEBUG [http-nio-8080-exec-3] org.hibernate.SQL - 
    select
        r1_0.role_id,
        r1_0.created_at,
        r1_0.description,
        r1_0.role_name 
    from
        roles r1_0 
    where
        r1_0.role_id=?
2026-04-05 01:02:38 DEBUG [http-nio-8080-exec-3] org.hibernate.SQL - 
    select
        pi1_0.person_id,
        pi1_0.created_at,
        pi1_0.pan_first3,
        pi1_0.pan_hash,
        pi1_0.pan_last2,
        pi1_0.person_code,
        pi1_0.updated_at 
    from
        person_identity pi1_0 
    where
        pi1_0.person_id=?
2026-04-05 01:02:39 DEBUG [EmailSender-2] org.hibernate.SQL - 
    insert 
    into
        audit_logs
        (action, action_time, actor_id, description, entity_id, entity_type, new_value, old_value, audit_id) 
    values
        (?, ?, ?, ?, ?, ?, ?, ?, ?)
2026-04-05 01:02:39 DEBUG [http-nio-8080-exec-3] org.hibernate.SQL - 
    update
        users 
    set
        deleted_at=?,
        deleted_by=?,
        email=?,
        first_name=?,
        is_active=?,
        is_deleted=?,
        last_name=?,
        password=?,
        person_id=?,
        phone=?,
        role_id=?,
        updated_at=? 
    where
        user_id=?
2026-04-05 01:02:39 DEBUG [http-nio-8080-exec-3] org.hibernate.SQL - 
    delete 
    from
        otp_tokens 
    where
        id=?
2026-04-05 01:02:45 DEBUG [EmailSender-5] org.hibernate.SQL - 
    insert 
    into
        notifications
        (deleted_at, deleted_by, email, emi_id, is_deleted, loan_id, message, sent_at, status, subject, user_id, notification_id) 
    values
        (?, ?, ?, ?, ?, ?, ?, ?, ?, ?, ?, ?)
2026-04-05 01:03:19 DEBUG [http-nio-8080-exec-5] org.hibernate.SQL - 
    select
        u1_0.user_id,
        u1_0.created_at,
        u1_0.deleted_at,
        u1_0.deleted_by,
        u1_0.email,
        u1_0.first_name,
        u1_0.is_active,
        u1_0.is_deleted,
        u1_0.last_name,
        u1_0.password,
        u1_0.person_id,
        u1_0.phone,
        u1_0.role_id,
        u1_0.updated_at,
        u1_0.user_code 
    from
        users u1_0 
    where
        (
            u1_0.is_deleted = false
        ) 
        and u1_0.email=?
2026-04-05 01:03:21 DEBUG [http-nio-8080-exec-5] org.hibernate.SQL - 
    select
        r1_0.role_id,
        r1_0.created_at,
        r1_0.description,
        r1_0.role_name 
    from
        roles r1_0 
    where
        r1_0.role_id=?
2026-04-05 01:03:23 DEBUG [http-nio-8080-exec-5] org.hibernate.SQL - 
    select
        u1_0.user_id,
        u1_0.created_at,
        u1_0.deleted_at,
        u1_0.deleted_by,
        u1_0.email,
        u1_0.first_name,
        u1_0.is_active,
        u1_0.is_deleted,
        u1_0.last_name,
        u1_0.password,
        u1_0.person_id,
        u1_0.phone,
        u1_0.role_id,
        u1_0.updated_at,
        u1_0.user_code 
    from
        users u1_0 
    where
        (
            u1_0.is_deleted = false
        ) 
        and u1_0.email=?
2026-04-05 01:03:24 DEBUG [http-nio-8080-exec-5] org.hibernate.SQL - 
    insert 
    into
        otp_tokens
        (email, expiry_time, otp_code, purpose, id) 
    values
        (?, ?, ?, ?, ?)
2026-04-05 01:03:32 DEBUG [EmailSender-1] org.hibernate.SQL - 
    insert 
    into
        notifications
        (deleted_at, deleted_by, email, emi_id, is_deleted, loan_id, message, sent_at, status, subject, user_id, notification_id) 
    values
        (?, ?, ?, ?, ?, ?, ?, ?, ?, ?, ?, ?)
2026-04-05 01:04:24 DEBUG [http-nio-8080-exec-6] org.hibernate.SQL - 
    select
        ot1_0.id,
        ot1_0.email,
        ot1_0.expiry_time,
        ot1_0.otp_code,
        ot1_0.purpose 
    from
        otp_tokens ot1_0 
    where
        ot1_0.email=? 
        and ot1_0.purpose=? 
    order by
        ot1_0.expiry_time desc 
    fetch
        first ? rows only
2026-04-05 01:04:24 DEBUG [http-nio-8080-exec-6] org.hibernate.SQL - 
    select
        u1_0.user_id,
        u1_0.created_at,
        u1_0.deleted_at,
        u1_0.deleted_by,
        u1_0.email,
        u1_0.first_name,
        u1_0.is_active,
        u1_0.is_deleted,
        u1_0.last_name,
        u1_0.password,
        u1_0.person_id,
        u1_0.phone,
        u1_0.role_id,
        u1_0.updated_at,
        u1_0.user_code 
    from
        users u1_0 
    where
        (
            u1_0.is_deleted = false
        ) 
        and u1_0.email=?
2026-04-05 01:04:24 DEBUG [http-nio-8080-exec-6] org.hibernate.SQL - 
    select
        r1_0.role_id,
        r1_0.created_at,
        r1_0.description,
        r1_0.role_name 
    from
        roles r1_0 
    where
        r1_0.role_id=?
2026-04-05 01:04:27 DEBUG [http-nio-8080-exec-6] org.hibernate.SQL - 
    delete 
    from
        otp_tokens 
    where
        id=?
2026-04-05 01:04:27 DEBUG [EmailSender-3] org.hibernate.SQL - 
    insert 
    into
        audit_logs
        (action, action_time, actor_id, description, entity_id, entity_type, new_value, old_value, audit_id) 
    values
        (?, ?, ?, ?, ?, ?, ?, ?, ?)
2026-04-05 01:04:35 DEBUG [EmailSender-4] org.hibernate.SQL - 
    insert 
    into
        notifications
        (deleted_at, deleted_by, email, emi_id, is_deleted, loan_id, message, sent_at, status, subject, user_id, notification_id) 
    values
        (?, ?, ?, ?, ?, ?, ?, ?, ?, ?, ?, ?)
2026-04-05 01:05:00 DEBUG [scheduling-1] org.hibernate.SQL - 
    delete 
    from
        otp_tokens ot1_0 
    where
        ot1_0.expiry_time<?
2026-04-05 01:05:00 DEBUG [scheduling-1] org.hibernate.SQL - 
    DELETE 
    FROM
        users 
    WHERE
        is_active = false 
        AND is_deleted = false 
        AND created_at < ?
2026-04-05 01:10:00 DEBUG [scheduling-1] org.hibernate.SQL - 
    delete 
    from
        otp_tokens ot1_0 
    where
        ot1_0.expiry_time<?
2026-04-05 01:10:00 DEBUG [scheduling-1] org.hibernate.SQL - 
    DELETE 
    FROM
        users 
    WHERE
        is_active = false 
        AND is_deleted = false 
        AND created_at < ?
2026-04-05 01:15:00 DEBUG [scheduling-1] org.hibernate.SQL - 
    delete 
    from
        otp_tokens ot1_0 
    where
        ot1_0.expiry_time<?
2026-04-05 01:15:00 DEBUG [scheduling-1] org.hibernate.SQL - 
    DELETE 
    FROM
        users 
    WHERE
        is_active = false 
        AND is_deleted = false 
        AND created_at < ?
2026-04-05 01:20:00 DEBUG [scheduling-1] org.hibernate.SQL - 
    delete 
    from
        otp_tokens ot1_0 
    where
        ot1_0.expiry_time<?
2026-04-05 01:20:00 DEBUG [scheduling-1] org.hibernate.SQL - 
    DELETE 
    FROM
        users 
    WHERE
        is_active = false 
        AND is_deleted = false 
        AND created_at < ?
2026-04-05 01:25:00 DEBUG [scheduling-1] org.hibernate.SQL - 
    delete 
    from
        otp_tokens ot1_0 
    where
        ot1_0.expiry_time<?
2026-04-05 01:25:00 DEBUG [scheduling-1] org.hibernate.SQL - 
    DELETE 
    FROM
        users 
    WHERE
        is_active = false 
        AND is_deleted = false 
        AND created_at < ?
2026-04-05 01:30:00 DEBUG [scheduling-1] org.hibernate.SQL - 
    delete 
    from
        otp_tokens ot1_0 
    where
        ot1_0.expiry_time<?
2026-04-05 01:30:00 DEBUG [scheduling-1] org.hibernate.SQL - 
    DELETE 
    FROM
        users 
    WHERE
        is_active = false 
        AND is_deleted = false 
        AND created_at < ?
2026-04-05 01:35:01 DEBUG [scheduling-1] org.hibernate.SQL - 
    delete 
    from
        otp_tokens ot1_0 
    where
        ot1_0.expiry_time<?
2026-04-05 01:35:01 DEBUG [scheduling-1] org.hibernate.SQL - 
    DELETE 
    FROM
        users 
    WHERE
        is_active = false 
        AND is_deleted = false 
        AND created_at < ?
2026-04-05 01:40:00 DEBUG [scheduling-1] org.hibernate.SQL - 
    delete 
    from
        otp_tokens ot1_0 
    where
        ot1_0.expiry_time<?
2026-04-05 01:40:00 DEBUG [scheduling-1] org.hibernate.SQL - 
    DELETE 
    FROM
        users 
    WHERE
        is_active = false 
        AND is_deleted = false 
        AND created_at < ?
2026-04-05 01:45:00 DEBUG [scheduling-1] org.hibernate.SQL - 
    delete 
    from
        otp_tokens ot1_0 
    where
        ot1_0.expiry_time<?
2026-04-05 01:45:00 DEBUG [scheduling-1] org.hibernate.SQL - 
    DELETE 
    FROM
        users 
    WHERE
        is_active = false 
        AND is_deleted = false 
        AND created_at < ?
2026-04-05 01:50:00 DEBUG [scheduling-1] org.hibernate.SQL - 
    delete 
    from
        otp_tokens ot1_0 
    where
        ot1_0.expiry_time<?
2026-04-05 01:50:00 DEBUG [scheduling-1] org.hibernate.SQL - 
    DELETE 
    FROM
        users 
    WHERE
        is_active = false 
        AND is_deleted = false 
        AND created_at < ?
