2026-04-07 09:01:07 DEBUG [scheduling-1] org.hibernate.SQL - 
    delete 
    from
        otp_tokens ot1_0 
    where
        ot1_0.expiry_time<?
2026-04-07 09:01:09 DEBUG [scheduling-1] org.hibernate.SQL - 
    DELETE 
    FROM
        users 
    WHERE
        is_active = false 
        AND is_deleted = false 
        AND created_at < ?
2026-04-07 09:01:19 DEBUG [scheduling-1] org.hibernate.SQL - 
    select
        es1_0.emi_id,
        es1_0.amount_paid,
        es1_0.due_date,
        es1_0.installment_no,
        es1_0.interest_component,
        es1_0.loan_id,
        es1_0.paid_date,
        es1_0.principal_component,
        es1_0.remaining_balance,
        es1_0.status,
        es1_0.total_emi 
    from
        emi_schedule es1_0 
    where
        es1_0.due_date<? 
        and es1_0.status=?
