2026-04-05 00:27:47 ERROR [http-nio-8080-exec-6] c.e.E.e.GlobalExceptionHandler - ApplicationException: ErrorResponse(status=422, error=Unprocessable Entity, message=Email already exists, path=/api/v1/auth/register/borrower, timestamp=2026-04-04T18:57:47.877939800Z, fieldErrors={code=BUSINESS_RULE_VIOLATION}, details=null)
2026-04-05 00:28:04 ERROR [http-nio-8080-exec-7] c.e.E.e.GlobalExceptionHandler - ApplicationException: ErrorResponse(status=422, error=Unprocessable Entity, message=Email already exists, path=/api/v1/auth/register/borrower, timestamp=2026-04-04T18:58:04.031244700Z, fieldErrors={code=BUSINESS_RULE_VIOLATION}, details=null)
2026-04-05 00:28:08 ERROR [http-nio-8080-exec-3] c.e.E.e.GlobalExceptionHandler - ApplicationException: ErrorResponse(status=422, error=Unprocessable Entity, message=Email already exists, path=/api/v1/auth/register/borrower, timestamp=2026-04-04T18:58:08.841773400Z, fieldErrors={code=BUSINESS_RULE_VIOLATION}, details=null)
2026-04-05 00:28:11 ERROR [http-nio-8080-exec-8] c.e.E.e.GlobalExceptionHandler - ApplicationException: ErrorResponse(status=422, error=Unprocessable Entity, message=Email already exists, path=/api/v1/auth/register/borrower, timestamp=2026-04-04T18:58:11.508276300Z, fieldErrors={code=BUSINESS_RULE_VIOLATION}, details=null)
2026-04-05 00:34:58 ERROR [http-nio-8080-exec-5] c.e.E.e.GlobalExceptionHandler - ApplicationException: ErrorResponse(status=422, error=Unprocessable Entity, message=Email already exists, path=/api/v1/auth/register/borrower, timestamp=2026-04-04T19:04:58.241273300Z, fieldErrors={code=BUSINESS_RULE_VIOLATION}, details=null)
2026-04-06 10:40:13 ERROR [http-nio-8080-exec-2] c.e.E.e.GlobalExceptionHandler - ApplicationException: ErrorResponse(status=422, error=Unprocessable Entity, message=Registration failed: A borrower account with this PAN card is already registered., path=/api/v1/auth/register/borrower, timestamp=2026-04-06T05:10:13.343543200Z, fieldErrors={code=BUSINESS_RULE_VIOLATION}, details=null)
2026-04-06 10:43:18 ERROR [http-nio-8080-exec-8] c.e.E.security.JwtTokenProvider - Expired JWT token
2026-04-06 10:43:24 ERROR [http-nio-8080-exec-6] c.e.E.security.JwtTokenProvider - Expired JWT token
2026-04-06 10:44:54 ERROR [http-nio-8080-exec-2] c.e.E.security.JwtTokenProvider - Expired JWT token
2026-04-06 10:50:34 ERROR [http-nio-8080-exec-6] c.e.E.e.GlobalExceptionHandler - AccessDeniedException for URI /api/v1/loan/applications/APP00001/details: Access Denied
2026-04-06 10:51:03 ERROR [http-nio-8080-exec-1] c.e.E.e.GlobalExceptionHandler - ApplicationException: ErrorResponse(status=422, error=Unprocessable Entity, message=Application not found, path=/api/v1/loan/applications/APP00001/details, timestamp=2026-04-06T05:21:03.769766600Z, fieldErrors={code=BUSINESS_RULE_VIOLATION}, details=null)
2026-04-06 10:52:04 ERROR [http-nio-8080-exec-4] c.e.E.e.GlobalExceptionHandler - AccessDeniedException for URI /api/v1/loan/applications/APP000001/details: Access Denied
2026-04-06 12:43:14 ERROR [EmailSender-2] c.e.E.s.impl.NotificationServiceImpl - Failed to send email to odk1572@gmail.com: Mail server connection failed. Failed messages: jakarta.mail.MessagingException: Could not convert socket to TLS;
  nested exception is:
	javax.net.ssl.SSLHandshakeException: Remote host terminated the handshake
2026-04-06 12:59:35 ERROR [http-nio-8080-exec-5] c.e.E.e.GlobalExceptionHandler - ApplicationException: ErrorResponse(status=422, error=Unprocessable Entity, message=Email already exists, path=/api/v1/auth/register/borrower, timestamp=2026-04-06T07:29:35.247891400Z, fieldErrors={code=BUSINESS_RULE_VIOLATION}, details=null)
2026-04-06 12:59:51 ERROR [EmailSender-2] o.s.a.i.SimpleAsyncUncaughtExceptionHandler - Unexpected exception occurred invoking async method: public void com.emiLoan.EMILoan.service.impl.NotificationServiceImpl.sendRegistrationOtp(com.emiLoan.EMILoan.entity.User,java.lang.String)
org.springframework.dao.DataIntegrityViolationException: could not execute statement [ERROR: insert or update on table "notifications" violates foreign key constraint "fk_notif_user"
  Detail: Key (user_id)=(a65cda0f-cc02-4350-8b50-7d6281d7cdb8) is not present in table "users".] [insert into notifications (deleted_at,deleted_by,email,emi_id,is_deleted,loan_id,message,sent_at,status,subject,user_id,notification_id) values (?,?,?,?,?,?,?,?,?,?,?,?)]; SQL [insert into notifications (deleted_at,deleted_by,email,emi_id,is_deleted,loan_id,message,sent_at,status,subject,user_id,notification_id) values (?,?,?,?,?,?,?,?,?,?,?,?)]; constraint [fk_notif_user]
	at org.springframework.orm.jpa.hibernate.HibernateExceptionTranslator.convertHibernateAccessException(HibernateExceptionTranslator.java:169)
	at org.springframework.orm.jpa.hibernate.HibernateExceptionTranslator.convertHibernateAccessException(HibernateExceptionTranslator.java:131)
	at org.springframework.orm.jpa.hibernate.HibernateExceptionTranslator.translateExceptionIfPossible(HibernateExceptionTranslator.java:105)
	at org.springframework.orm.jpa.vendor.HibernateJpaDialect.translateExceptionIfPossible(HibernateJpaDialect.java:223)
	at org.springframework.orm.jpa.JpaTransactionManager.doCommit(JpaTransactionManager.java:557)
	at org.springframework.transaction.support.AbstractPlatformTransactionManager.processCommit(AbstractPlatformTransactionManager.java:794)
	at org.springframework.transaction.support.AbstractPlatformTransactionManager.commit(AbstractPlatformTransactionManager.java:757)
	at org.springframework.transaction.interceptor.TransactionAspectSupport.commitTransactionAfterReturning(TransactionAspectSupport.java:687)
	at org.springframework.transaction.interceptor.TransactionAspectSupport.invokeWithinTransaction(TransactionAspectSupport.java:408)
	at org.springframework.transaction.interceptor.TransactionInterceptor.invoke(TransactionInterceptor.java:130)
	at org.springframework.aop.framework.ReflectiveMethodInvocation.proceed(ReflectiveMethodInvocation.java:179)
	at org.springframework.aop.interceptor.AsyncExecutionInterceptor.lambda$invoke$0(AsyncExecutionInterceptor.java:112)
	at java.base/java.util.concurrent.FutureTask.run$$$capture(FutureTask.java:317)
	at java.base/java.util.concurrent.FutureTask.run(FutureTask.java)
	at java.base/java.util.concurrent.ThreadPoolExecutor.runWorker(ThreadPoolExecutor.java:1144)
	at java.base/java.util.concurrent.ThreadPoolExecutor$Worker.run(ThreadPoolExecutor.java:642)
	at java.base/java.lang.Thread.run(Thread.java:1583)
Caused by: org.hibernate.exception.ConstraintViolationException: could not execute statement [ERROR: insert or update on table "notifications" violates foreign key constraint "fk_notif_user"
  Detail: Key (user_id)=(a65cda0f-cc02-4350-8b50-7d6281d7cdb8) is not present in table "users".] [insert into notifications (deleted_at,deleted_by,email,emi_id,is_deleted,loan_id,message,sent_at,status,subject,user_id,notification_id) values (?,?,?,?,?,?,?,?,?,?,?,?)]
	at org.hibernate.exception.internal.SQLStateConversionDelegate.convert(SQLStateConversionDelegate.java:73)
	at org.hibernate.exception.internal.StandardSQLExceptionConverter.convert(StandardSQLExceptionConverter.java:34)
	at org.hibernate.engine.jdbc.spi.SqlExceptionHelper.convert(SqlExceptionHelper.java:115)
	at org.hibernate.engine.jdbc.internal.ResultSetReturnImpl.executeUpdate(ResultSetReturnImpl.java:184)
	at org.hibernate.engine.jdbc.mutation.internal.AbstractMutationExecutor.performNonBatchedMutation(AbstractMutationExecutor.java:145)
	at org.hibernate.engine.jdbc.mutation.internal.MutationExecutorSingleNonBatched.performNonBatchedOperations(MutationExecutorSingleNonBatched.java:53)
	at org.hibernate.engine.jdbc.mutation.internal.AbstractMutationExecutor.execute(AbstractMutationExecutor.java:66)
	at org.hibernate.engine.jdbc.mutation.internal.AbstractMutationExecutor.execute(AbstractMutationExecutor.java:55)
	at org.hibernate.persister.entity.mutation.InsertCoordinatorStandard.doStaticInserts(InsertCoordinatorStandard.java:180)
	at org.hibernate.persister.entity.mutation.InsertCoordinatorStandard.coordinateInsert(InsertCoordinatorStandard.java:120)
	at org.hibernate.persister.entity.mutation.InsertCoordinatorStandard.insert(InsertCoordinatorStandard.java:93)
	at org.hibernate.action.internal.EntityInsertAction.execute(EntityInsertAction.java:108)
	at org.hibernate.engine.spi.ActionQueue.executeActions(ActionQueue.java:634)
	at org.hibernate.engine.spi.ActionQueue.executeActions(ActionQueue.java:505)
	at org.hibernate.event.internal.AbstractFlushingEventListener.performExecutions(AbstractFlushingEventListener.java:381)
	at org.hibernate.event.internal.DefaultFlushEventListener.onFlush(DefaultFlushEventListener.java:40)
	at org.hibernate.event.service.internal.EventListenerGroupImpl.fireEventOnEachListener(EventListenerGroupImpl.java:138)
	at org.hibernate.internal.SessionImpl.fireFlush(SessionImpl.java:1484)
	at org.hibernate.internal.SessionImpl.managedFlush(SessionImpl.java:481)
	at org.hibernate.internal.SessionImpl.flushBeforeTransactionCompletion(SessionImpl.java:2111)
	at org.hibernate.internal.SessionImpl.beforeTransactionCompletion(SessionImpl.java:2033)
	at org.hibernate.engine.jdbc.internal.JdbcCoordinatorImpl.beforeTransactionCompletion(JdbcCoordinatorImpl.java:410)
	at org.hibernate.resource.transaction.backend.jdbc.internal.JdbcResourceLocalTransactionCoordinatorImpl.beforeCompletionCallback(JdbcResourceLocalTransactionCoordinatorImpl.java:166)
	at org.hibernate.resource.transaction.backend.jdbc.internal.JdbcResourceLocalTransactionCoordinatorImpl$TransactionDriverControlImpl.commitNoRollbackOnly(JdbcResourceLocalTransactionCoordinatorImpl.java:248)
	at org.hibernate.resource.transaction.backend.jdbc.internal.JdbcResourceLocalTransactionCoordinatorImpl$TransactionDriverControlImpl.commit(JdbcResourceLocalTransactionCoordinatorImpl.java:242)
	at org.hibernate.engine.transaction.internal.TransactionImpl.commit(TransactionImpl.java:89)
	at org.springframework.orm.jpa.JpaTransactionManager.doCommit(JpaTransactionManager.java:553)
	... 12 common frames omitted
Caused by: org.postgresql.util.PSQLException: ERROR: insert or update on table "notifications" violates foreign key constraint "fk_notif_user"
  Detail: Key (user_id)=(a65cda0f-cc02-4350-8b50-7d6281d7cdb8) is not present in table "users".
	at org.postgresql.core.v3.QueryExecutorImpl.receiveErrorResponse(QueryExecutorImpl.java:2875)
	at org.postgresql.core.v3.QueryExecutorImpl.processResults(QueryExecutorImpl.java:2560)
	at org.postgresql.core.v3.QueryExecutorImpl.execute(QueryExecutorImpl.java:429)
	at org.postgresql.jdbc.PgStatement.executeInternal(PgStatement.java:526)
	at org.postgresql.jdbc.PgStatement.execute(PgStatement.java:436)
	at org.postgresql.jdbc.PgPreparedStatement.executeWithFlags(PgPreparedStatement.java:196)
	at org.postgresql.jdbc.PgPreparedStatement.executeUpdate(PgPreparedStatement.java:157)
	at com.zaxxer.hikari.pool.ProxyPreparedStatement.executeUpdate(ProxyPreparedStatement.java:61)
	at com.zaxxer.hikari.pool.HikariProxyPreparedStatement.executeUpdate(HikariProxyPreparedStatement.java)
	at org.hibernate.engine.jdbc.internal.ResultSetReturnImpl.executeUpdate(ResultSetReturnImpl.java:181)
	... 35 common frames omitted
2026-04-06 13:13:35 ERROR [http-nio-8080-exec-5] c.e.E.e.GlobalExceptionHandler - ApplicationException: ErrorResponse(status=422, error=Unprocessable Entity, message=No OTP found for this email., path=/api/v1/auth/verify-login, timestamp=2026-04-06T07:43:35.823326400Z, fieldErrors={code=BUSINESS_RULE_VIOLATION}, details=null)
2026-04-06 17:45:52 ERROR [EmailSender-1] c.e.E.s.impl.NotificationServiceImpl - Failed to send email to odk1572@gmail.com: Mail server connection failed. Failed messages: org.eclipse.angus.mail.util.MailConnectException: Couldn't connect to host, port: smtp.gmail.com, 587; timeout -1;
  nested exception is:
	java.net.UnknownHostException: smtp.gmail.com
