2026-03-31 17:22:03 INFO  [main] c.emiLoan.EMILoan.EmiLoanApplication - Starting EmiLoanApplication using Java 21.0.10 with PID 20544 (C:\Users\om.kariya\Documents\EMILoan\EMILoan\target\classes started by Om.Kariya in C:\Users\om.kariya\Documents\EMILoan)
2026-03-31 17:22:03 INFO  [main] c.emiLoan.EMILoan.EmiLoanApplication - No active profile set, falling back to 1 default profile: "default"
2026-03-31 17:22:05 INFO  [main] o.s.d.r.c.RepositoryConfigurationDelegate - Bootstrapping Spring Data JPA repositories in DEFAULT mode.
2026-03-31 17:22:05 INFO  [main] o.s.d.r.c.RepositoryConfigurationDelegate - Finished Spring Data repository scanning in 168 ms. Found 12 JPA repository interfaces.
2026-03-31 17:22:07 INFO  [main] o.s.boot.tomcat.TomcatWebServer - Tomcat initialized with port 8080 (http)
2026-03-31 17:22:07 INFO  [main] o.a.coyote.http11.Http11NioProtocol - Initializing ProtocolHandler ["http-nio-8080"]
2026-03-31 17:22:07 INFO  [main] o.a.catalina.core.StandardService - Starting service [Tomcat]
2026-03-31 17:22:07 INFO  [main] o.a.catalina.core.StandardEngine - Starting Servlet engine: [Apache Tomcat/11.0.18]
2026-03-31 17:22:07 INFO  [main] o.s.b.w.c.s.WebApplicationContextInitializer - Root WebApplicationContext: initialization completed in 3804 ms
2026-03-31 17:22:07 INFO  [main] com.zaxxer.hikari.HikariDataSource - HikariPool-1 - Starting...
2026-03-31 17:22:08 INFO  [main] com.zaxxer.hikari.pool.HikariPool - HikariPool-1 - Added connection org.postgresql.jdbc.PgConnection@4a04ca74
2026-03-31 17:22:08 INFO  [main] com.zaxxer.hikari.HikariDataSource - HikariPool-1 - Start completed.
2026-03-31 17:22:08 INFO  [main] org.flywaydb.core.FlywayExecutor - Database: jdbc:postgresql://localhost:5432/emi_scheduler (PostgreSQL 18.3)
2026-03-31 17:22:08 INFO  [main] o.f.core.internal.command.DbValidate - Successfully validated 2 migrations (execution time 00:00.055s)
2026-03-31 17:22:08 INFO  [main] o.f.core.internal.command.DbMigrate - Current version of schema "public": 2
2026-03-31 17:22:08 INFO  [main] o.f.core.internal.command.DbMigrate - Schema "public" is up to date. No migration necessary.
2026-03-31 17:22:10 INFO  [main] o.s.o.j.p.SpringPersistenceUnitInfo - No LoadTimeWeaver setup: ignoring JPA class transformer
2026-03-31 17:22:14 INFO  [main] o.s.o.j.LocalContainerEntityManagerFactoryBean - Initialized JPA EntityManagerFactory for persistence unit 'default'
2026-03-31 17:22:14 INFO  [main] o.s.d.j.r.q.QueryEnhancerFactories - Hibernate is in classpath; If applicable, HQL parser will be used.
2026-03-31 17:22:16 INFO  [main] o.s.s.c.a.a.c.InitializeAuthenticationProviderBeanManagerConfigurer$InitializeAuthenticationProviderManagerConfigurer - Global AuthenticationManager configured with AuthenticationProvider bean with name authenticationProvider
2026-03-31 17:22:19 INFO  [main] o.a.coyote.http11.Http11NioProtocol - Starting ProtocolHandler ["http-nio-8080"]
2026-03-31 17:22:19 INFO  [main] o.s.boot.tomcat.TomcatWebServer - Tomcat started on port 8080 (http) with context path '/'
2026-03-31 17:22:19 INFO  [main] c.emiLoan.EMILoan.EmiLoanApplication - Started EmiLoanApplication in 17.097 seconds (process running for 18.76)
2026-03-31 17:22:35 INFO  [http-nio-8080-exec-1] o.a.c.c.C.[Tomcat].[localhost].[/] - Initializing Spring DispatcherServlet 'dispatcherServlet'
2026-03-31 17:22:35 INFO  [http-nio-8080-exec-1] o.s.web.servlet.DispatcherServlet - Initializing Servlet 'dispatcherServlet'
2026-03-31 17:22:35 INFO  [http-nio-8080-exec-1] o.s.web.servlet.DispatcherServlet - Completed initialization in 2 ms
2026-03-31 17:22:36 INFO  [http-nio-8080-exec-1] c.e.E.controller.auth.AuthController - Login request: om.kariya@tssconsultancy.com
2026-03-31 17:22:44 INFO  [task-1] c.e.E.s.impl.NotificationServiceImpl - Email successfully sent to om.kariya@tssconsultancy.com
2026-03-31 22:23:41 INFO  [SpringApplicationShutdownHook] o.s.boot.tomcat.GracefulShutdown - Commencing graceful shutdown. Waiting for active requests to complete
2026-03-31 22:23:41 INFO  [tomcat-shutdown] o.s.boot.tomcat.GracefulShutdown - Graceful shutdown complete
2026-03-31 22:23:41 INFO  [SpringApplicationShutdownHook] o.s.o.j.LocalContainerEntityManagerFactoryBean - Closing JPA EntityManagerFactory for persistence unit 'default'
2026-03-31 22:23:42 INFO  [SpringApplicationShutdownHook] com.zaxxer.hikari.HikariDataSource - HikariPool-1 - Shutdown initiated...
2026-03-31 22:23:42 INFO  [SpringApplicationShutdownHook] com.zaxxer.hikari.HikariDataSource - HikariPool-1 - Shutdown completed.
2026-03-31 22:23:59 INFO  [main] c.emiLoan.EMILoan.EmiLoanApplication - Starting EmiLoanApplication using Java 21.0.10 with PID 24392 (C:\Users\om.kariya\Documents\EMILoan\EMILoan\target\classes started by Om.Kariya in C:\Users\om.kariya\Documents\EMILoan)
2026-03-31 22:23:59 INFO  [main] c.emiLoan.EMILoan.EmiLoanApplication - No active profile set, falling back to 1 default profile: "default"
2026-03-31 22:24:00 INFO  [main] o.s.d.r.c.RepositoryConfigurationDelegate - Bootstrapping Spring Data JPA repositories in DEFAULT mode.
2026-03-31 22:24:00 INFO  [main] o.s.d.r.c.RepositoryConfigurationDelegate - Finished Spring Data repository scanning in 143 ms. Found 12 JPA repository interfaces.
2026-03-31 22:24:01 INFO  [main] o.s.boot.tomcat.TomcatWebServer - Tomcat initialized with port 8080 (http)
2026-03-31 22:24:01 INFO  [main] o.a.coyote.http11.Http11NioProtocol - Initializing ProtocolHandler ["http-nio-8080"]
2026-03-31 22:24:01 INFO  [main] o.a.catalina.core.StandardService - Starting service [Tomcat]
2026-03-31 22:24:01 INFO  [main] o.a.catalina.core.StandardEngine - Starting Servlet engine: [Apache Tomcat/11.0.18]
2026-03-31 22:24:01 INFO  [main] o.s.b.w.c.s.WebApplicationContextInitializer - Root WebApplicationContext: initialization completed in 2783 ms
2026-03-31 22:24:02 INFO  [main] com.zaxxer.hikari.HikariDataSource - HikariPool-1 - Starting...
2026-03-31 22:24:02 INFO  [main] com.zaxxer.hikari.pool.HikariPool - HikariPool-1 - Added connection org.postgresql.jdbc.PgConnection@37d6dddc
2026-03-31 22:24:02 INFO  [main] com.zaxxer.hikari.HikariDataSource - HikariPool-1 - Start completed.
2026-03-31 22:24:02 INFO  [main] org.flywaydb.core.FlywayExecutor - Database: jdbc:postgresql://localhost:5432/emi_scheduler (PostgreSQL 18.3)
2026-03-31 22:24:02 INFO  [main] o.f.core.internal.command.DbValidate - Successfully validated 2 migrations (execution time 00:00.042s)
2026-03-31 22:24:02 INFO  [main] o.f.core.internal.command.DbMigrate - Current version of schema "public": 2
2026-03-31 22:24:02 INFO  [main] o.f.core.internal.command.DbMigrate - Schema "public" is up to date. No migration necessary.
2026-03-31 22:24:04 INFO  [main] o.s.o.j.p.SpringPersistenceUnitInfo - No LoadTimeWeaver setup: ignoring JPA class transformer
2026-03-31 22:24:06 INFO  [main] o.s.o.j.LocalContainerEntityManagerFactoryBean - Initialized JPA EntityManagerFactory for persistence unit 'default'
2026-03-31 22:24:06 INFO  [main] o.s.d.j.r.q.QueryEnhancerFactories - Hibernate is in classpath; If applicable, HQL parser will be used.
2026-03-31 22:24:07 INFO  [main] o.s.s.c.a.a.c.InitializeAuthenticationProviderBeanManagerConfigurer$InitializeAuthenticationProviderManagerConfigurer - Global AuthenticationManager configured with AuthenticationProvider bean with name authenticationProvider
2026-03-31 22:24:09 INFO  [main] o.a.coyote.http11.Http11NioProtocol - Starting ProtocolHandler ["http-nio-8080"]
2026-03-31 22:24:09 INFO  [main] o.s.boot.tomcat.TomcatWebServer - Tomcat started on port 8080 (http) with context path '/'
2026-03-31 22:24:09 INFO  [main] c.emiLoan.EMILoan.EmiLoanApplication - Started EmiLoanApplication in 11.682 seconds (process running for 12.954)
2026-03-31 22:38:17 INFO  [SpringApplicationShutdownHook] o.s.boot.tomcat.GracefulShutdown - Commencing graceful shutdown. Waiting for active requests to complete
2026-03-31 22:38:17 INFO  [tomcat-shutdown] o.s.boot.tomcat.GracefulShutdown - Graceful shutdown complete
2026-03-31 22:38:17 INFO  [SpringApplicationShutdownHook] o.s.o.j.LocalContainerEntityManagerFactoryBean - Closing JPA EntityManagerFactory for persistence unit 'default'
2026-03-31 22:38:17 INFO  [SpringApplicationShutdownHook] com.zaxxer.hikari.HikariDataSource - HikariPool-1 - Shutdown initiated...
2026-03-31 22:38:17 INFO  [SpringApplicationShutdownHook] com.zaxxer.hikari.HikariDataSource - HikariPool-1 - Shutdown completed.
2026-03-31 22:38:28 INFO  [main] c.emiLoan.EMILoan.EmiLoanApplication - Starting EmiLoanApplication using Java 21.0.10 with PID 25448 (C:\Users\om.kariya\Documents\EMILoan\EMILoan\target\classes started by Om.Kariya in C:\Users\om.kariya\Documents\EMILoan)
2026-03-31 22:38:28 INFO  [main] c.emiLoan.EMILoan.EmiLoanApplication - No active profile set, falling back to 1 default profile: "default"
2026-03-31 22:38:31 INFO  [main] o.s.d.r.c.RepositoryConfigurationDelegate - Bootstrapping Spring Data JPA repositories in DEFAULT mode.
2026-03-31 22:38:31 INFO  [main] o.s.d.r.c.RepositoryConfigurationDelegate - Finished Spring Data repository scanning in 408 ms. Found 12 JPA repository interfaces.
2026-03-31 22:38:33 INFO  [main] o.s.boot.tomcat.TomcatWebServer - Tomcat initialized with port 8080 (http)
2026-03-31 22:38:33 INFO  [main] o.a.coyote.http11.Http11NioProtocol - Initializing ProtocolHandler ["http-nio-8080"]
2026-03-31 22:38:33 INFO  [main] o.a.catalina.core.StandardService - Starting service [Tomcat]
2026-03-31 22:38:33 INFO  [main] o.a.catalina.core.StandardEngine - Starting Servlet engine: [Apache Tomcat/11.0.18]
2026-03-31 22:38:33 INFO  [main] o.s.b.w.c.s.WebApplicationContextInitializer - Root WebApplicationContext: initialization completed in 4582 ms
2026-03-31 22:38:33 INFO  [main] com.zaxxer.hikari.HikariDataSource - HikariPool-1 - Starting...
2026-03-31 22:38:34 INFO  [main] com.zaxxer.hikari.pool.HikariPool - HikariPool-1 - Added connection org.postgresql.jdbc.PgConnection@734f8317
2026-03-31 22:38:34 INFO  [main] com.zaxxer.hikari.HikariDataSource - HikariPool-1 - Start completed.
2026-03-31 22:38:34 INFO  [main] org.flywaydb.core.FlywayExecutor - Database: jdbc:postgresql://localhost:5432/emi_scheduler (PostgreSQL 18.3)
2026-03-31 22:38:34 INFO  [main] o.f.core.internal.command.DbValidate - Successfully validated 2 migrations (execution time 00:00.051s)
2026-03-31 22:38:35 INFO  [main] o.f.core.internal.command.DbMigrate - Current version of schema "public": 2
2026-03-31 22:38:35 INFO  [main] o.f.core.internal.command.DbMigrate - Schema "public" is up to date. No migration necessary.
2026-03-31 22:38:37 INFO  [main] o.s.o.j.p.SpringPersistenceUnitInfo - No LoadTimeWeaver setup: ignoring JPA class transformer
2026-03-31 22:38:39 INFO  [main] o.s.o.j.LocalContainerEntityManagerFactoryBean - Initialized JPA EntityManagerFactory for persistence unit 'default'
2026-03-31 22:38:39 INFO  [main] o.s.d.j.r.q.QueryEnhancerFactories - Hibernate is in classpath; If applicable, HQL parser will be used.
2026-03-31 22:38:40 INFO  [main] o.s.o.j.LocalContainerEntityManagerFactoryBean - Closing JPA EntityManagerFactory for persistence unit 'default'
2026-03-31 22:38:40 INFO  [main] com.zaxxer.hikari.HikariDataSource - HikariPool-1 - Shutdown initiated...
2026-03-31 22:38:40 INFO  [main] com.zaxxer.hikari.HikariDataSource - HikariPool-1 - Shutdown completed.
2026-03-31 22:38:40 INFO  [main] o.a.catalina.core.StandardService - Stopping service [Tomcat]
2026-03-31 22:38:40 INFO  [main] o.s.b.a.l.ConditionEvaluationReportLogger - 

Error starting ApplicationContext. To display the condition evaluation report re-run your application with 'debug' enabled.
2026-03-31 22:41:11 INFO  [main] c.emiLoan.EMILoan.EmiLoanApplication - Starting EmiLoanApplication using Java 21.0.10 with PID 25508 (C:\Users\om.kariya\Documents\EMILoan\EMILoan\target\classes started by Om.Kariya in C:\Users\om.kariya\Documents\EMILoan)
2026-03-31 22:41:11 INFO  [main] c.emiLoan.EMILoan.EmiLoanApplication - No active profile set, falling back to 1 default profile: "default"
2026-03-31 22:41:14 INFO  [main] o.s.d.r.c.RepositoryConfigurationDelegate - Bootstrapping Spring Data JPA repositories in DEFAULT mode.
2026-03-31 22:41:14 INFO  [main] o.s.d.r.c.RepositoryConfigurationDelegate - Finished Spring Data repository scanning in 302 ms. Found 12 JPA repository interfaces.
2026-03-31 22:41:16 INFO  [main] o.s.boot.tomcat.TomcatWebServer - Tomcat initialized with port 8080 (http)
2026-03-31 22:41:16 INFO  [main] o.a.coyote.http11.Http11NioProtocol - Initializing ProtocolHandler ["http-nio-8080"]
2026-03-31 22:41:16 INFO  [main] o.a.catalina.core.StandardService - Starting service [Tomcat]
2026-03-31 22:41:16 INFO  [main] o.a.catalina.core.StandardEngine - Starting Servlet engine: [Apache Tomcat/11.0.18]
2026-03-31 22:41:16 INFO  [main] o.s.b.w.c.s.WebApplicationContextInitializer - Root WebApplicationContext: initialization completed in 5229 ms
2026-03-31 22:41:17 INFO  [main] com.zaxxer.hikari.HikariDataSource - HikariPool-1 - Starting...
2026-03-31 22:41:17 INFO  [main] com.zaxxer.hikari.pool.HikariPool - HikariPool-1 - Added connection org.postgresql.jdbc.PgConnection@74cd798f
2026-03-31 22:41:17 INFO  [main] com.zaxxer.hikari.HikariDataSource - HikariPool-1 - Start completed.
2026-03-31 22:41:17 INFO  [main] org.flywaydb.core.FlywayExecutor - Database: jdbc:postgresql://localhost:5432/emi_scheduler (PostgreSQL 18.3)
2026-03-31 22:41:17 INFO  [main] o.f.core.internal.command.DbValidate - Successfully validated 2 migrations (execution time 00:00.040s)
2026-03-31 22:41:18 INFO  [main] o.f.core.internal.command.DbMigrate - Current version of schema "public": 2
2026-03-31 22:41:18 INFO  [main] o.f.core.internal.command.DbMigrate - Schema "public" is up to date. No migration necessary.
2026-03-31 22:41:20 INFO  [main] o.s.o.j.p.SpringPersistenceUnitInfo - No LoadTimeWeaver setup: ignoring JPA class transformer
2026-03-31 22:41:26 INFO  [main] o.s.o.j.LocalContainerEntityManagerFactoryBean - Initialized JPA EntityManagerFactory for persistence unit 'default'
2026-03-31 22:41:26 INFO  [main] o.s.d.j.r.q.QueryEnhancerFactories - Hibernate is in classpath; If applicable, HQL parser will be used.
2026-03-31 22:41:28 INFO  [main] o.s.s.c.a.a.c.InitializeAuthenticationProviderBeanManagerConfigurer$InitializeAuthenticationProviderManagerConfigurer - Global AuthenticationManager configured with AuthenticationProvider bean with name authenticationProvider
2026-03-31 22:41:32 INFO  [main] o.a.coyote.http11.Http11NioProtocol - Starting ProtocolHandler ["http-nio-8080"]
2026-03-31 22:41:33 INFO  [main] o.s.boot.tomcat.TomcatWebServer - Tomcat started on port 8080 (http) with context path '/'
2026-03-31 22:41:33 INFO  [main] c.emiLoan.EMILoan.EmiLoanApplication - Started EmiLoanApplication in 24.293 seconds (process running for 26.159)
2026-03-31 22:49:15 INFO  [SpringApplicationShutdownHook] o.s.boot.tomcat.GracefulShutdown - Commencing graceful shutdown. Waiting for active requests to complete
2026-03-31 22:49:15 INFO  [tomcat-shutdown] o.s.boot.tomcat.GracefulShutdown - Graceful shutdown complete
2026-03-31 22:49:15 INFO  [SpringApplicationShutdownHook] o.s.o.j.LocalContainerEntityManagerFactoryBean - Closing JPA EntityManagerFactory for persistence unit 'default'
2026-03-31 22:49:15 INFO  [SpringApplicationShutdownHook] com.zaxxer.hikari.HikariDataSource - HikariPool-1 - Shutdown initiated...
2026-03-31 22:49:15 INFO  [SpringApplicationShutdownHook] com.zaxxer.hikari.HikariDataSource - HikariPool-1 - Shutdown completed.
2026-03-31 22:49:27 INFO  [main] c.emiLoan.EMILoan.EmiLoanApplication - Starting EmiLoanApplication using Java 21.0.10 with PID 24076 (C:\Users\om.kariya\Documents\EMILoan\EMILoan\target\classes started by Om.Kariya in C:\Users\om.kariya\Documents\EMILoan)
2026-03-31 22:49:27 INFO  [main] c.emiLoan.EMILoan.EmiLoanApplication - No active profile set, falling back to 1 default profile: "default"
2026-03-31 22:49:29 INFO  [main] o.s.d.r.c.RepositoryConfigurationDelegate - Bootstrapping Spring Data JPA repositories in DEFAULT mode.
2026-03-31 22:49:29 INFO  [main] o.s.d.r.c.RepositoryConfigurationDelegate - Finished Spring Data repository scanning in 205 ms. Found 12 JPA repository interfaces.
2026-03-31 22:49:30 INFO  [main] o.s.boot.tomcat.TomcatWebServer - Tomcat initialized with port 8080 (http)
2026-03-31 22:49:30 INFO  [main] o.a.coyote.http11.Http11NioProtocol - Initializing ProtocolHandler ["http-nio-8080"]
2026-03-31 22:49:30 INFO  [main] o.a.catalina.core.StandardService - Starting service [Tomcat]
2026-03-31 22:49:30 INFO  [main] o.a.catalina.core.StandardEngine - Starting Servlet engine: [Apache Tomcat/11.0.18]
2026-03-31 22:49:30 INFO  [main] o.s.b.w.c.s.WebApplicationContextInitializer - Root WebApplicationContext: initialization completed in 3168 ms
2026-03-31 22:49:30 INFO  [main] com.zaxxer.hikari.HikariDataSource - HikariPool-1 - Starting...
2026-03-31 22:49:31 INFO  [main] com.zaxxer.hikari.pool.HikariPool - HikariPool-1 - Added connection org.postgresql.jdbc.PgConnection@6ace919c
2026-03-31 22:49:31 INFO  [main] com.zaxxer.hikari.HikariDataSource - HikariPool-1 - Start completed.
2026-03-31 22:49:31 INFO  [main] org.flywaydb.core.FlywayExecutor - Database: jdbc:postgresql://localhost:5432/emi_scheduler (PostgreSQL 18.3)
2026-03-31 22:49:31 INFO  [main] o.f.core.internal.command.DbValidate - Successfully validated 2 migrations (execution time 00:00.045s)
2026-03-31 22:49:31 INFO  [main] o.f.core.internal.command.DbMigrate - Current version of schema "public": 2
2026-03-31 22:49:31 INFO  [main] o.f.core.internal.command.DbMigrate - Schema "public" is up to date. No migration necessary.
2026-03-31 22:49:33 INFO  [main] o.s.o.j.p.SpringPersistenceUnitInfo - No LoadTimeWeaver setup: ignoring JPA class transformer
2026-03-31 22:49:35 INFO  [main] o.s.o.j.LocalContainerEntityManagerFactoryBean - Initialized JPA EntityManagerFactory for persistence unit 'default'
2026-03-31 22:49:35 INFO  [main] o.s.d.j.r.q.QueryEnhancerFactories - Hibernate is in classpath; If applicable, HQL parser will be used.
2026-03-31 22:49:36 INFO  [main] o.s.s.c.a.a.c.InitializeAuthenticationProviderBeanManagerConfigurer$InitializeAuthenticationProviderManagerConfigurer - Global AuthenticationManager configured with AuthenticationProvider bean with name authenticationProvider
2026-03-31 22:49:40 INFO  [main] o.a.coyote.http11.Http11NioProtocol - Starting ProtocolHandler ["http-nio-8080"]
2026-03-31 22:49:40 INFO  [main] o.s.boot.tomcat.TomcatWebServer - Tomcat started on port 8080 (http) with context path '/'
2026-03-31 22:49:40 INFO  [main] c.emiLoan.EMILoan.EmiLoanApplication - Started EmiLoanApplication in 14.058 seconds (process running for 15.442)
2026-03-31 23:25:19 INFO  [SpringApplicationShutdownHook] o.s.boot.tomcat.GracefulShutdown - Commencing graceful shutdown. Waiting for active requests to complete
2026-03-31 23:25:19 INFO  [tomcat-shutdown] o.s.boot.tomcat.GracefulShutdown - Graceful shutdown complete
2026-03-31 23:25:19 INFO  [SpringApplicationShutdownHook] o.s.o.j.LocalContainerEntityManagerFactoryBean - Closing JPA EntityManagerFactory for persistence unit 'default'
2026-03-31 23:25:19 INFO  [SpringApplicationShutdownHook] com.zaxxer.hikari.HikariDataSource - HikariPool-1 - Shutdown initiated...
2026-03-31 23:25:19 INFO  [SpringApplicationShutdownHook] com.zaxxer.hikari.HikariDataSource - HikariPool-1 - Shutdown completed.
2026-03-31 23:25:34 INFO  [main] c.emiLoan.EMILoan.EmiLoanApplication - Starting EmiLoanApplication using Java 21.0.10 with PID 16772 (C:\Users\om.kariya\Documents\EMILoan\EMILoan\target\classes started by Om.Kariya in C:\Users\om.kariya\Documents\EMILoan)
2026-03-31 23:25:34 INFO  [main] c.emiLoan.EMILoan.EmiLoanApplication - No active profile set, falling back to 1 default profile: "default"
2026-03-31 23:25:36 INFO  [main] o.s.d.r.c.RepositoryConfigurationDelegate - Bootstrapping Spring Data JPA repositories in DEFAULT mode.
2026-03-31 23:25:36 INFO  [main] o.s.d.r.c.RepositoryConfigurationDelegate - Finished Spring Data repository scanning in 205 ms. Found 12 JPA repository interfaces.
2026-03-31 23:25:37 INFO  [main] o.s.boot.tomcat.TomcatWebServer - Tomcat initialized with port 8080 (http)
2026-03-31 23:25:38 INFO  [main] o.a.coyote.http11.Http11NioProtocol - Initializing ProtocolHandler ["http-nio-8080"]
2026-03-31 23:25:38 INFO  [main] o.a.catalina.core.StandardService - Starting service [Tomcat]
2026-03-31 23:25:38 INFO  [main] o.a.catalina.core.StandardEngine - Starting Servlet engine: [Apache Tomcat/11.0.18]
2026-03-31 23:25:38 INFO  [main] o.s.b.w.c.s.WebApplicationContextInitializer - Root WebApplicationContext: initialization completed in 3688 ms
2026-03-31 23:25:38 INFO  [main] com.zaxxer.hikari.HikariDataSource - HikariPool-1 - Starting...
2026-03-31 23:25:38 INFO  [main] com.zaxxer.hikari.pool.HikariPool - HikariPool-1 - Added connection org.postgresql.jdbc.PgConnection@37d6dddc
2026-03-31 23:25:38 INFO  [main] com.zaxxer.hikari.HikariDataSource - HikariPool-1 - Start completed.
2026-03-31 23:25:38 INFO  [main] org.flywaydb.core.FlywayExecutor - Database: jdbc:postgresql://localhost:5432/emi_scheduler (PostgreSQL 18.3)
2026-03-31 23:25:39 INFO  [main] o.f.core.internal.command.DbValidate - Successfully validated 2 migrations (execution time 00:00.036s)
2026-03-31 23:25:39 INFO  [main] o.f.core.internal.command.DbMigrate - Current version of schema "public": 2
2026-03-31 23:25:39 INFO  [main] o.f.core.internal.command.DbMigrate - Schema "public" is up to date. No migration necessary.
2026-03-31 23:25:40 INFO  [main] o.s.o.j.p.SpringPersistenceUnitInfo - No LoadTimeWeaver setup: ignoring JPA class transformer
2026-03-31 23:25:42 INFO  [main] o.s.o.j.LocalContainerEntityManagerFactoryBean - Initialized JPA EntityManagerFactory for persistence unit 'default'
2026-03-31 23:25:42 INFO  [main] o.s.d.j.r.q.QueryEnhancerFactories - Hibernate is in classpath; If applicable, HQL parser will be used.
2026-03-31 23:25:43 INFO  [main] o.s.s.c.a.a.c.InitializeAuthenticationProviderBeanManagerConfigurer$InitializeAuthenticationProviderManagerConfigurer - Global AuthenticationManager configured with AuthenticationProvider bean with name authenticationProvider
2026-03-31 23:25:44 INFO  [main] o.s.o.j.LocalContainerEntityManagerFactoryBean - Closing JPA EntityManagerFactory for persistence unit 'default'
2026-03-31 23:25:44 INFO  [main] com.zaxxer.hikari.HikariDataSource - HikariPool-1 - Shutdown initiated...
2026-03-31 23:25:44 INFO  [main] com.zaxxer.hikari.HikariDataSource - HikariPool-1 - Shutdown completed.
2026-03-31 23:25:44 INFO  [main] o.a.catalina.core.StandardService - Stopping service [Tomcat]
2026-03-31 23:25:44 INFO  [main] o.s.b.a.l.ConditionEvaluationReportLogger - 

Error starting ApplicationContext. To display the condition evaluation report re-run your application with 'debug' enabled.
2026-03-31 23:29:22 INFO  [main] c.emiLoan.EMILoan.EmiLoanApplication - Starting EmiLoanApplication using Java 21.0.10 with PID 12784 (C:\Users\om.kariya\Documents\EMILoan\EMILoan\target\classes started by Om.Kariya in C:\Users\om.kariya\Documents\EMILoan)
2026-03-31 23:29:22 INFO  [main] c.emiLoan.EMILoan.EmiLoanApplication - No active profile set, falling back to 1 default profile: "default"
2026-03-31 23:29:24 INFO  [main] o.s.d.r.c.RepositoryConfigurationDelegate - Bootstrapping Spring Data JPA repositories in DEFAULT mode.
2026-03-31 23:29:24 INFO  [main] o.s.d.r.c.RepositoryConfigurationDelegate - Finished Spring Data repository scanning in 147 ms. Found 12 JPA repository interfaces.
2026-03-31 23:29:25 INFO  [main] o.s.boot.tomcat.TomcatWebServer - Tomcat initialized with port 8080 (http)
2026-03-31 23:29:25 INFO  [main] o.a.coyote.http11.Http11NioProtocol - Initializing ProtocolHandler ["http-nio-8080"]
2026-03-31 23:29:25 INFO  [main] o.a.catalina.core.StandardService - Starting service [Tomcat]
2026-03-31 23:29:25 INFO  [main] o.a.catalina.core.StandardEngine - Starting Servlet engine: [Apache Tomcat/11.0.18]
2026-03-31 23:29:25 INFO  [main] o.s.b.w.c.s.WebApplicationContextInitializer - Root WebApplicationContext: initialization completed in 2934 ms
2026-03-31 23:29:26 INFO  [main] com.zaxxer.hikari.HikariDataSource - HikariPool-1 - Starting...
2026-03-31 23:29:26 INFO  [main] com.zaxxer.hikari.pool.HikariPool - HikariPool-1 - Added connection org.postgresql.jdbc.PgConnection@74cd798f
2026-03-31 23:29:26 INFO  [main] com.zaxxer.hikari.HikariDataSource - HikariPool-1 - Start completed.
2026-03-31 23:29:26 INFO  [main] org.flywaydb.core.FlywayExecutor - Database: jdbc:postgresql://localhost:5432/emi_scheduler (PostgreSQL 18.3)
2026-03-31 23:29:26 INFO  [main] o.f.core.internal.command.DbValidate - Successfully validated 2 migrations (execution time 00:00.049s)
2026-03-31 23:29:27 INFO  [main] o.f.core.internal.command.DbMigrate - Current version of schema "public": 2
2026-03-31 23:29:27 INFO  [main] o.f.core.internal.command.DbMigrate - Schema "public" is up to date. No migration necessary.
2026-03-31 23:29:28 INFO  [main] o.s.o.j.p.SpringPersistenceUnitInfo - No LoadTimeWeaver setup: ignoring JPA class transformer
2026-03-31 23:29:30 INFO  [main] o.s.o.j.LocalContainerEntityManagerFactoryBean - Initialized JPA EntityManagerFactory for persistence unit 'default'
2026-03-31 23:29:31 INFO  [main] o.s.d.j.r.q.QueryEnhancerFactories - Hibernate is in classpath; If applicable, HQL parser will be used.
2026-03-31 23:29:32 INFO  [main] o.s.s.c.a.a.c.InitializeAuthenticationProviderBeanManagerConfigurer$InitializeAuthenticationProviderManagerConfigurer - Global AuthenticationManager configured with AuthenticationProvider bean with name authenticationProvider
2026-03-31 23:29:34 INFO  [main] o.a.coyote.http11.Http11NioProtocol - Starting ProtocolHandler ["http-nio-8080"]
2026-03-31 23:29:34 INFO  [main] o.s.boot.tomcat.TomcatWebServer - Tomcat started on port 8080 (http) with context path '/'
2026-03-31 23:29:34 INFO  [main] c.emiLoan.EMILoan.EmiLoanApplication - Started EmiLoanApplication in 12.904 seconds (process running for 14.248)
2026-03-31 23:34:09 INFO  [SpringApplicationShutdownHook] o.s.boot.tomcat.GracefulShutdown - Commencing graceful shutdown. Waiting for active requests to complete
2026-03-31 23:34:09 INFO  [tomcat-shutdown] o.s.boot.tomcat.GracefulShutdown - Graceful shutdown complete
2026-03-31 23:34:09 INFO  [SpringApplicationShutdownHook] o.s.o.j.LocalContainerEntityManagerFactoryBean - Closing JPA EntityManagerFactory for persistence unit 'default'
2026-03-31 23:34:09 INFO  [SpringApplicationShutdownHook] com.zaxxer.hikari.HikariDataSource - HikariPool-1 - Shutdown initiated...
2026-03-31 23:34:09 INFO  [SpringApplicationShutdownHook] com.zaxxer.hikari.HikariDataSource - HikariPool-1 - Shutdown completed.
2026-03-31 23:34:41 INFO  [main] c.emiLoan.EMILoan.EmiLoanApplication - Starting EmiLoanApplication using Java 21.0.10 with PID 13528 (C:\Users\om.kariya\Documents\EMILoan\EMILoan\target\classes started by Om.Kariya in C:\Users\om.kariya\Documents\EMILoan)
2026-03-31 23:34:41 INFO  [main] c.emiLoan.EMILoan.EmiLoanApplication - No active profile set, falling back to 1 default profile: "default"
2026-03-31 23:34:43 INFO  [main] o.s.d.r.c.RepositoryConfigurationDelegate - Bootstrapping Spring Data JPA repositories in DEFAULT mode.
2026-03-31 23:34:43 INFO  [main] o.s.d.r.c.RepositoryConfigurationDelegate - Finished Spring Data repository scanning in 172 ms. Found 12 JPA repository interfaces.
2026-03-31 23:34:44 INFO  [main] o.s.boot.tomcat.TomcatWebServer - Tomcat initialized with port 8080 (http)
2026-03-31 23:34:44 INFO  [main] o.a.coyote.http11.Http11NioProtocol - Initializing ProtocolHandler ["http-nio-8080"]
2026-03-31 23:34:44 INFO  [main] o.a.catalina.core.StandardService - Starting service [Tomcat]
2026-03-31 23:34:44 INFO  [main] o.a.catalina.core.StandardEngine - Starting Servlet engine: [Apache Tomcat/11.0.18]
2026-03-31 23:34:45 INFO  [main] o.s.b.w.c.s.WebApplicationContextInitializer - Root WebApplicationContext: initialization completed in 3328 ms
2026-03-31 23:34:45 INFO  [main] com.zaxxer.hikari.HikariDataSource - HikariPool-1 - Starting...
2026-03-31 23:34:45 INFO  [main] com.zaxxer.hikari.pool.HikariPool - HikariPool-1 - Added connection org.postgresql.jdbc.PgConnection@2e8b24a1
2026-03-31 23:34:45 INFO  [main] com.zaxxer.hikari.HikariDataSource - HikariPool-1 - Start completed.
2026-03-31 23:34:45 INFO  [main] org.flywaydb.core.FlywayExecutor - Database: jdbc:postgresql://localhost:5432/emi_scheduler (PostgreSQL 18.3)
2026-03-31 23:34:45 INFO  [main] o.f.core.internal.command.DbValidate - Successfully validated 2 migrations (execution time 00:00.037s)
2026-03-31 23:34:46 INFO  [main] o.f.core.internal.command.DbMigrate - Current version of schema "public": 2
2026-03-31 23:34:46 INFO  [main] o.f.core.internal.command.DbMigrate - Schema "public" is up to date. No migration necessary.
2026-03-31 23:34:47 INFO  [main] o.s.o.j.p.SpringPersistenceUnitInfo - No LoadTimeWeaver setup: ignoring JPA class transformer
2026-03-31 23:34:50 INFO  [main] o.s.o.j.LocalContainerEntityManagerFactoryBean - Initialized JPA EntityManagerFactory for persistence unit 'default'
2026-03-31 23:34:51 INFO  [main] o.s.d.j.r.q.QueryEnhancerFactories - Hibernate is in classpath; If applicable, HQL parser will be used.
2026-03-31 23:34:52 INFO  [main] o.s.s.c.a.a.c.InitializeAuthenticationProviderBeanManagerConfigurer$InitializeAuthenticationProviderManagerConfigurer - Global AuthenticationManager configured with AuthenticationProvider bean with name authenticationProvider
2026-03-31 23:34:54 INFO  [main] o.a.coyote.http11.Http11NioProtocol - Starting ProtocolHandler ["http-nio-8080"]
2026-03-31 23:34:54 INFO  [main] o.s.boot.tomcat.TomcatWebServer - Tomcat started on port 8080 (http) with context path '/'
2026-03-31 23:34:54 INFO  [main] c.emiLoan.EMILoan.EmiLoanApplication - Started EmiLoanApplication in 13.903 seconds (process running for 15.332)
